Apr 28, 2016 7:13:59 PM org.apache.catalina.startup.VersionLoggerListener log
INFO: Server version:        Apache Tomcat/7.0.67
Apr 28, 2016 7:13:59 PM org.apache.catalina.startup.VersionLoggerListener log
INFO: Server built:          Dec 7 2015 13:07:11 UTC
Apr 28, 2016 7:13:59 PM org.apache.catalina.startup.VersionLoggerListener log
INFO: Server number:         7.0.67.0
Apr 28, 2016 7:13:59 PM org.apache.catalina.startup.VersionLoggerListener log
INFO: OS Name:               Linux
Apr 28, 2016 7:13:59 PM org.apache.catalina.startup.VersionLoggerListener log
INFO: OS Version:            2.6.32-573.el6.x86_64
Apr 28, 2016 7:13:59 PM org.apache.catalina.startup.VersionLoggerListener log
INFO: Architecture:          amd64
Apr 28, 2016 7:13:59 PM org.apache.catalina.startup.VersionLoggerListener log
INFO: Java Home:             /usr/lib/jvm/java-1.7.0-openjdk-1.7.0.99.x86_64/jre
Apr 28, 2016 7:13:59 PM org.apache.catalina.startup.VersionLoggerListener log
INFO: JVM Version:           1.7.0_99-mockbuild_2016_03_25_02_19-b00
Apr 28, 2016 7:13:59 PM org.apache.catalina.startup.VersionLoggerListener log
INFO: JVM Vendor:            Oracle Corporation
Apr 28, 2016 7:13:59 PM org.apache.catalina.startup.VersionLoggerListener log
INFO: CATALINA_BASE:         /var/local/apache-tomcat-7.0.67
Apr 28, 2016 7:13:59 PM org.apache.catalina.startup.VersionLoggerListener log
INFO: CATALINA_HOME:         /var/local/apache-tomcat-7.0.67
Apr 28, 2016 7:13:59 PM org.apache.catalina.startup.VersionLoggerListener log
INFO: Command line argument: -Djava.util.logging.config.file=/var/local/apache-tomcat-7.0.67/conf/logging.properties
Apr 28, 2016 7:13:59 PM org.apache.catalina.startup.VersionLoggerListener log
INFO: Command line argument: -Djava.util.logging.manager=org.apache.juli.ClassLoaderLogManager
Apr 28, 2016 7:13:59 PM org.apache.catalina.startup.VersionLoggerListener log
INFO: Command line argument: -Djava.endorsed.dirs=/var/local/apache-tomcat-7.0.67/endorsed
Apr 28, 2016 7:13:59 PM org.apache.catalina.startup.VersionLoggerListener log
INFO: Command line argument: -Dcatalina.base=/var/local/apache-tomcat-7.0.67
Apr 28, 2016 7:13:59 PM org.apache.catalina.startup.VersionLoggerListener log
INFO: Command line argument: -Dcatalina.home=/var/local/apache-tomcat-7.0.67
Apr 28, 2016 7:13:59 PM org.apache.catalina.startup.VersionLoggerListener log
INFO: Command line argument: -Djava.io.tmpdir=/var/local/apache-tomcat-7.0.67/temp
Apr 28, 2016 7:13:59 PM org.apache.catalina.core.AprLifecycleListener lifecycleEvent
INFO: The APR based Apache Tomcat Native library which allows optimal performance in production environments was not found on the java.library.path: /usr/java/packages/lib/amd64:/usr/lib64:/lib64:/lib:/usr/lib
Apr 28, 2016 7:14:00 PM org.apache.coyote.AbstractProtocol init
INFO: Initializing ProtocolHandler ["http-bio-8080"]
Apr 28, 2016 7:14:00 PM org.apache.coyote.AbstractProtocol init
INFO: Initializing ProtocolHandler ["ajp-bio-8009"]
Apr 28, 2016 7:14:00 PM org.apache.catalina.startup.Catalina load
INFO: Initialization processed in 3184 ms
Apr 28, 2016 7:14:00 PM org.apache.catalina.core.StandardService startInternal
INFO: Starting service Catalina
Apr 28, 2016 7:14:00 PM org.apache.catalina.core.StandardEngine startInternal
INFO: Starting Servlet Engine: Apache Tomcat/7.0.67
Apr 28, 2016 7:14:00 PM org.apache.catalina.startup.HostConfig deployDirectory
INFO: Deploying web application directory /var/local/apache-tomcat-7.0.67/webapps/host-manager
Apr 28, 2016 7:14:04 PM org.apache.catalina.startup.HostConfig deployDirectory
INFO: Deployment of web application directory /var/local/apache-tomcat-7.0.67/webapps/host-manager has finished in 3,490 ms
Apr 28, 2016 7:14:04 PM org.apache.catalina.startup.HostConfig deployDirectory
INFO: Deploying web application directory /var/local/apache-tomcat-7.0.67/webapps/examples
Apr 28, 2016 7:14:06 PM org.apache.catalina.startup.HostConfig deployDirectory
INFO: Deployment of web application directory /var/local/apache-tomcat-7.0.67/webapps/examples has finished in 2,082 ms
Apr 28, 2016 7:14:06 PM org.apache.catalina.startup.HostConfig deployDirectory
INFO: Deploying web application directory /var/local/apache-tomcat-7.0.67/webapps/docs
Apr 28, 2016 7:14:06 PM org.apache.catalina.startup.HostConfig deployDirectory
INFO: Deployment of web application directory /var/local/apache-tomcat-7.0.67/webapps/docs has finished in 195 ms
Apr 28, 2016 7:14:06 PM org.apache.catalina.startup.HostConfig deployDirectory
INFO: Deploying web application directory /var/local/apache-tomcat-7.0.67/webapps/manager
Apr 28, 2016 7:14:06 PM org.apache.catalina.startup.HostConfig deployDirectory
INFO: Deployment of web application directory /var/local/apache-tomcat-7.0.67/webapps/manager has finished in 293 ms
Apr 28, 2016 7:14:06 PM org.apache.catalina.startup.HostConfig deployDirectory
INFO: Deploying web application directory /var/local/apache-tomcat-7.0.67/webapps/ROOT
Apr 28, 2016 7:14:07 PM org.apache.catalina.startup.HostConfig deployDirectory
INFO: Deployment of web application directory /var/local/apache-tomcat-7.0.67/webapps/ROOT has finished in 321 ms
Apr 28, 2016 7:14:07 PM org.apache.catalina.startup.HostConfig deployDirectory
INFO: Deploying web application directory /var/local/apache-tomcat-7.0.67/webapps/CRM
Apr 28, 2016 7:14:07 PM org.apache.catalina.startup.HostConfig deployDirectory
INFO: Deployment of web application directory /var/local/apache-tomcat-7.0.67/webapps/CRM has finished in 510 ms
Apr 28, 2016 7:14:07 PM org.apache.coyote.AbstractProtocol start
INFO: Starting ProtocolHandler ["http-bio-8080"]
Apr 28, 2016 7:14:07 PM org.apache.coyote.AbstractProtocol start
INFO: Starting ProtocolHandler ["ajp-bio-8009"]
Apr 28, 2016 7:14:07 PM org.apache.catalina.startup.Catalina start
INFO: Server startup in 7263 ms
Apr 28, 2016 7:28:19 PM org.apache.coyote.AbstractProtocol pause
INFO: Pausing ProtocolHandler ["http-bio-8080"]
Apr 28, 2016 7:28:19 PM org.apache.coyote.AbstractProtocol pause
INFO: Pausing ProtocolHandler ["ajp-bio-8009"]
Apr 28, 2016 7:28:19 PM org.apache.catalina.core.StandardService stopInternal
INFO: Stopping service Catalina
Apr 28, 2016 7:28:20 PM org.apache.coyote.AbstractProtocol stop
INFO: Stopping ProtocolHandler ["http-bio-8080"]
Apr 28, 2016 7:28:20 PM org.apache.coyote.AbstractProtocol stop
INFO: Stopping ProtocolHandler ["ajp-bio-8009"]
Apr 28, 2016 7:28:20 PM org.apache.coyote.AbstractProtocol destroy
INFO: Destroying ProtocolHandler ["http-bio-8080"]
Apr 28, 2016 7:28:20 PM org.apache.coyote.AbstractProtocol destroy
INFO: Destroying ProtocolHandler ["ajp-bio-8009"]
Apr 28, 2016 7:32:30 PM org.apache.catalina.startup.VersionLoggerListener log
INFO: Server version:        Apache Tomcat/7.0.67
Apr 28, 2016 7:32:31 PM org.apache.catalina.startup.VersionLoggerListener log
INFO: Server built:          Dec 7 2015 13:07:11 UTC
Apr 28, 2016 7:32:31 PM org.apache.catalina.startup.VersionLoggerListener log
INFO: Server number:         7.0.67.0
Apr 28, 2016 7:32:31 PM org.apache.catalina.startup.VersionLoggerListener log
INFO: OS Name:               Linux
Apr 28, 2016 7:32:31 PM org.apache.catalina.startup.VersionLoggerListener log
INFO: OS Version:            2.6.32-573.22.1.el6.x86_64
Apr 28, 2016 7:32:31 PM org.apache.catalina.startup.VersionLoggerListener log
INFO: Architecture:          amd64
Apr 28, 2016 7:32:31 PM org.apache.catalina.startup.VersionLoggerListener log
INFO: Java Home:             /usr/lib/jvm/java-1.7.0-openjdk-1.7.0.101.x86_64/jre
Apr 28, 2016 7:32:31 PM org.apache.catalina.startup.VersionLoggerListener log
INFO: JVM Version:           1.7.0_101-mockbuild_2016_04_21_13_21-b00
Apr 28, 2016 7:32:31 PM org.apache.catalina.startup.VersionLoggerListener log
INFO: JVM Vendor:            Oracle Corporation
Apr 28, 2016 7:32:31 PM org.apache.catalina.startup.VersionLoggerListener log
INFO: CATALINA_BASE:         /var/local/apache-tomcat-7.0.67
Apr 28, 2016 7:32:31 PM org.apache.catalina.startup.VersionLoggerListener log
INFO: CATALINA_HOME:         /var/local/apache-tomcat-7.0.67
Apr 28, 2016 7:32:31 PM org.apache.catalina.startup.VersionLoggerListener log
INFO: Command line argument: -Djava.util.logging.config.file=/var/local/apache-tomcat-7.0.67/conf/logging.properties
Apr 28, 2016 7:32:31 PM org.apache.catalina.startup.VersionLoggerListener log
INFO: Command line argument: -Djava.util.logging.manager=org.apache.juli.ClassLoaderLogManager
Apr 28, 2016 7:32:31 PM org.apache.catalina.startup.VersionLoggerListener log
INFO: Command line argument: -Djava.endorsed.dirs=/var/local/apache-tomcat-7.0.67/endorsed
Apr 28, 2016 7:32:31 PM org.apache.catalina.startup.VersionLoggerListener log
INFO: Command line argument: -Dcatalina.base=/var/local/apache-tomcat-7.0.67
Apr 28, 2016 7:32:31 PM org.apache.catalina.startup.VersionLoggerListener log
INFO: Command line argument: -Dcatalina.home=/var/local/apache-tomcat-7.0.67
Apr 28, 2016 7:32:31 PM org.apache.catalina.startup.VersionLoggerListener log
INFO: Command line argument: -Djava.io.tmpdir=/var/local/apache-tomcat-7.0.67/temp
Apr 28, 2016 7:32:31 PM org.apache.catalina.core.AprLifecycleListener lifecycleEvent
INFO: The APR based Apache Tomcat Native library which allows optimal performance in production environments was not found on the java.library.path: /usr/java/packages/lib/amd64:/usr/lib64:/lib64:/lib:/usr/lib
Apr 28, 2016 7:32:31 PM org.apache.coyote.AbstractProtocol init
INFO: Initializing ProtocolHandler ["http-bio-8080"]
Apr 28, 2016 7:32:31 PM org.apache.coyote.AbstractProtocol init
INFO: Initializing ProtocolHandler ["ajp-bio-8009"]
Apr 28, 2016 7:32:31 PM org.apache.catalina.startup.Catalina load
INFO: Initialization processed in 3858 ms
Apr 28, 2016 7:32:31 PM org.apache.catalina.core.StandardService startInternal
INFO: Starting service Catalina
Apr 28, 2016 7:32:31 PM org.apache.catalina.core.StandardEngine startInternal
INFO: Starting Servlet Engine: Apache Tomcat/7.0.67
Apr 28, 2016 7:32:32 PM org.apache.catalina.startup.HostConfig deployDirectory
INFO: Deploying web application directory /var/local/apache-tomcat-7.0.67/webapps/host-manager
Apr 28, 2016 7:32:34 PM org.apache.catalina.startup.HostConfig deployDirectory
INFO: Deployment of web application directory /var/local/apache-tomcat-7.0.67/webapps/host-manager has finished in 2,000 ms
Apr 28, 2016 7:32:34 PM org.apache.catalina.startup.HostConfig deployDirectory
INFO: Deploying web application directory /var/local/apache-tomcat-7.0.67/webapps/examples
Apr 28, 2016 7:32:35 PM org.apache.catalina.startup.HostConfig deployDirectory
INFO: Deployment of web application directory /var/local/apache-tomcat-7.0.67/webapps/examples has finished in 1,220 ms
Apr 28, 2016 7:32:35 PM org.apache.catalina.startup.HostConfig deployDirectory
INFO: Deploying web application directory /var/local/apache-tomcat-7.0.67/webapps/docs
Apr 28, 2016 7:32:35 PM org.apache.catalina.startup.HostConfig deployDirectory
INFO: Deployment of web application directory /var/local/apache-tomcat-7.0.67/webapps/docs has finished in 171 ms
Apr 28, 2016 7:32:35 PM org.apache.catalina.startup.HostConfig deployDirectory
INFO: Deploying web application directory /var/local/apache-tomcat-7.0.67/webapps/manager
Apr 28, 2016 7:32:35 PM org.apache.catalina.startup.HostConfig deployDirectory
INFO: Deployment of web application directory /var/local/apache-tomcat-7.0.67/webapps/manager has finished in 175 ms
Apr 28, 2016 7:32:35 PM org.apache.catalina.startup.HostConfig deployDirectory
INFO: Deploying web application directory /var/local/apache-tomcat-7.0.67/webapps/ROOT
Apr 28, 2016 7:32:35 PM org.apache.catalina.startup.HostConfig deployDirectory
INFO: Deployment of web application directory /var/local/apache-tomcat-7.0.67/webapps/ROOT has finished in 192 ms
Apr 28, 2016 7:32:35 PM org.apache.catalina.startup.HostConfig deployDirectory
INFO: Deploying web application directory /var/local/apache-tomcat-7.0.67/webapps/CRM
Apr 28, 2016 7:32:36 PM org.apache.catalina.startup.HostConfig deployDirectory
INFO: Deployment of web application directory /var/local/apache-tomcat-7.0.67/webapps/CRM has finished in 376 ms
Apr 28, 2016 7:32:36 PM org.apache.coyote.AbstractProtocol start
INFO: Starting ProtocolHandler ["http-bio-8080"]
Apr 28, 2016 7:32:36 PM org.apache.coyote.AbstractProtocol start
INFO: Starting ProtocolHandler ["ajp-bio-8009"]
Apr 28, 2016 7:32:36 PM org.apache.catalina.startup.Catalina start
INFO: Server startup in 4446 ms
