Jan 21, 2016 1:31:47 AM org.apache.catalina.startup.VersionLoggerListener log
INFO: Server version:        Apache Tomcat/7.0.67
Jan 21, 2016 1:31:47 AM org.apache.catalina.startup.VersionLoggerListener log
INFO: Server built:          Dec 7 2015 13:07:11 UTC
Jan 21, 2016 1:31:47 AM org.apache.catalina.startup.VersionLoggerListener log
INFO: Server number:         7.0.67.0
Jan 21, 2016 1:31:47 AM org.apache.catalina.startup.VersionLoggerListener log
INFO: OS Name:               Linux
Jan 21, 2016 1:31:47 AM org.apache.catalina.startup.VersionLoggerListener log
INFO: OS Version:            2.6.32-573.el6.x86_64
Jan 21, 2016 1:31:47 AM org.apache.catalina.startup.VersionLoggerListener log
INFO: Architecture:          amd64
Jan 21, 2016 1:31:47 AM org.apache.catalina.startup.VersionLoggerListener log
INFO: Java Home:             /usr/lib/jvm/java-1.7.0-openjdk-1.7.0.91.x86_64/jre
Jan 21, 2016 1:31:47 AM org.apache.catalina.startup.VersionLoggerListener log
INFO: JVM Version:           1.7.0_91-mockbuild_2015_10_21_19_56-b00
Jan 21, 2016 1:31:47 AM org.apache.catalina.startup.VersionLoggerListener log
INFO: JVM Vendor:            Oracle Corporation
Jan 21, 2016 1:31:47 AM org.apache.catalina.startup.VersionLoggerListener log
INFO: CATALINA_BASE:         /var/local/apache-tomcat-7.0.67
Jan 21, 2016 1:31:47 AM org.apache.catalina.startup.VersionLoggerListener log
INFO: CATALINA_HOME:         /var/local/apache-tomcat-7.0.67
Jan 21, 2016 1:31:47 AM org.apache.catalina.startup.VersionLoggerListener log
INFO: Command line argument: -Djava.util.logging.config.file=/var/local/apache-tomcat-7.0.67/conf/logging.properties
Jan 21, 2016 1:31:47 AM org.apache.catalina.startup.VersionLoggerListener log
INFO: Command line argument: -Djava.util.logging.manager=org.apache.juli.ClassLoaderLogManager
Jan 21, 2016 1:31:47 AM org.apache.catalina.startup.VersionLoggerListener log
INFO: Command line argument: -Djava.endorsed.dirs=/var/local/apache-tomcat-7.0.67/endorsed
Jan 21, 2016 1:31:47 AM org.apache.catalina.startup.VersionLoggerListener log
INFO: Command line argument: -Dcatalina.base=/var/local/apache-tomcat-7.0.67
Jan 21, 2016 1:31:47 AM org.apache.catalina.startup.VersionLoggerListener log
INFO: Command line argument: -Dcatalina.home=/var/local/apache-tomcat-7.0.67
Jan 21, 2016 1:31:47 AM org.apache.catalina.startup.VersionLoggerListener log
INFO: Command line argument: -Djava.io.tmpdir=/var/local/apache-tomcat-7.0.67/temp
Jan 21, 2016 1:31:47 AM org.apache.catalina.core.AprLifecycleListener lifecycleEvent
INFO: The APR based Apache Tomcat Native library which allows optimal performance in production environments was not found on the java.library.path: /usr/java/packages/lib/amd64:/usr/lib64:/lib64:/lib:/usr/lib
Jan 21, 2016 1:31:48 AM org.apache.coyote.AbstractProtocol init
INFO: Initializing ProtocolHandler ["http-bio-8080"]
Jan 21, 2016 1:31:48 AM org.apache.coyote.AbstractProtocol init
INFO: Initializing ProtocolHandler ["ajp-bio-8009"]
Jan 21, 2016 1:31:48 AM org.apache.catalina.startup.Catalina load
INFO: Initialization processed in 1710 ms
Jan 21, 2016 1:31:48 AM org.apache.catalina.core.StandardService startInternal
INFO: Starting service Catalina
Jan 21, 2016 1:31:48 AM org.apache.catalina.core.StandardEngine startInternal
INFO: Starting Servlet Engine: Apache Tomcat/7.0.67
Jan 21, 2016 1:31:48 AM org.apache.catalina.startup.HostConfig deployDirectory
INFO: Deploying web application directory /var/local/apache-tomcat-7.0.67/webapps/host-manager
Jan 21, 2016 1:31:49 AM org.apache.catalina.startup.HostConfig deployDirectory
INFO: Deployment of web application directory /var/local/apache-tomcat-7.0.67/webapps/host-manager has finished in 1,492 ms
Jan 21, 2016 1:31:49 AM org.apache.catalina.startup.HostConfig deployDirectory
INFO: Deploying web application directory /var/local/apache-tomcat-7.0.67/webapps/examples
Jan 21, 2016 1:31:50 AM org.apache.catalina.startup.HostConfig deployDirectory
INFO: Deployment of web application directory /var/local/apache-tomcat-7.0.67/webapps/examples has finished in 1,082 ms
Jan 21, 2016 1:31:50 AM org.apache.catalina.startup.HostConfig deployDirectory
INFO: Deploying web application directory /var/local/apache-tomcat-7.0.67/webapps/docs
Jan 21, 2016 1:31:51 AM org.apache.catalina.startup.HostConfig deployDirectory
INFO: Deployment of web application directory /var/local/apache-tomcat-7.0.67/webapps/docs has finished in 105 ms
Jan 21, 2016 1:31:51 AM org.apache.catalina.startup.HostConfig deployDirectory
INFO: Deploying web application directory /var/local/apache-tomcat-7.0.67/webapps/manager
Jan 21, 2016 1:31:51 AM org.apache.catalina.startup.HostConfig deployDirectory
INFO: Deployment of web application directory /var/local/apache-tomcat-7.0.67/webapps/manager has finished in 251 ms
Jan 21, 2016 1:31:51 AM org.apache.catalina.startup.HostConfig deployDirectory
INFO: Deploying web application directory /var/local/apache-tomcat-7.0.67/webapps/ROOT
Jan 21, 2016 1:31:51 AM org.apache.catalina.startup.HostConfig deployDirectory
INFO: Deployment of web application directory /var/local/apache-tomcat-7.0.67/webapps/ROOT has finished in 226 ms
Jan 21, 2016 1:31:51 AM org.apache.coyote.AbstractProtocol start
INFO: Starting ProtocolHandler ["http-bio-8080"]
Jan 21, 2016 1:31:51 AM org.apache.coyote.AbstractProtocol start
INFO: Starting ProtocolHandler ["ajp-bio-8009"]
Jan 21, 2016 1:31:51 AM org.apache.catalina.startup.Catalina start
INFO: Server startup in 3378 ms
Jan 21, 2016 1:39:20 AM org.apache.catalina.core.StandardServer await
INFO: A valid shutdown command was received via the shutdown port. Stopping the Server instance.
Jan 21, 2016 1:39:20 AM org.apache.coyote.AbstractProtocol pause
INFO: Pausing ProtocolHandler ["http-bio-8080"]
Jan 21, 2016 1:39:20 AM org.apache.coyote.AbstractProtocol pause
INFO: Pausing ProtocolHandler ["ajp-bio-8009"]
Jan 21, 2016 1:39:20 AM org.apache.catalina.core.StandardService stopInternal
INFO: Stopping service Catalina
Jan 21, 2016 1:39:20 AM org.apache.coyote.AbstractProtocol stop
INFO: Stopping ProtocolHandler ["http-bio-8080"]
Jan 21, 2016 1:39:20 AM org.apache.coyote.AbstractProtocol stop
INFO: Stopping ProtocolHandler ["ajp-bio-8009"]
Jan 21, 2016 1:39:20 AM org.apache.coyote.AbstractProtocol destroy
INFO: Destroying ProtocolHandler ["http-bio-8080"]
Jan 21, 2016 1:39:20 AM org.apache.coyote.AbstractProtocol destroy
INFO: Destroying ProtocolHandler ["ajp-bio-8009"]
Jan 21, 2016 1:39:30 AM org.apache.catalina.startup.VersionLoggerListener log
INFO: Server version:        Apache Tomcat/7.0.67
Jan 21, 2016 1:39:30 AM org.apache.catalina.startup.VersionLoggerListener log
INFO: Server built:          Dec 7 2015 13:07:11 UTC
Jan 21, 2016 1:39:30 AM org.apache.catalina.startup.VersionLoggerListener log
INFO: Server number:         7.0.67.0
Jan 21, 2016 1:39:30 AM org.apache.catalina.startup.VersionLoggerListener log
INFO: OS Name:               Linux
Jan 21, 2016 1:39:30 AM org.apache.catalina.startup.VersionLoggerListener log
INFO: OS Version:            2.6.32-573.el6.x86_64
Jan 21, 2016 1:39:30 AM org.apache.catalina.startup.VersionLoggerListener log
INFO: Architecture:          amd64
Jan 21, 2016 1:39:30 AM org.apache.catalina.startup.VersionLoggerListener log
INFO: Java Home:             /usr/lib/jvm/java-1.7.0-openjdk-1.7.0.91.x86_64/jre
Jan 21, 2016 1:39:30 AM org.apache.catalina.startup.VersionLoggerListener log
INFO: JVM Version:           1.7.0_91-mockbuild_2015_10_21_19_56-b00
Jan 21, 2016 1:39:30 AM org.apache.catalina.startup.VersionLoggerListener log
INFO: JVM Vendor:            Oracle Corporation
Jan 21, 2016 1:39:30 AM org.apache.catalina.startup.VersionLoggerListener log
INFO: CATALINA_BASE:         /var/local/apache-tomcat-7.0.67
Jan 21, 2016 1:39:30 AM org.apache.catalina.startup.VersionLoggerListener log
INFO: CATALINA_HOME:         /var/local/apache-tomcat-7.0.67
Jan 21, 2016 1:39:30 AM org.apache.catalina.startup.VersionLoggerListener log
INFO: Command line argument: -Djava.util.logging.config.file=/var/local/apache-tomcat-7.0.67/conf/logging.properties
Jan 21, 2016 1:39:30 AM org.apache.catalina.startup.VersionLoggerListener log
INFO: Command line argument: -Djava.util.logging.manager=org.apache.juli.ClassLoaderLogManager
Jan 21, 2016 1:39:30 AM org.apache.catalina.startup.VersionLoggerListener log
INFO: Command line argument: -Djava.endorsed.dirs=/var/local/apache-tomcat-7.0.67/endorsed
Jan 21, 2016 1:39:30 AM org.apache.catalina.startup.VersionLoggerListener log
INFO: Command line argument: -Dcatalina.base=/var/local/apache-tomcat-7.0.67
Jan 21, 2016 1:39:30 AM org.apache.catalina.startup.VersionLoggerListener log
INFO: Command line argument: -Dcatalina.home=/var/local/apache-tomcat-7.0.67
Jan 21, 2016 1:39:30 AM org.apache.catalina.startup.VersionLoggerListener log
INFO: Command line argument: -Djava.io.tmpdir=/var/local/apache-tomcat-7.0.67/temp
Jan 21, 2016 1:39:30 AM org.apache.catalina.core.AprLifecycleListener lifecycleEvent
INFO: The APR based Apache Tomcat Native library which allows optimal performance in production environments was not found on the java.library.path: /usr/java/packages/lib/amd64:/usr/lib64:/lib64:/lib:/usr/lib
Jan 21, 2016 1:39:30 AM org.apache.coyote.AbstractProtocol init
INFO: Initializing ProtocolHandler ["http-bio-8080"]
Jan 21, 2016 1:39:30 AM org.apache.coyote.AbstractProtocol init
INFO: Initializing ProtocolHandler ["ajp-bio-8009"]
Jan 21, 2016 1:39:30 AM org.apache.catalina.startup.Catalina load
INFO: Initialization processed in 1863 ms
Jan 21, 2016 1:39:30 AM org.apache.tomcat.util.digester.Digester fatalError
SEVERE: Parse Fatal Error at line 37 column 2: The markup in the document following the root element must be well-formed.
org.xml.sax.SAXParseException; lineNumber: 37; columnNumber: 2; The markup in the document following the root element must be well-formed.
	at com.sun.org.apache.xerces.internal.util.ErrorHandlerWrapper.createSAXParseException(ErrorHandlerWrapper.java:198)
	at com.sun.org.apache.xerces.internal.util.ErrorHandlerWrapper.fatalError(ErrorHandlerWrapper.java:177)
	at com.sun.org.apache.xerces.internal.impl.XMLErrorReporter.reportError(XMLErrorReporter.java:400)
	at com.sun.org.apache.xerces.internal.impl.XMLErrorReporter.reportError(XMLErrorReporter.java:327)
	at com.sun.org.apache.xerces.internal.impl.XMLScanner.reportFatalError(XMLScanner.java:1437)
	at com.sun.org.apache.xerces.internal.impl.XMLDocumentScannerImpl$TrailingMiscDriver.next(XMLDocumentScannerImpl.java:1400)
	at com.sun.org.apache.xerces.internal.impl.XMLDocumentScannerImpl.next(XMLDocumentScannerImpl.java:606)
	at com.sun.org.apache.xerces.internal.impl.XMLDocumentFragmentScannerImpl.scanDocument(XMLDocumentFragmentScannerImpl.java:510)
	at com.sun.org.apache.xerces.internal.parsers.XML11Configuration.parse(XML11Configuration.java:848)
	at com.sun.org.apache.xerces.internal.parsers.XML11Configuration.parse(XML11Configuration.java:777)
	at com.sun.org.apache.xerces.internal.parsers.XMLParser.parse(XMLParser.java:141)
	at com.sun.org.apache.xerces.internal.parsers.AbstractSAXParser.parse(AbstractSAXParser.java:1213)
	at com.sun.org.apache.xerces.internal.jaxp.SAXParserImpl$JAXPSAXParser.parse(SAXParserImpl.java:642)
	at org.apache.tomcat.util.digester.Digester.parse(Digester.java:1574)
	at org.apache.catalina.users.MemoryUserDatabase.open(MemoryUserDatabase.java:424)
	at org.apache.catalina.users.MemoryUserDatabaseFactory.getObjectInstance(MemoryUserDatabaseFactory.java:102)
	at org.apache.naming.factory.ResourceFactory.getObjectInstance(ResourceFactory.java:141)
	at javax.naming.spi.NamingManager.getObjectInstance(NamingManager.java:321)
	at org.apache.naming.NamingContext.lookup(NamingContext.java:842)
	at org.apache.naming.NamingContext.lookup(NamingContext.java:153)
	at org.apache.naming.NamingContextBindingsEnumeration.nextElementInternal(NamingContextBindingsEnumeration.java:117)
	at org.apache.naming.NamingContextBindingsEnumeration.next(NamingContextBindingsEnumeration.java:71)
	at org.apache.naming.NamingContextBindingsEnumeration.next(NamingContextBindingsEnumeration.java:34)
	at org.apache.catalina.mbeans.GlobalResourcesLifecycleListener.createMBeans(GlobalResourcesLifecycleListener.java:138)
	at org.apache.catalina.mbeans.GlobalResourcesLifecycleListener.createMBeans(GlobalResourcesLifecycleListener.java:110)
	at org.apache.catalina.mbeans.GlobalResourcesLifecycleListener.lifecycleEvent(GlobalResourcesLifecycleListener.java:82)
	at org.apache.catalina.util.LifecycleSupport.fireLifecycleEvent(LifecycleSupport.java:117)
	at org.apache.catalina.util.LifecycleBase.fireLifecycleEvent(LifecycleBase.java:90)
	at org.apache.catalina.util.LifecycleBase.setStateInternal(LifecycleBase.java:402)
	at org.apache.catalina.util.LifecycleBase.setState(LifecycleBase.java:347)
	at org.apache.catalina.core.StandardServer.startInternal(StandardServer.java:732)
	at org.apache.catalina.util.LifecycleBase.start(LifecycleBase.java:150)
	at org.apache.catalina.startup.Catalina.start(Catalina.java:693)
	at sun.reflect.NativeMethodAccessorImpl.invoke0(Native Method)
	at sun.reflect.NativeMethodAccessorImpl.invoke(NativeMethodAccessorImpl.java:57)
	at sun.reflect.DelegatingMethodAccessorImpl.invoke(DelegatingMethodAccessorImpl.java:43)
	at java.lang.reflect.Method.invoke(Method.java:606)
	at org.apache.catalina.startup.Bootstrap.start(Bootstrap.java:294)
	at org.apache.catalina.startup.Bootstrap.main(Bootstrap.java:428)

Jan 21, 2016 1:39:30 AM org.apache.naming.NamingContext lookup
WARNING: Unexpected exception resolving reference
org.xml.sax.SAXParseException; lineNumber: 37; columnNumber: 2; The markup in the document following the root element must be well-formed.
	at com.sun.org.apache.xerces.internal.parsers.AbstractSAXParser.parse(AbstractSAXParser.java:1239)
	at com.sun.org.apache.xerces.internal.jaxp.SAXParserImpl$JAXPSAXParser.parse(SAXParserImpl.java:642)
	at org.apache.tomcat.util.digester.Digester.parse(Digester.java:1574)
	at org.apache.catalina.users.MemoryUserDatabase.open(MemoryUserDatabase.java:424)
	at org.apache.catalina.users.MemoryUserDatabaseFactory.getObjectInstance(MemoryUserDatabaseFactory.java:102)
	at org.apache.naming.factory.ResourceFactory.getObjectInstance(ResourceFactory.java:141)
	at javax.naming.spi.NamingManager.getObjectInstance(NamingManager.java:321)
	at org.apache.naming.NamingContext.lookup(NamingContext.java:842)
	at org.apache.naming.NamingContext.lookup(NamingContext.java:153)
	at org.apache.naming.NamingContextBindingsEnumeration.nextElementInternal(NamingContextBindingsEnumeration.java:117)
	at org.apache.naming.NamingContextBindingsEnumeration.next(NamingContextBindingsEnumeration.java:71)
	at org.apache.naming.NamingContextBindingsEnumeration.next(NamingContextBindingsEnumeration.java:34)
	at org.apache.catalina.mbeans.GlobalResourcesLifecycleListener.createMBeans(GlobalResourcesLifecycleListener.java:138)
	at org.apache.catalina.mbeans.GlobalResourcesLifecycleListener.createMBeans(GlobalResourcesLifecycleListener.java:110)
	at org.apache.catalina.mbeans.GlobalResourcesLifecycleListener.lifecycleEvent(GlobalResourcesLifecycleListener.java:82)
	at org.apache.catalina.util.LifecycleSupport.fireLifecycleEvent(LifecycleSupport.java:117)
	at org.apache.catalina.util.LifecycleBase.fireLifecycleEvent(LifecycleBase.java:90)
	at org.apache.catalina.util.LifecycleBase.setStateInternal(LifecycleBase.java:402)
	at org.apache.catalina.util.LifecycleBase.setState(LifecycleBase.java:347)
	at org.apache.catalina.core.StandardServer.startInternal(StandardServer.java:732)
	at org.apache.catalina.util.LifecycleBase.start(LifecycleBase.java:150)
	at org.apache.catalina.startup.Catalina.start(Catalina.java:693)
	at sun.reflect.NativeMethodAccessorImpl.invoke0(Native Method)
	at sun.reflect.NativeMethodAccessorImpl.invoke(NativeMethodAccessorImpl.java:57)
	at sun.reflect.DelegatingMethodAccessorImpl.invoke(DelegatingMethodAccessorImpl.java:43)
	at java.lang.reflect.Method.invoke(Method.java:606)
	at org.apache.catalina.startup.Bootstrap.start(Bootstrap.java:294)
	at org.apache.catalina.startup.Bootstrap.main(Bootstrap.java:428)

Jan 21, 2016 1:39:30 AM org.apache.catalina.mbeans.GlobalResourcesLifecycleListener createMBeans
SEVERE: Exception processing Global JNDI Resources
javax.naming.NamingException: The markup in the document following the root element must be well-formed.
	at org.apache.naming.NamingContext.lookup(NamingContext.java:859)
	at org.apache.naming.NamingContext.lookup(NamingContext.java:153)
	at org.apache.naming.NamingContextBindingsEnumeration.nextElementInternal(NamingContextBindingsEnumeration.java:117)
	at org.apache.naming.NamingContextBindingsEnumeration.next(NamingContextBindingsEnumeration.java:71)
	at org.apache.naming.NamingContextBindingsEnumeration.next(NamingContextBindingsEnumeration.java:34)
	at org.apache.catalina.mbeans.GlobalResourcesLifecycleListener.createMBeans(GlobalResourcesLifecycleListener.java:138)
	at org.apache.catalina.mbeans.GlobalResourcesLifecycleListener.createMBeans(GlobalResourcesLifecycleListener.java:110)
	at org.apache.catalina.mbeans.GlobalResourcesLifecycleListener.lifecycleEvent(GlobalResourcesLifecycleListener.java:82)
	at org.apache.catalina.util.LifecycleSupport.fireLifecycleEvent(LifecycleSupport.java:117)
	at org.apache.catalina.util.LifecycleBase.fireLifecycleEvent(LifecycleBase.java:90)
	at org.apache.catalina.util.LifecycleBase.setStateInternal(LifecycleBase.java:402)
	at org.apache.catalina.util.LifecycleBase.setState(LifecycleBase.java:347)
	at org.apache.catalina.core.StandardServer.startInternal(StandardServer.java:732)
	at org.apache.catalina.util.LifecycleBase.start(LifecycleBase.java:150)
	at org.apache.catalina.startup.Catalina.start(Catalina.java:693)
	at sun.reflect.NativeMethodAccessorImpl.invoke0(Native Method)
	at sun.reflect.NativeMethodAccessorImpl.invoke(NativeMethodAccessorImpl.java:57)
	at sun.reflect.DelegatingMethodAccessorImpl.invoke(DelegatingMethodAccessorImpl.java:43)
	at java.lang.reflect.Method.invoke(Method.java:606)
	at org.apache.catalina.startup.Bootstrap.start(Bootstrap.java:294)
	at org.apache.catalina.startup.Bootstrap.main(Bootstrap.java:428)

Jan 21, 2016 1:39:30 AM org.apache.catalina.core.StandardService startInternal
INFO: Starting service Catalina
Jan 21, 2016 1:39:30 AM org.apache.catalina.core.StandardEngine startInternal
INFO: Starting Servlet Engine: Apache Tomcat/7.0.67
Jan 21, 2016 1:39:30 AM org.apache.tomcat.util.digester.Digester fatalError
SEVERE: Parse Fatal Error at line 37 column 2: The markup in the document following the root element must be well-formed.
org.xml.sax.SAXParseException; lineNumber: 37; columnNumber: 2; The markup in the document following the root element must be well-formed.
	at com.sun.org.apache.xerces.internal.util.ErrorHandlerWrapper.createSAXParseException(ErrorHandlerWrapper.java:198)
	at com.sun.org.apache.xerces.internal.util.ErrorHandlerWrapper.fatalError(ErrorHandlerWrapper.java:177)
	at com.sun.org.apache.xerces.internal.impl.XMLErrorReporter.reportError(XMLErrorReporter.java:400)
	at com.sun.org.apache.xerces.internal.impl.XMLErrorReporter.reportError(XMLErrorReporter.java:327)
	at com.sun.org.apache.xerces.internal.impl.XMLScanner.reportFatalError(XMLScanner.java:1437)
	at com.sun.org.apache.xerces.internal.impl.XMLDocumentScannerImpl$TrailingMiscDriver.next(XMLDocumentScannerImpl.java:1400)
	at com.sun.org.apache.xerces.internal.impl.XMLDocumentScannerImpl.next(XMLDocumentScannerImpl.java:606)
	at com.sun.org.apache.xerces.internal.impl.XMLDocumentFragmentScannerImpl.scanDocument(XMLDocumentFragmentScannerImpl.java:510)
	at com.sun.org.apache.xerces.internal.parsers.XML11Configuration.parse(XML11Configuration.java:848)
	at com.sun.org.apache.xerces.internal.parsers.XML11Configuration.parse(XML11Configuration.java:777)
	at com.sun.org.apache.xerces.internal.parsers.XMLParser.parse(XMLParser.java:141)
	at com.sun.org.apache.xerces.internal.parsers.AbstractSAXParser.parse(AbstractSAXParser.java:1213)
	at com.sun.org.apache.xerces.internal.jaxp.SAXParserImpl$JAXPSAXParser.parse(SAXParserImpl.java:642)
	at org.apache.tomcat.util.digester.Digester.parse(Digester.java:1574)
	at org.apache.catalina.users.MemoryUserDatabase.open(MemoryUserDatabase.java:424)
	at org.apache.catalina.users.MemoryUserDatabaseFactory.getObjectInstance(MemoryUserDatabaseFactory.java:102)
	at org.apache.naming.factory.ResourceFactory.getObjectInstance(ResourceFactory.java:141)
	at javax.naming.spi.NamingManager.getObjectInstance(NamingManager.java:321)
	at org.apache.naming.NamingContext.lookup(NamingContext.java:842)
	at org.apache.naming.NamingContext.lookup(NamingContext.java:167)
	at org.apache.catalina.realm.UserDatabaseRealm.startInternal(UserDatabaseRealm.java:253)
	at org.apache.catalina.util.LifecycleBase.start(LifecycleBase.java:150)
	at org.apache.catalina.realm.CombinedRealm.startInternal(CombinedRealm.java:236)
	at org.apache.catalina.realm.LockOutRealm.startInternal(LockOutRealm.java:120)
	at org.apache.catalina.util.LifecycleBase.start(LifecycleBase.java:150)
	at org.apache.catalina.core.ContainerBase.startInternal(ContainerBase.java:1108)
	at org.apache.catalina.core.StandardEngine.startInternal(StandardEngine.java:300)
	at org.apache.catalina.util.LifecycleBase.start(LifecycleBase.java:150)
	at org.apache.catalina.core.StandardService.startInternal(StandardService.java:443)
	at org.apache.catalina.util.LifecycleBase.start(LifecycleBase.java:150)
	at org.apache.catalina.core.StandardServer.startInternal(StandardServer.java:739)
	at org.apache.catalina.util.LifecycleBase.start(LifecycleBase.java:150)
	at org.apache.catalina.startup.Catalina.start(Catalina.java:693)
	at sun.reflect.NativeMethodAccessorImpl.invoke0(Native Method)
	at sun.reflect.NativeMethodAccessorImpl.invoke(NativeMethodAccessorImpl.java:57)
	at sun.reflect.DelegatingMethodAccessorImpl.invoke(DelegatingMethodAccessorImpl.java:43)
	at java.lang.reflect.Method.invoke(Method.java:606)
	at org.apache.catalina.startup.Bootstrap.start(Bootstrap.java:294)
	at org.apache.catalina.startup.Bootstrap.main(Bootstrap.java:428)

Jan 21, 2016 1:39:30 AM org.apache.naming.NamingContext lookup
WARNING: Unexpected exception resolving reference
org.xml.sax.SAXParseException; lineNumber: 37; columnNumber: 2; The markup in the document following the root element must be well-formed.
	at com.sun.org.apache.xerces.internal.parsers.AbstractSAXParser.parse(AbstractSAXParser.java:1239)
	at com.sun.org.apache.xerces.internal.jaxp.SAXParserImpl$JAXPSAXParser.parse(SAXParserImpl.java:642)
	at org.apache.tomcat.util.digester.Digester.parse(Digester.java:1574)
	at org.apache.catalina.users.MemoryUserDatabase.open(MemoryUserDatabase.java:424)
	at org.apache.catalina.users.MemoryUserDatabaseFactory.getObjectInstance(MemoryUserDatabaseFactory.java:102)
	at org.apache.naming.factory.ResourceFactory.getObjectInstance(ResourceFactory.java:141)
	at javax.naming.spi.NamingManager.getObjectInstance(NamingManager.java:321)
	at org.apache.naming.NamingContext.lookup(NamingContext.java:842)
	at org.apache.naming.NamingContext.lookup(NamingContext.java:167)
	at org.apache.catalina.realm.UserDatabaseRealm.startInternal(UserDatabaseRealm.java:253)
	at org.apache.catalina.util.LifecycleBase.start(LifecycleBase.java:150)
	at org.apache.catalina.realm.CombinedRealm.startInternal(CombinedRealm.java:236)
	at org.apache.catalina.realm.LockOutRealm.startInternal(LockOutRealm.java:120)
	at org.apache.catalina.util.LifecycleBase.start(LifecycleBase.java:150)
	at org.apache.catalina.core.ContainerBase.startInternal(ContainerBase.java:1108)
	at org.apache.catalina.core.StandardEngine.startInternal(StandardEngine.java:300)
	at org.apache.catalina.util.LifecycleBase.start(LifecycleBase.java:150)
	at org.apache.catalina.core.StandardService.startInternal(StandardService.java:443)
	at org.apache.catalina.util.LifecycleBase.start(LifecycleBase.java:150)
	at org.apache.catalina.core.StandardServer.startInternal(StandardServer.java:739)
	at org.apache.catalina.util.LifecycleBase.start(LifecycleBase.java:150)
	at org.apache.catalina.startup.Catalina.start(Catalina.java:693)
	at sun.reflect.NativeMethodAccessorImpl.invoke0(Native Method)
	at sun.reflect.NativeMethodAccessorImpl.invoke(NativeMethodAccessorImpl.java:57)
	at sun.reflect.DelegatingMethodAccessorImpl.invoke(DelegatingMethodAccessorImpl.java:43)
	at java.lang.reflect.Method.invoke(Method.java:606)
	at org.apache.catalina.startup.Bootstrap.start(Bootstrap.java:294)
	at org.apache.catalina.startup.Bootstrap.main(Bootstrap.java:428)

Jan 21, 2016 1:39:31 AM org.apache.catalina.realm.UserDatabaseRealm startInternal
SEVERE: Exception looking up UserDatabase under key UserDatabase
javax.naming.NamingException: The markup in the document following the root element must be well-formed.
	at org.apache.naming.NamingContext.lookup(NamingContext.java:859)
	at org.apache.naming.NamingContext.lookup(NamingContext.java:167)
	at org.apache.catalina.realm.UserDatabaseRealm.startInternal(UserDatabaseRealm.java:253)
	at org.apache.catalina.util.LifecycleBase.start(LifecycleBase.java:150)
	at org.apache.catalina.realm.CombinedRealm.startInternal(CombinedRealm.java:236)
	at org.apache.catalina.realm.LockOutRealm.startInternal(LockOutRealm.java:120)
	at org.apache.catalina.util.LifecycleBase.start(LifecycleBase.java:150)
	at org.apache.catalina.core.ContainerBase.startInternal(ContainerBase.java:1108)
	at org.apache.catalina.core.StandardEngine.startInternal(StandardEngine.java:300)
	at org.apache.catalina.util.LifecycleBase.start(LifecycleBase.java:150)
	at org.apache.catalina.core.StandardService.startInternal(StandardService.java:443)
	at org.apache.catalina.util.LifecycleBase.start(LifecycleBase.java:150)
	at org.apache.catalina.core.StandardServer.startInternal(StandardServer.java:739)
	at org.apache.catalina.util.LifecycleBase.start(LifecycleBase.java:150)
	at org.apache.catalina.startup.Catalina.start(Catalina.java:693)
	at sun.reflect.NativeMethodAccessorImpl.invoke0(Native Method)
	at sun.reflect.NativeMethodAccessorImpl.invoke(NativeMethodAccessorImpl.java:57)
	at sun.reflect.DelegatingMethodAccessorImpl.invoke(DelegatingMethodAccessorImpl.java:43)
	at java.lang.reflect.Method.invoke(Method.java:606)
	at org.apache.catalina.startup.Bootstrap.start(Bootstrap.java:294)
	at org.apache.catalina.startup.Bootstrap.main(Bootstrap.java:428)

Jan 21, 2016 1:39:31 AM org.apache.catalina.realm.CombinedRealm startInternal
SEVERE: Failed to start "org.apache.catalina.realm.UserDatabaseRealm/1.0" realm
org.apache.catalina.LifecycleException: Failed to start component [Realm[UserDatabaseRealm]]
	at org.apache.catalina.util.LifecycleBase.start(LifecycleBase.java:154)
	at org.apache.catalina.realm.CombinedRealm.startInternal(CombinedRealm.java:236)
	at org.apache.catalina.realm.LockOutRealm.startInternal(LockOutRealm.java:120)
	at org.apache.catalina.util.LifecycleBase.start(LifecycleBase.java:150)
	at org.apache.catalina.core.ContainerBase.startInternal(ContainerBase.java:1108)
	at org.apache.catalina.core.StandardEngine.startInternal(StandardEngine.java:300)
	at org.apache.catalina.util.LifecycleBase.start(LifecycleBase.java:150)
	at org.apache.catalina.core.StandardService.startInternal(StandardService.java:443)
	at org.apache.catalina.util.LifecycleBase.start(LifecycleBase.java:150)
	at org.apache.catalina.core.StandardServer.startInternal(StandardServer.java:739)
	at org.apache.catalina.util.LifecycleBase.start(LifecycleBase.java:150)
	at org.apache.catalina.startup.Catalina.start(Catalina.java:693)
	at sun.reflect.NativeMethodAccessorImpl.invoke0(Native Method)
	at sun.reflect.NativeMethodAccessorImpl.invoke(NativeMethodAccessorImpl.java:57)
	at sun.reflect.DelegatingMethodAccessorImpl.invoke(DelegatingMethodAccessorImpl.java:43)
	at java.lang.reflect.Method.invoke(Method.java:606)
	at org.apache.catalina.startup.Bootstrap.start(Bootstrap.java:294)
	at org.apache.catalina.startup.Bootstrap.main(Bootstrap.java:428)
Caused by: org.apache.catalina.LifecycleException: No UserDatabase component found under key UserDatabase
	at org.apache.catalina.realm.UserDatabaseRealm.startInternal(UserDatabaseRealm.java:262)
	at org.apache.catalina.util.LifecycleBase.start(LifecycleBase.java:150)
	... 17 more

Jan 21, 2016 1:39:31 AM org.apache.catalina.startup.HostConfig deployDirectory
INFO: Deploying web application directory /var/local/apache-tomcat-7.0.67/webapps/host-manager
Jan 21, 2016 1:39:33 AM org.apache.catalina.startup.HostConfig deployDirectory
INFO: Deployment of web application directory /var/local/apache-tomcat-7.0.67/webapps/host-manager has finished in 1,984 ms
Jan 21, 2016 1:39:33 AM org.apache.catalina.startup.HostConfig deployDirectory
INFO: Deploying web application directory /var/local/apache-tomcat-7.0.67/webapps/examples
Jan 21, 2016 1:39:34 AM org.apache.catalina.startup.HostConfig deployDirectory
INFO: Deployment of web application directory /var/local/apache-tomcat-7.0.67/webapps/examples has finished in 1,271 ms
Jan 21, 2016 1:39:34 AM org.apache.catalina.startup.HostConfig deployDirectory
INFO: Deploying web application directory /var/local/apache-tomcat-7.0.67/webapps/docs
Jan 21, 2016 1:39:34 AM org.apache.catalina.startup.HostConfig deployDirectory
INFO: Deployment of web application directory /var/local/apache-tomcat-7.0.67/webapps/docs has finished in 138 ms
Jan 21, 2016 1:39:34 AM org.apache.catalina.startup.HostConfig deployDirectory
INFO: Deploying web application directory /var/local/apache-tomcat-7.0.67/webapps/manager
Jan 21, 2016 1:39:34 AM org.apache.catalina.startup.HostConfig deployDirectory
INFO: Deployment of web application directory /var/local/apache-tomcat-7.0.67/webapps/manager has finished in 188 ms
Jan 21, 2016 1:39:34 AM org.apache.catalina.startup.HostConfig deployDirectory
INFO: Deploying web application directory /var/local/apache-tomcat-7.0.67/webapps/ROOT
Jan 21, 2016 1:39:34 AM org.apache.catalina.startup.HostConfig deployDirectory
INFO: Deployment of web application directory /var/local/apache-tomcat-7.0.67/webapps/ROOT has finished in 197 ms
Jan 21, 2016 1:39:34 AM org.apache.coyote.AbstractProtocol start
INFO: Starting ProtocolHandler ["http-bio-8080"]
Jan 21, 2016 1:39:34 AM org.apache.coyote.AbstractProtocol start
INFO: Starting ProtocolHandler ["ajp-bio-8009"]
Jan 21, 2016 1:39:34 AM org.apache.catalina.startup.Catalina start
INFO: Server startup in 4114 ms
Jan 21, 2016 1:43:06 AM org.apache.catalina.core.StandardServer await
INFO: A valid shutdown command was received via the shutdown port. Stopping the Server instance.
Jan 21, 2016 1:43:06 AM org.apache.coyote.AbstractProtocol pause
INFO: Pausing ProtocolHandler ["http-bio-8080"]
Jan 21, 2016 1:43:06 AM org.apache.coyote.AbstractProtocol pause
INFO: Pausing ProtocolHandler ["ajp-bio-8009"]
Jan 21, 2016 1:43:06 AM org.apache.catalina.core.StandardService stopInternal
INFO: Stopping service Catalina
Jan 21, 2016 1:43:06 AM org.apache.coyote.AbstractProtocol stop
INFO: Stopping ProtocolHandler ["http-bio-8080"]
Jan 21, 2016 1:43:06 AM org.apache.coyote.AbstractProtocol stop
INFO: Stopping ProtocolHandler ["ajp-bio-8009"]
Jan 21, 2016 1:43:06 AM org.apache.coyote.AbstractProtocol destroy
INFO: Destroying ProtocolHandler ["http-bio-8080"]
Jan 21, 2016 1:43:06 AM org.apache.coyote.AbstractProtocol destroy
INFO: Destroying ProtocolHandler ["ajp-bio-8009"]
Jan 21, 2016 1:43:10 AM org.apache.catalina.startup.VersionLoggerListener log
INFO: Server version:        Apache Tomcat/7.0.67
Jan 21, 2016 1:43:10 AM org.apache.catalina.startup.VersionLoggerListener log
INFO: Server built:          Dec 7 2015 13:07:11 UTC
Jan 21, 2016 1:43:10 AM org.apache.catalina.startup.VersionLoggerListener log
INFO: Server number:         7.0.67.0
Jan 21, 2016 1:43:10 AM org.apache.catalina.startup.VersionLoggerListener log
INFO: OS Name:               Linux
Jan 21, 2016 1:43:10 AM org.apache.catalina.startup.VersionLoggerListener log
INFO: OS Version:            2.6.32-573.el6.x86_64
Jan 21, 2016 1:43:10 AM org.apache.catalina.startup.VersionLoggerListener log
INFO: Architecture:          amd64
Jan 21, 2016 1:43:10 AM org.apache.catalina.startup.VersionLoggerListener log
INFO: Java Home:             /usr/lib/jvm/java-1.7.0-openjdk-1.7.0.91.x86_64/jre
Jan 21, 2016 1:43:10 AM org.apache.catalina.startup.VersionLoggerListener log
INFO: JVM Version:           1.7.0_91-mockbuild_2015_10_21_19_56-b00
Jan 21, 2016 1:43:10 AM org.apache.catalina.startup.VersionLoggerListener log
INFO: JVM Vendor:            Oracle Corporation
Jan 21, 2016 1:43:10 AM org.apache.catalina.startup.VersionLoggerListener log
INFO: CATALINA_BASE:         /var/local/apache-tomcat-7.0.67
Jan 21, 2016 1:43:10 AM org.apache.catalina.startup.VersionLoggerListener log
INFO: CATALINA_HOME:         /var/local/apache-tomcat-7.0.67
Jan 21, 2016 1:43:10 AM org.apache.catalina.startup.VersionLoggerListener log
INFO: Command line argument: -Djava.util.logging.config.file=/var/local/apache-tomcat-7.0.67/conf/logging.properties
Jan 21, 2016 1:43:10 AM org.apache.catalina.startup.VersionLoggerListener log
INFO: Command line argument: -Djava.util.logging.manager=org.apache.juli.ClassLoaderLogManager
Jan 21, 2016 1:43:10 AM org.apache.catalina.startup.VersionLoggerListener log
INFO: Command line argument: -Djava.endorsed.dirs=/var/local/apache-tomcat-7.0.67/endorsed
Jan 21, 2016 1:43:10 AM org.apache.catalina.startup.VersionLoggerListener log
INFO: Command line argument: -Dcatalina.base=/var/local/apache-tomcat-7.0.67
Jan 21, 2016 1:43:10 AM org.apache.catalina.startup.VersionLoggerListener log
INFO: Command line argument: -Dcatalina.home=/var/local/apache-tomcat-7.0.67
Jan 21, 2016 1:43:10 AM org.apache.catalina.startup.VersionLoggerListener log
INFO: Command line argument: -Djava.io.tmpdir=/var/local/apache-tomcat-7.0.67/temp
Jan 21, 2016 1:43:10 AM org.apache.catalina.core.AprLifecycleListener lifecycleEvent
INFO: The APR based Apache Tomcat Native library which allows optimal performance in production environments was not found on the java.library.path: /usr/java/packages/lib/amd64:/usr/lib64:/lib64:/lib:/usr/lib
Jan 21, 2016 1:43:10 AM org.apache.coyote.AbstractProtocol init
INFO: Initializing ProtocolHandler ["http-bio-8080"]
Jan 21, 2016 1:43:10 AM org.apache.coyote.AbstractProtocol init
INFO: Initializing ProtocolHandler ["ajp-bio-8009"]
Jan 21, 2016 1:43:10 AM org.apache.catalina.startup.Catalina load
INFO: Initialization processed in 1892 ms
Jan 21, 2016 1:43:10 AM org.apache.catalina.core.StandardService startInternal
INFO: Starting service Catalina
Jan 21, 2016 1:43:10 AM org.apache.catalina.core.StandardEngine startInternal
INFO: Starting Servlet Engine: Apache Tomcat/7.0.67
Jan 21, 2016 1:43:10 AM org.apache.catalina.startup.HostConfig deployDirectory
INFO: Deploying web application directory /var/local/apache-tomcat-7.0.67/webapps/host-manager
Jan 21, 2016 1:43:36 AM org.apache.catalina.util.SessionIdGeneratorBase createSecureRandom
INFO: Creation of SecureRandom instance for session ID generation using [SHA1PRNG] took [23,897] milliseconds.
Jan 21, 2016 1:43:36 AM org.apache.catalina.startup.HostConfig deployDirectory
INFO: Deployment of web application directory /var/local/apache-tomcat-7.0.67/webapps/host-manager has finished in 25,785 ms
Jan 21, 2016 1:43:36 AM org.apache.catalina.startup.HostConfig deployDirectory
INFO: Deploying web application directory /var/local/apache-tomcat-7.0.67/webapps/examples
Jan 21, 2016 1:43:37 AM org.apache.catalina.startup.HostConfig deployDirectory
INFO: Deployment of web application directory /var/local/apache-tomcat-7.0.67/webapps/examples has finished in 1,063 ms
Jan 21, 2016 1:43:37 AM org.apache.catalina.startup.HostConfig deployDirectory
INFO: Deploying web application directory /var/local/apache-tomcat-7.0.67/webapps/docs
Jan 21, 2016 1:43:37 AM org.apache.catalina.startup.HostConfig deployDirectory
INFO: Deployment of web application directory /var/local/apache-tomcat-7.0.67/webapps/docs has finished in 96 ms
Jan 21, 2016 1:43:37 AM org.apache.catalina.startup.HostConfig deployDirectory
INFO: Deploying web application directory /var/local/apache-tomcat-7.0.67/webapps/manager
Jan 21, 2016 1:43:38 AM org.apache.catalina.startup.HostConfig deployDirectory
INFO: Deployment of web application directory /var/local/apache-tomcat-7.0.67/webapps/manager has finished in 192 ms
Jan 21, 2016 1:43:38 AM org.apache.catalina.startup.HostConfig deployDirectory
INFO: Deploying web application directory /var/local/apache-tomcat-7.0.67/webapps/ROOT
Jan 21, 2016 1:43:38 AM org.apache.catalina.startup.HostConfig deployDirectory
INFO: Deployment of web application directory /var/local/apache-tomcat-7.0.67/webapps/ROOT has finished in 153 ms
Jan 21, 2016 1:43:38 AM org.apache.coyote.AbstractProtocol start
INFO: Starting ProtocolHandler ["http-bio-8080"]
Jan 21, 2016 1:43:38 AM org.apache.coyote.AbstractProtocol start
INFO: Starting ProtocolHandler ["ajp-bio-8009"]
Jan 21, 2016 1:43:38 AM org.apache.catalina.startup.Catalina start
INFO: Server startup in 27570 ms
Jan 21, 2016 1:45:01 AM org.apache.catalina.core.StandardServer await
INFO: A valid shutdown command was received via the shutdown port. Stopping the Server instance.
Jan 21, 2016 1:45:01 AM org.apache.coyote.AbstractProtocol pause
INFO: Pausing ProtocolHandler ["http-bio-8080"]
Jan 21, 2016 1:45:01 AM org.apache.coyote.AbstractProtocol pause
INFO: Pausing ProtocolHandler ["ajp-bio-8009"]
Jan 21, 2016 1:45:01 AM org.apache.catalina.core.StandardService stopInternal
INFO: Stopping service Catalina
Jan 21, 2016 1:45:02 AM org.apache.coyote.AbstractProtocol stop
INFO: Stopping ProtocolHandler ["http-bio-8080"]
Jan 21, 2016 1:45:02 AM org.apache.coyote.AbstractProtocol stop
INFO: Stopping ProtocolHandler ["ajp-bio-8009"]
Jan 21, 2016 1:45:02 AM org.apache.coyote.AbstractProtocol destroy
INFO: Destroying ProtocolHandler ["http-bio-8080"]
Jan 21, 2016 1:45:02 AM org.apache.coyote.AbstractProtocol destroy
INFO: Destroying ProtocolHandler ["ajp-bio-8009"]
Jan 21, 2016 1:45:05 AM org.apache.catalina.startup.VersionLoggerListener log
INFO: Server version:        Apache Tomcat/7.0.67
Jan 21, 2016 1:45:05 AM org.apache.catalina.startup.VersionLoggerListener log
INFO: Server built:          Dec 7 2015 13:07:11 UTC
Jan 21, 2016 1:45:05 AM org.apache.catalina.startup.VersionLoggerListener log
INFO: Server number:         7.0.67.0
Jan 21, 2016 1:45:05 AM org.apache.catalina.startup.VersionLoggerListener log
INFO: OS Name:               Linux
Jan 21, 2016 1:45:05 AM org.apache.catalina.startup.VersionLoggerListener log
INFO: OS Version:            2.6.32-573.el6.x86_64
Jan 21, 2016 1:45:05 AM org.apache.catalina.startup.VersionLoggerListener log
INFO: Architecture:          amd64
Jan 21, 2016 1:45:05 AM org.apache.catalina.startup.VersionLoggerListener log
INFO: Java Home:             /usr/lib/jvm/java-1.7.0-openjdk-1.7.0.91.x86_64/jre
Jan 21, 2016 1:45:05 AM org.apache.catalina.startup.VersionLoggerListener log
INFO: JVM Version:           1.7.0_91-mockbuild_2015_10_21_19_56-b00
Jan 21, 2016 1:45:05 AM org.apache.catalina.startup.VersionLoggerListener log
INFO: JVM Vendor:            Oracle Corporation
Jan 21, 2016 1:45:05 AM org.apache.catalina.startup.VersionLoggerListener log
INFO: CATALINA_BASE:         /var/local/apache-tomcat-7.0.67
Jan 21, 2016 1:45:05 AM org.apache.catalina.startup.VersionLoggerListener log
INFO: CATALINA_HOME:         /var/local/apache-tomcat-7.0.67
Jan 21, 2016 1:45:05 AM org.apache.catalina.startup.VersionLoggerListener log
INFO: Command line argument: -Djava.util.logging.config.file=/var/local/apache-tomcat-7.0.67/conf/logging.properties
Jan 21, 2016 1:45:05 AM org.apache.catalina.startup.VersionLoggerListener log
INFO: Command line argument: -Djava.util.logging.manager=org.apache.juli.ClassLoaderLogManager
Jan 21, 2016 1:45:05 AM org.apache.catalina.startup.VersionLoggerListener log
INFO: Command line argument: -Djava.endorsed.dirs=/var/local/apache-tomcat-7.0.67/endorsed
Jan 21, 2016 1:45:05 AM org.apache.catalina.startup.VersionLoggerListener log
INFO: Command line argument: -Dcatalina.base=/var/local/apache-tomcat-7.0.67
Jan 21, 2016 1:45:05 AM org.apache.catalina.startup.VersionLoggerListener log
INFO: Command line argument: -Dcatalina.home=/var/local/apache-tomcat-7.0.67
Jan 21, 2016 1:45:05 AM org.apache.catalina.startup.VersionLoggerListener log
INFO: Command line argument: -Djava.io.tmpdir=/var/local/apache-tomcat-7.0.67/temp
Jan 21, 2016 1:45:05 AM org.apache.catalina.core.AprLifecycleListener lifecycleEvent
INFO: The APR based Apache Tomcat Native library which allows optimal performance in production environments was not found on the java.library.path: /usr/java/packages/lib/amd64:/usr/lib64:/lib64:/lib:/usr/lib
Jan 21, 2016 1:45:05 AM org.apache.coyote.AbstractProtocol init
INFO: Initializing ProtocolHandler ["http-bio-8080"]
Jan 21, 2016 1:45:05 AM org.apache.coyote.AbstractProtocol init
INFO: Initializing ProtocolHandler ["ajp-bio-8009"]
Jan 21, 2016 1:45:05 AM org.apache.catalina.startup.Catalina load
INFO: Initialization processed in 1846 ms
Jan 21, 2016 1:45:05 AM org.apache.catalina.core.StandardService startInternal
INFO: Starting service Catalina
Jan 21, 2016 1:45:05 AM org.apache.catalina.core.StandardEngine startInternal
INFO: Starting Servlet Engine: Apache Tomcat/7.0.67
Jan 21, 2016 1:45:05 AM org.apache.catalina.startup.HostConfig deployDirectory
INFO: Deploying web application directory /var/local/apache-tomcat-7.0.67/webapps/host-manager
Jan 21, 2016 1:45:07 AM org.apache.catalina.startup.HostConfig deployDirectory
INFO: Deployment of web application directory /var/local/apache-tomcat-7.0.67/webapps/host-manager has finished in 1,894 ms
Jan 21, 2016 1:45:07 AM org.apache.catalina.startup.HostConfig deployDirectory
INFO: Deploying web application directory /var/local/apache-tomcat-7.0.67/webapps/examples
Jan 21, 2016 1:45:09 AM org.apache.catalina.startup.HostConfig deployDirectory
INFO: Deployment of web application directory /var/local/apache-tomcat-7.0.67/webapps/examples has finished in 1,438 ms
Jan 21, 2016 1:45:09 AM org.apache.catalina.startup.HostConfig deployDirectory
INFO: Deploying web application directory /var/local/apache-tomcat-7.0.67/webapps/docs
Jan 21, 2016 1:45:09 AM org.apache.catalina.startup.HostConfig deployDirectory
INFO: Deployment of web application directory /var/local/apache-tomcat-7.0.67/webapps/docs has finished in 206 ms
Jan 21, 2016 1:45:09 AM org.apache.catalina.startup.HostConfig deployDirectory
INFO: Deploying web application directory /var/local/apache-tomcat-7.0.67/webapps/manager
Jan 21, 2016 1:45:09 AM org.apache.catalina.startup.HostConfig deployDirectory
INFO: Deployment of web application directory /var/local/apache-tomcat-7.0.67/webapps/manager has finished in 218 ms
Jan 21, 2016 1:45:09 AM org.apache.catalina.startup.HostConfig deployDirectory
INFO: Deploying web application directory /var/local/apache-tomcat-7.0.67/webapps/ROOT
Jan 21, 2016 1:45:09 AM org.apache.catalina.startup.HostConfig deployDirectory
INFO: Deployment of web application directory /var/local/apache-tomcat-7.0.67/webapps/ROOT has finished in 209 ms
Jan 21, 2016 1:45:09 AM org.apache.coyote.AbstractProtocol start
INFO: Starting ProtocolHandler ["http-bio-8080"]
Jan 21, 2016 1:45:09 AM org.apache.coyote.AbstractProtocol start
INFO: Starting ProtocolHandler ["ajp-bio-8009"]
Jan 21, 2016 1:45:09 AM org.apache.catalina.startup.Catalina start
INFO: Server startup in 4218 ms
Jan 21, 2016 1:47:15 AM org.apache.catalina.core.StandardServer await
INFO: A valid shutdown command was received via the shutdown port. Stopping the Server instance.
Jan 21, 2016 1:47:15 AM org.apache.coyote.AbstractProtocol pause
INFO: Pausing ProtocolHandler ["http-bio-8080"]
Jan 21, 2016 1:47:15 AM org.apache.coyote.AbstractProtocol pause
INFO: Pausing ProtocolHandler ["ajp-bio-8009"]
Jan 21, 2016 1:47:15 AM org.apache.catalina.core.StandardService stopInternal
INFO: Stopping service Catalina
Jan 21, 2016 1:47:15 AM org.apache.coyote.AbstractProtocol stop
INFO: Stopping ProtocolHandler ["http-bio-8080"]
Jan 21, 2016 1:47:15 AM org.apache.coyote.AbstractProtocol stop
INFO: Stopping ProtocolHandler ["ajp-bio-8009"]
Jan 21, 2016 1:47:15 AM org.apache.coyote.AbstractProtocol destroy
INFO: Destroying ProtocolHandler ["http-bio-8080"]
Jan 21, 2016 1:47:15 AM org.apache.coyote.AbstractProtocol destroy
INFO: Destroying ProtocolHandler ["ajp-bio-8009"]
Jan 21, 2016 1:47:20 AM org.apache.catalina.startup.VersionLoggerListener log
INFO: Server version:        Apache Tomcat/7.0.67
Jan 21, 2016 1:47:20 AM org.apache.catalina.startup.VersionLoggerListener log
INFO: Server built:          Dec 7 2015 13:07:11 UTC
Jan 21, 2016 1:47:20 AM org.apache.catalina.startup.VersionLoggerListener log
INFO: Server number:         7.0.67.0
Jan 21, 2016 1:47:20 AM org.apache.catalina.startup.VersionLoggerListener log
INFO: OS Name:               Linux
Jan 21, 2016 1:47:20 AM org.apache.catalina.startup.VersionLoggerListener log
INFO: OS Version:            2.6.32-573.el6.x86_64
Jan 21, 2016 1:47:20 AM org.apache.catalina.startup.VersionLoggerListener log
INFO: Architecture:          amd64
Jan 21, 2016 1:47:20 AM org.apache.catalina.startup.VersionLoggerListener log
INFO: Java Home:             /usr/lib/jvm/java-1.7.0-openjdk-1.7.0.91.x86_64/jre
Jan 21, 2016 1:47:20 AM org.apache.catalina.startup.VersionLoggerListener log
INFO: JVM Version:           1.7.0_91-mockbuild_2015_10_21_19_56-b00
Jan 21, 2016 1:47:20 AM org.apache.catalina.startup.VersionLoggerListener log
INFO: JVM Vendor:            Oracle Corporation
Jan 21, 2016 1:47:20 AM org.apache.catalina.startup.VersionLoggerListener log
INFO: CATALINA_BASE:         /var/local/apache-tomcat-7.0.67
Jan 21, 2016 1:47:20 AM org.apache.catalina.startup.VersionLoggerListener log
INFO: CATALINA_HOME:         /var/local/apache-tomcat-7.0.67
Jan 21, 2016 1:47:20 AM org.apache.catalina.startup.VersionLoggerListener log
INFO: Command line argument: -Djava.util.logging.config.file=/var/local/apache-tomcat-7.0.67/conf/logging.properties
Jan 21, 2016 1:47:20 AM org.apache.catalina.startup.VersionLoggerListener log
INFO: Command line argument: -Djava.util.logging.manager=org.apache.juli.ClassLoaderLogManager
Jan 21, 2016 1:47:20 AM org.apache.catalina.startup.VersionLoggerListener log
INFO: Command line argument: -Djava.endorsed.dirs=/var/local/apache-tomcat-7.0.67/endorsed
Jan 21, 2016 1:47:20 AM org.apache.catalina.startup.VersionLoggerListener log
INFO: Command line argument: -Dcatalina.base=/var/local/apache-tomcat-7.0.67
Jan 21, 2016 1:47:20 AM org.apache.catalina.startup.VersionLoggerListener log
INFO: Command line argument: -Dcatalina.home=/var/local/apache-tomcat-7.0.67
Jan 21, 2016 1:47:20 AM org.apache.catalina.startup.VersionLoggerListener log
INFO: Command line argument: -Djava.io.tmpdir=/var/local/apache-tomcat-7.0.67/temp
Jan 21, 2016 1:47:20 AM org.apache.catalina.core.AprLifecycleListener lifecycleEvent
INFO: The APR based Apache Tomcat Native library which allows optimal performance in production environments was not found on the java.library.path: /usr/java/packages/lib/amd64:/usr/lib64:/lib64:/lib:/usr/lib
Jan 21, 2016 1:47:20 AM org.apache.coyote.AbstractProtocol init
INFO: Initializing ProtocolHandler ["http-bio-8080"]
Jan 21, 2016 1:47:21 AM org.apache.coyote.AbstractProtocol init
INFO: Initializing ProtocolHandler ["ajp-bio-8009"]
Jan 21, 2016 1:47:21 AM org.apache.catalina.startup.Catalina load
INFO: Initialization processed in 1881 ms
Jan 21, 2016 1:47:21 AM org.apache.tomcat.util.digester.Digester fatalError
SEVERE: Parse Fatal Error at line 36 column 16: Open quote is expected for attribute "rolename" associated with an  element type  "role".
org.xml.sax.SAXParseException; lineNumber: 36; columnNumber: 16; Open quote is expected for attribute "rolename" associated with an  element type  "role".
	at com.sun.org.apache.xerces.internal.util.ErrorHandlerWrapper.createSAXParseException(ErrorHandlerWrapper.java:198)
	at com.sun.org.apache.xerces.internal.util.ErrorHandlerWrapper.fatalError(ErrorHandlerWrapper.java:177)
	at com.sun.org.apache.xerces.internal.impl.XMLErrorReporter.reportError(XMLErrorReporter.java:400)
	at com.sun.org.apache.xerces.internal.impl.XMLErrorReporter.reportError(XMLErrorReporter.java:327)
	at com.sun.org.apache.xerces.internal.impl.XMLScanner.reportFatalError(XMLScanner.java:1437)
	at com.sun.org.apache.xerces.internal.impl.XMLScanner.scanAttributeValue(XMLScanner.java:830)
	at com.sun.org.apache.xerces.internal.impl.XMLDocumentFragmentScannerImpl.scanAttribute(XMLDocumentFragmentScannerImpl.java:1548)
	at com.sun.org.apache.xerces.internal.impl.XMLDocumentFragmentScannerImpl.scanStartElement(XMLDocumentFragmentScannerImpl.java:1320)
	at com.sun.org.apache.xerces.internal.impl.XMLDocumentFragmentScannerImpl$FragmentContentDriver.next(XMLDocumentFragmentScannerImpl.java:2787)
	at com.sun.org.apache.xerces.internal.impl.XMLDocumentScannerImpl.next(XMLDocumentScannerImpl.java:606)
	at com.sun.org.apache.xerces.internal.impl.XMLDocumentFragmentScannerImpl.scanDocument(XMLDocumentFragmentScannerImpl.java:510)
	at com.sun.org.apache.xerces.internal.parsers.XML11Configuration.parse(XML11Configuration.java:848)
	at com.sun.org.apache.xerces.internal.parsers.XML11Configuration.parse(XML11Configuration.java:777)
	at com.sun.org.apache.xerces.internal.parsers.XMLParser.parse(XMLParser.java:141)
	at com.sun.org.apache.xerces.internal.parsers.AbstractSAXParser.parse(AbstractSAXParser.java:1213)
	at com.sun.org.apache.xerces.internal.jaxp.SAXParserImpl$JAXPSAXParser.parse(SAXParserImpl.java:642)
	at org.apache.tomcat.util.digester.Digester.parse(Digester.java:1574)
	at org.apache.catalina.users.MemoryUserDatabase.open(MemoryUserDatabase.java:424)
	at org.apache.catalina.users.MemoryUserDatabaseFactory.getObjectInstance(MemoryUserDatabaseFactory.java:102)
	at org.apache.naming.factory.ResourceFactory.getObjectInstance(ResourceFactory.java:141)
	at javax.naming.spi.NamingManager.getObjectInstance(NamingManager.java:321)
	at org.apache.naming.NamingContext.lookup(NamingContext.java:842)
	at org.apache.naming.NamingContext.lookup(NamingContext.java:153)
	at org.apache.naming.NamingContextBindingsEnumeration.nextElementInternal(NamingContextBindingsEnumeration.java:117)
	at org.apache.naming.NamingContextBindingsEnumeration.next(NamingContextBindingsEnumeration.java:71)
	at org.apache.naming.NamingContextBindingsEnumeration.next(NamingContextBindingsEnumeration.java:34)
	at org.apache.catalina.mbeans.GlobalResourcesLifecycleListener.createMBeans(GlobalResourcesLifecycleListener.java:138)
	at org.apache.catalina.mbeans.GlobalResourcesLifecycleListener.createMBeans(GlobalResourcesLifecycleListener.java:110)
	at org.apache.catalina.mbeans.GlobalResourcesLifecycleListener.lifecycleEvent(GlobalResourcesLifecycleListener.java:82)
	at org.apache.catalina.util.LifecycleSupport.fireLifecycleEvent(LifecycleSupport.java:117)
	at org.apache.catalina.util.LifecycleBase.fireLifecycleEvent(LifecycleBase.java:90)
	at org.apache.catalina.util.LifecycleBase.setStateInternal(LifecycleBase.java:402)
	at org.apache.catalina.util.LifecycleBase.setState(LifecycleBase.java:347)
	at org.apache.catalina.core.StandardServer.startInternal(StandardServer.java:732)
	at org.apache.catalina.util.LifecycleBase.start(LifecycleBase.java:150)
	at org.apache.catalina.startup.Catalina.start(Catalina.java:693)
	at sun.reflect.NativeMethodAccessorImpl.invoke0(Native Method)
	at sun.reflect.NativeMethodAccessorImpl.invoke(NativeMethodAccessorImpl.java:57)
	at sun.reflect.DelegatingMethodAccessorImpl.invoke(DelegatingMethodAccessorImpl.java:43)
	at java.lang.reflect.Method.invoke(Method.java:606)
	at org.apache.catalina.startup.Bootstrap.start(Bootstrap.java:294)
	at org.apache.catalina.startup.Bootstrap.main(Bootstrap.java:428)

Jan 21, 2016 1:47:21 AM org.apache.naming.NamingContext lookup
WARNING: Unexpected exception resolving reference
org.xml.sax.SAXParseException; lineNumber: 36; columnNumber: 16; Open quote is expected for attribute "rolename" associated with an  element type  "role".
	at com.sun.org.apache.xerces.internal.parsers.AbstractSAXParser.parse(AbstractSAXParser.java:1239)
	at com.sun.org.apache.xerces.internal.jaxp.SAXParserImpl$JAXPSAXParser.parse(SAXParserImpl.java:642)
	at org.apache.tomcat.util.digester.Digester.parse(Digester.java:1574)
	at org.apache.catalina.users.MemoryUserDatabase.open(MemoryUserDatabase.java:424)
	at org.apache.catalina.users.MemoryUserDatabaseFactory.getObjectInstance(MemoryUserDatabaseFactory.java:102)
	at org.apache.naming.factory.ResourceFactory.getObjectInstance(ResourceFactory.java:141)
	at javax.naming.spi.NamingManager.getObjectInstance(NamingManager.java:321)
	at org.apache.naming.NamingContext.lookup(NamingContext.java:842)
	at org.apache.naming.NamingContext.lookup(NamingContext.java:153)
	at org.apache.naming.NamingContextBindingsEnumeration.nextElementInternal(NamingContextBindingsEnumeration.java:117)
	at org.apache.naming.NamingContextBindingsEnumeration.next(NamingContextBindingsEnumeration.java:71)
	at org.apache.naming.NamingContextBindingsEnumeration.next(NamingContextBindingsEnumeration.java:34)
	at org.apache.catalina.mbeans.GlobalResourcesLifecycleListener.createMBeans(GlobalResourcesLifecycleListener.java:138)
	at org.apache.catalina.mbeans.GlobalResourcesLifecycleListener.createMBeans(GlobalResourcesLifecycleListener.java:110)
	at org.apache.catalina.mbeans.GlobalResourcesLifecycleListener.lifecycleEvent(GlobalResourcesLifecycleListener.java:82)
	at org.apache.catalina.util.LifecycleSupport.fireLifecycleEvent(LifecycleSupport.java:117)
	at org.apache.catalina.util.LifecycleBase.fireLifecycleEvent(LifecycleBase.java:90)
	at org.apache.catalina.util.LifecycleBase.setStateInternal(LifecycleBase.java:402)
	at org.apache.catalina.util.LifecycleBase.setState(LifecycleBase.java:347)
	at org.apache.catalina.core.StandardServer.startInternal(StandardServer.java:732)
	at org.apache.catalina.util.LifecycleBase.start(LifecycleBase.java:150)
	at org.apache.catalina.startup.Catalina.start(Catalina.java:693)
	at sun.reflect.NativeMethodAccessorImpl.invoke0(Native Method)
	at sun.reflect.NativeMethodAccessorImpl.invoke(NativeMethodAccessorImpl.java:57)
	at sun.reflect.DelegatingMethodAccessorImpl.invoke(DelegatingMethodAccessorImpl.java:43)
	at java.lang.reflect.Method.invoke(Method.java:606)
	at org.apache.catalina.startup.Bootstrap.start(Bootstrap.java:294)
	at org.apache.catalina.startup.Bootstrap.main(Bootstrap.java:428)

Jan 21, 2016 1:47:21 AM org.apache.catalina.mbeans.GlobalResourcesLifecycleListener createMBeans
SEVERE: Exception processing Global JNDI Resources
javax.naming.NamingException: Open quote is expected for attribute "rolename" associated with an  element type  "role".
	at org.apache.naming.NamingContext.lookup(NamingContext.java:859)
	at org.apache.naming.NamingContext.lookup(NamingContext.java:153)
	at org.apache.naming.NamingContextBindingsEnumeration.nextElementInternal(NamingContextBindingsEnumeration.java:117)
	at org.apache.naming.NamingContextBindingsEnumeration.next(NamingContextBindingsEnumeration.java:71)
	at org.apache.naming.NamingContextBindingsEnumeration.next(NamingContextBindingsEnumeration.java:34)
	at org.apache.catalina.mbeans.GlobalResourcesLifecycleListener.createMBeans(GlobalResourcesLifecycleListener.java:138)
	at org.apache.catalina.mbeans.GlobalResourcesLifecycleListener.createMBeans(GlobalResourcesLifecycleListener.java:110)
	at org.apache.catalina.mbeans.GlobalResourcesLifecycleListener.lifecycleEvent(GlobalResourcesLifecycleListener.java:82)
	at org.apache.catalina.util.LifecycleSupport.fireLifecycleEvent(LifecycleSupport.java:117)
	at org.apache.catalina.util.LifecycleBase.fireLifecycleEvent(LifecycleBase.java:90)
	at org.apache.catalina.util.LifecycleBase.setStateInternal(LifecycleBase.java:402)
	at org.apache.catalina.util.LifecycleBase.setState(LifecycleBase.java:347)
	at org.apache.catalina.core.StandardServer.startInternal(StandardServer.java:732)
	at org.apache.catalina.util.LifecycleBase.start(LifecycleBase.java:150)
	at org.apache.catalina.startup.Catalina.start(Catalina.java:693)
	at sun.reflect.NativeMethodAccessorImpl.invoke0(Native Method)
	at sun.reflect.NativeMethodAccessorImpl.invoke(NativeMethodAccessorImpl.java:57)
	at sun.reflect.DelegatingMethodAccessorImpl.invoke(DelegatingMethodAccessorImpl.java:43)
	at java.lang.reflect.Method.invoke(Method.java:606)
	at org.apache.catalina.startup.Bootstrap.start(Bootstrap.java:294)
	at org.apache.catalina.startup.Bootstrap.main(Bootstrap.java:428)

Jan 21, 2016 1:47:21 AM org.apache.catalina.core.StandardService startInternal
INFO: Starting service Catalina
Jan 21, 2016 1:47:21 AM org.apache.catalina.core.StandardEngine startInternal
INFO: Starting Servlet Engine: Apache Tomcat/7.0.67
Jan 21, 2016 1:47:21 AM org.apache.tomcat.util.digester.Digester fatalError
SEVERE: Parse Fatal Error at line 36 column 16: Open quote is expected for attribute "rolename" associated with an  element type  "role".
org.xml.sax.SAXParseException; lineNumber: 36; columnNumber: 16; Open quote is expected for attribute "rolename" associated with an  element type  "role".
	at com.sun.org.apache.xerces.internal.util.ErrorHandlerWrapper.createSAXParseException(ErrorHandlerWrapper.java:198)
	at com.sun.org.apache.xerces.internal.util.ErrorHandlerWrapper.fatalError(ErrorHandlerWrapper.java:177)
	at com.sun.org.apache.xerces.internal.impl.XMLErrorReporter.reportError(XMLErrorReporter.java:400)
	at com.sun.org.apache.xerces.internal.impl.XMLErrorReporter.reportError(XMLErrorReporter.java:327)
	at com.sun.org.apache.xerces.internal.impl.XMLScanner.reportFatalError(XMLScanner.java:1437)
	at com.sun.org.apache.xerces.internal.impl.XMLScanner.scanAttributeValue(XMLScanner.java:830)
	at com.sun.org.apache.xerces.internal.impl.XMLDocumentFragmentScannerImpl.scanAttribute(XMLDocumentFragmentScannerImpl.java:1548)
	at com.sun.org.apache.xerces.internal.impl.XMLDocumentFragmentScannerImpl.scanStartElement(XMLDocumentFragmentScannerImpl.java:1320)
	at com.sun.org.apache.xerces.internal.impl.XMLDocumentFragmentScannerImpl$FragmentContentDriver.next(XMLDocumentFragmentScannerImpl.java:2787)
	at com.sun.org.apache.xerces.internal.impl.XMLDocumentScannerImpl.next(XMLDocumentScannerImpl.java:606)
	at com.sun.org.apache.xerces.internal.impl.XMLDocumentFragmentScannerImpl.scanDocument(XMLDocumentFragmentScannerImpl.java:510)
	at com.sun.org.apache.xerces.internal.parsers.XML11Configuration.parse(XML11Configuration.java:848)
	at com.sun.org.apache.xerces.internal.parsers.XML11Configuration.parse(XML11Configuration.java:777)
	at com.sun.org.apache.xerces.internal.parsers.XMLParser.parse(XMLParser.java:141)
	at com.sun.org.apache.xerces.internal.parsers.AbstractSAXParser.parse(AbstractSAXParser.java:1213)
	at com.sun.org.apache.xerces.internal.jaxp.SAXParserImpl$JAXPSAXParser.parse(SAXParserImpl.java:642)
	at org.apache.tomcat.util.digester.Digester.parse(Digester.java:1574)
	at org.apache.catalina.users.MemoryUserDatabase.open(MemoryUserDatabase.java:424)
	at org.apache.catalina.users.MemoryUserDatabaseFactory.getObjectInstance(MemoryUserDatabaseFactory.java:102)
	at org.apache.naming.factory.ResourceFactory.getObjectInstance(ResourceFactory.java:141)
	at javax.naming.spi.NamingManager.getObjectInstance(NamingManager.java:321)
	at org.apache.naming.NamingContext.lookup(NamingContext.java:842)
	at org.apache.naming.NamingContext.lookup(NamingContext.java:167)
	at org.apache.catalina.realm.UserDatabaseRealm.startInternal(UserDatabaseRealm.java:253)
	at org.apache.catalina.util.LifecycleBase.start(LifecycleBase.java:150)
	at org.apache.catalina.realm.CombinedRealm.startInternal(CombinedRealm.java:236)
	at org.apache.catalina.realm.LockOutRealm.startInternal(LockOutRealm.java:120)
	at org.apache.catalina.util.LifecycleBase.start(LifecycleBase.java:150)
	at org.apache.catalina.core.ContainerBase.startInternal(ContainerBase.java:1108)
	at org.apache.catalina.core.StandardEngine.startInternal(StandardEngine.java:300)
	at org.apache.catalina.util.LifecycleBase.start(LifecycleBase.java:150)
	at org.apache.catalina.core.StandardService.startInternal(StandardService.java:443)
	at org.apache.catalina.util.LifecycleBase.start(LifecycleBase.java:150)
	at org.apache.catalina.core.StandardServer.startInternal(StandardServer.java:739)
	at org.apache.catalina.util.LifecycleBase.start(LifecycleBase.java:150)
	at org.apache.catalina.startup.Catalina.start(Catalina.java:693)
	at sun.reflect.NativeMethodAccessorImpl.invoke0(Native Method)
	at sun.reflect.NativeMethodAccessorImpl.invoke(NativeMethodAccessorImpl.java:57)
	at sun.reflect.DelegatingMethodAccessorImpl.invoke(DelegatingMethodAccessorImpl.java:43)
	at java.lang.reflect.Method.invoke(Method.java:606)
	at org.apache.catalina.startup.Bootstrap.start(Bootstrap.java:294)
	at org.apache.catalina.startup.Bootstrap.main(Bootstrap.java:428)

Jan 21, 2016 1:47:21 AM org.apache.naming.NamingContext lookup
WARNING: Unexpected exception resolving reference
org.xml.sax.SAXParseException; lineNumber: 36; columnNumber: 16; Open quote is expected for attribute "rolename" associated with an  element type  "role".
	at com.sun.org.apache.xerces.internal.parsers.AbstractSAXParser.parse(AbstractSAXParser.java:1239)
	at com.sun.org.apache.xerces.internal.jaxp.SAXParserImpl$JAXPSAXParser.parse(SAXParserImpl.java:642)
	at org.apache.tomcat.util.digester.Digester.parse(Digester.java:1574)
	at org.apache.catalina.users.MemoryUserDatabase.open(MemoryUserDatabase.java:424)
	at org.apache.catalina.users.MemoryUserDatabaseFactory.getObjectInstance(MemoryUserDatabaseFactory.java:102)
	at org.apache.naming.factory.ResourceFactory.getObjectInstance(ResourceFactory.java:141)
	at javax.naming.spi.NamingManager.getObjectInstance(NamingManager.java:321)
	at org.apache.naming.NamingContext.lookup(NamingContext.java:842)
	at org.apache.naming.NamingContext.lookup(NamingContext.java:167)
	at org.apache.catalina.realm.UserDatabaseRealm.startInternal(UserDatabaseRealm.java:253)
	at org.apache.catalina.util.LifecycleBase.start(LifecycleBase.java:150)
	at org.apache.catalina.realm.CombinedRealm.startInternal(CombinedRealm.java:236)
	at org.apache.catalina.realm.LockOutRealm.startInternal(LockOutRealm.java:120)
	at org.apache.catalina.util.LifecycleBase.start(LifecycleBase.java:150)
	at org.apache.catalina.core.ContainerBase.startInternal(ContainerBase.java:1108)
	at org.apache.catalina.core.StandardEngine.startInternal(StandardEngine.java:300)
	at org.apache.catalina.util.LifecycleBase.start(LifecycleBase.java:150)
	at org.apache.catalina.core.StandardService.startInternal(StandardService.java:443)
	at org.apache.catalina.util.LifecycleBase.start(LifecycleBase.java:150)
	at org.apache.catalina.core.StandardServer.startInternal(StandardServer.java:739)
	at org.apache.catalina.util.LifecycleBase.start(LifecycleBase.java:150)
	at org.apache.catalina.startup.Catalina.start(Catalina.java:693)
	at sun.reflect.NativeMethodAccessorImpl.invoke0(Native Method)
	at sun.reflect.NativeMethodAccessorImpl.invoke(NativeMethodAccessorImpl.java:57)
	at sun.reflect.DelegatingMethodAccessorImpl.invoke(DelegatingMethodAccessorImpl.java:43)
	at java.lang.reflect.Method.invoke(Method.java:606)
	at org.apache.catalina.startup.Bootstrap.start(Bootstrap.java:294)
	at org.apache.catalina.startup.Bootstrap.main(Bootstrap.java:428)

Jan 21, 2016 1:47:21 AM org.apache.catalina.realm.UserDatabaseRealm startInternal
SEVERE: Exception looking up UserDatabase under key UserDatabase
javax.naming.NamingException: Open quote is expected for attribute "rolename" associated with an  element type  "role".
	at org.apache.naming.NamingContext.lookup(NamingContext.java:859)
	at org.apache.naming.NamingContext.lookup(NamingContext.java:167)
	at org.apache.catalina.realm.UserDatabaseRealm.startInternal(UserDatabaseRealm.java:253)
	at org.apache.catalina.util.LifecycleBase.start(LifecycleBase.java:150)
	at org.apache.catalina.realm.CombinedRealm.startInternal(CombinedRealm.java:236)
	at org.apache.catalina.realm.LockOutRealm.startInternal(LockOutRealm.java:120)
	at org.apache.catalina.util.LifecycleBase.start(LifecycleBase.java:150)
	at org.apache.catalina.core.ContainerBase.startInternal(ContainerBase.java:1108)
	at org.apache.catalina.core.StandardEngine.startInternal(StandardEngine.java:300)
	at org.apache.catalina.util.LifecycleBase.start(LifecycleBase.java:150)
	at org.apache.catalina.core.StandardService.startInternal(StandardService.java:443)
	at org.apache.catalina.util.LifecycleBase.start(LifecycleBase.java:150)
	at org.apache.catalina.core.StandardServer.startInternal(StandardServer.java:739)
	at org.apache.catalina.util.LifecycleBase.start(LifecycleBase.java:150)
	at org.apache.catalina.startup.Catalina.start(Catalina.java:693)
	at sun.reflect.NativeMethodAccessorImpl.invoke0(Native Method)
	at sun.reflect.NativeMethodAccessorImpl.invoke(NativeMethodAccessorImpl.java:57)
	at sun.reflect.DelegatingMethodAccessorImpl.invoke(DelegatingMethodAccessorImpl.java:43)
	at java.lang.reflect.Method.invoke(Method.java:606)
	at org.apache.catalina.startup.Bootstrap.start(Bootstrap.java:294)
	at org.apache.catalina.startup.Bootstrap.main(Bootstrap.java:428)

Jan 21, 2016 1:47:21 AM org.apache.catalina.realm.CombinedRealm startInternal
SEVERE: Failed to start "org.apache.catalina.realm.UserDatabaseRealm/1.0" realm
org.apache.catalina.LifecycleException: Failed to start component [Realm[UserDatabaseRealm]]
	at org.apache.catalina.util.LifecycleBase.start(LifecycleBase.java:154)
	at org.apache.catalina.realm.CombinedRealm.startInternal(CombinedRealm.java:236)
	at org.apache.catalina.realm.LockOutRealm.startInternal(LockOutRealm.java:120)
	at org.apache.catalina.util.LifecycleBase.start(LifecycleBase.java:150)
	at org.apache.catalina.core.ContainerBase.startInternal(ContainerBase.java:1108)
	at org.apache.catalina.core.StandardEngine.startInternal(StandardEngine.java:300)
	at org.apache.catalina.util.LifecycleBase.start(LifecycleBase.java:150)
	at org.apache.catalina.core.StandardService.startInternal(StandardService.java:443)
	at org.apache.catalina.util.LifecycleBase.start(LifecycleBase.java:150)
	at org.apache.catalina.core.StandardServer.startInternal(StandardServer.java:739)
	at org.apache.catalina.util.LifecycleBase.start(LifecycleBase.java:150)
	at org.apache.catalina.startup.Catalina.start(Catalina.java:693)
	at sun.reflect.NativeMethodAccessorImpl.invoke0(Native Method)
	at sun.reflect.NativeMethodAccessorImpl.invoke(NativeMethodAccessorImpl.java:57)
	at sun.reflect.DelegatingMethodAccessorImpl.invoke(DelegatingMethodAccessorImpl.java:43)
	at java.lang.reflect.Method.invoke(Method.java:606)
	at org.apache.catalina.startup.Bootstrap.start(Bootstrap.java:294)
	at org.apache.catalina.startup.Bootstrap.main(Bootstrap.java:428)
Caused by: org.apache.catalina.LifecycleException: No UserDatabase component found under key UserDatabase
	at org.apache.catalina.realm.UserDatabaseRealm.startInternal(UserDatabaseRealm.java:262)
	at org.apache.catalina.util.LifecycleBase.start(LifecycleBase.java:150)
	... 17 more

Jan 21, 2016 1:47:21 AM org.apache.catalina.startup.HostConfig deployDirectory
INFO: Deploying web application directory /var/local/apache-tomcat-7.0.67/webapps/host-manager
Jan 21, 2016 1:47:23 AM org.apache.catalina.startup.HostConfig deployDirectory
INFO: Deployment of web application directory /var/local/apache-tomcat-7.0.67/webapps/host-manager has finished in 1,913 ms
Jan 21, 2016 1:47:23 AM org.apache.catalina.startup.HostConfig deployDirectory
INFO: Deploying web application directory /var/local/apache-tomcat-7.0.67/webapps/examples
Jan 21, 2016 1:47:24 AM org.apache.catalina.startup.HostConfig deployDirectory
INFO: Deployment of web application directory /var/local/apache-tomcat-7.0.67/webapps/examples has finished in 1,346 ms
Jan 21, 2016 1:47:24 AM org.apache.catalina.startup.HostConfig deployDirectory
INFO: Deploying web application directory /var/local/apache-tomcat-7.0.67/webapps/docs
Jan 21, 2016 1:47:24 AM org.apache.catalina.startup.HostConfig deployDirectory
INFO: Deployment of web application directory /var/local/apache-tomcat-7.0.67/webapps/docs has finished in 179 ms
Jan 21, 2016 1:47:24 AM org.apache.catalina.startup.HostConfig deployDirectory
INFO: Deploying web application directory /var/local/apache-tomcat-7.0.67/webapps/manager
Jan 21, 2016 1:47:24 AM org.apache.catalina.startup.HostConfig deployDirectory
INFO: Deployment of web application directory /var/local/apache-tomcat-7.0.67/webapps/manager has finished in 182 ms
Jan 21, 2016 1:47:24 AM org.apache.catalina.startup.HostConfig deployDirectory
INFO: Deploying web application directory /var/local/apache-tomcat-7.0.67/webapps/ROOT
Jan 21, 2016 1:47:25 AM org.apache.catalina.startup.HostConfig deployDirectory
INFO: Deployment of web application directory /var/local/apache-tomcat-7.0.67/webapps/ROOT has finished in 185 ms
Jan 21, 2016 1:47:25 AM org.apache.coyote.AbstractProtocol start
INFO: Starting ProtocolHandler ["http-bio-8080"]
Jan 21, 2016 1:47:25 AM org.apache.coyote.AbstractProtocol start
INFO: Starting ProtocolHandler ["ajp-bio-8009"]
Jan 21, 2016 1:47:25 AM org.apache.catalina.startup.Catalina start
INFO: Server startup in 4114 ms
Jan 21, 2016 1:55:02 AM org.apache.catalina.core.StandardServer await
INFO: A valid shutdown command was received via the shutdown port. Stopping the Server instance.
Jan 21, 2016 1:55:02 AM org.apache.coyote.AbstractProtocol pause
INFO: Pausing ProtocolHandler ["http-bio-8080"]
Jan 21, 2016 1:55:02 AM org.apache.coyote.AbstractProtocol pause
INFO: Pausing ProtocolHandler ["ajp-bio-8009"]
Jan 21, 2016 1:55:02 AM org.apache.catalina.core.StandardService stopInternal
INFO: Stopping service Catalina
Jan 21, 2016 1:55:02 AM org.apache.coyote.AbstractProtocol stop
INFO: Stopping ProtocolHandler ["http-bio-8080"]
Jan 21, 2016 1:55:02 AM org.apache.coyote.AbstractProtocol stop
INFO: Stopping ProtocolHandler ["ajp-bio-8009"]
Jan 21, 2016 1:55:02 AM org.apache.coyote.AbstractProtocol destroy
INFO: Destroying ProtocolHandler ["http-bio-8080"]
Jan 21, 2016 1:55:02 AM org.apache.coyote.AbstractProtocol destroy
INFO: Destroying ProtocolHandler ["ajp-bio-8009"]
Jan 21, 2016 1:55:06 AM org.apache.catalina.startup.VersionLoggerListener log
INFO: Server version:        Apache Tomcat/7.0.67
Jan 21, 2016 1:55:06 AM org.apache.catalina.startup.VersionLoggerListener log
INFO: Server built:          Dec 7 2015 13:07:11 UTC
Jan 21, 2016 1:55:06 AM org.apache.catalina.startup.VersionLoggerListener log
INFO: Server number:         7.0.67.0
Jan 21, 2016 1:55:06 AM org.apache.catalina.startup.VersionLoggerListener log
INFO: OS Name:               Linux
Jan 21, 2016 1:55:06 AM org.apache.catalina.startup.VersionLoggerListener log
INFO: OS Version:            2.6.32-573.el6.x86_64
Jan 21, 2016 1:55:06 AM org.apache.catalina.startup.VersionLoggerListener log
INFO: Architecture:          amd64
Jan 21, 2016 1:55:06 AM org.apache.catalina.startup.VersionLoggerListener log
INFO: Java Home:             /usr/lib/jvm/java-1.7.0-openjdk-1.7.0.91.x86_64/jre
Jan 21, 2016 1:55:06 AM org.apache.catalina.startup.VersionLoggerListener log
INFO: JVM Version:           1.7.0_91-mockbuild_2015_10_21_19_56-b00
Jan 21, 2016 1:55:06 AM org.apache.catalina.startup.VersionLoggerListener log
INFO: JVM Vendor:            Oracle Corporation
Jan 21, 2016 1:55:06 AM org.apache.catalina.startup.VersionLoggerListener log
INFO: CATALINA_BASE:         /var/local/apache-tomcat-7.0.67
Jan 21, 2016 1:55:06 AM org.apache.catalina.startup.VersionLoggerListener log
INFO: CATALINA_HOME:         /var/local/apache-tomcat-7.0.67
Jan 21, 2016 1:55:06 AM org.apache.catalina.startup.VersionLoggerListener log
INFO: Command line argument: -Djava.util.logging.config.file=/var/local/apache-tomcat-7.0.67/conf/logging.properties
Jan 21, 2016 1:55:06 AM org.apache.catalina.startup.VersionLoggerListener log
INFO: Command line argument: -Djava.util.logging.manager=org.apache.juli.ClassLoaderLogManager
Jan 21, 2016 1:55:06 AM org.apache.catalina.startup.VersionLoggerListener log
INFO: Command line argument: -Djava.endorsed.dirs=/var/local/apache-tomcat-7.0.67/endorsed
Jan 21, 2016 1:55:06 AM org.apache.catalina.startup.VersionLoggerListener log
INFO: Command line argument: -Dcatalina.base=/var/local/apache-tomcat-7.0.67
Jan 21, 2016 1:55:06 AM org.apache.catalina.startup.VersionLoggerListener log
INFO: Command line argument: -Dcatalina.home=/var/local/apache-tomcat-7.0.67
Jan 21, 2016 1:55:06 AM org.apache.catalina.startup.VersionLoggerListener log
INFO: Command line argument: -Djava.io.tmpdir=/var/local/apache-tomcat-7.0.67/temp
Jan 21, 2016 1:55:06 AM org.apache.catalina.core.AprLifecycleListener lifecycleEvent
INFO: The APR based Apache Tomcat Native library which allows optimal performance in production environments was not found on the java.library.path: /usr/java/packages/lib/amd64:/usr/lib64:/lib64:/lib:/usr/lib
Jan 21, 2016 1:55:06 AM org.apache.coyote.AbstractProtocol init
INFO: Initializing ProtocolHandler ["http-bio-8080"]
Jan 21, 2016 1:55:06 AM org.apache.coyote.AbstractProtocol init
INFO: Initializing ProtocolHandler ["ajp-bio-8009"]
Jan 21, 2016 1:55:06 AM org.apache.catalina.startup.Catalina load
INFO: Initialization processed in 1806 ms
Jan 21, 2016 1:55:06 AM org.apache.tomcat.util.digester.Digester fatalError
SEVERE: Parse Fatal Error at line 36 column 16: Open quote is expected for attribute "username" associated with an  element type  "user".
org.xml.sax.SAXParseException; lineNumber: 36; columnNumber: 16; Open quote is expected for attribute "username" associated with an  element type  "user".
	at com.sun.org.apache.xerces.internal.util.ErrorHandlerWrapper.createSAXParseException(ErrorHandlerWrapper.java:198)
	at com.sun.org.apache.xerces.internal.util.ErrorHandlerWrapper.fatalError(ErrorHandlerWrapper.java:177)
	at com.sun.org.apache.xerces.internal.impl.XMLErrorReporter.reportError(XMLErrorReporter.java:400)
	at com.sun.org.apache.xerces.internal.impl.XMLErrorReporter.reportError(XMLErrorReporter.java:327)
	at com.sun.org.apache.xerces.internal.impl.XMLScanner.reportFatalError(XMLScanner.java:1437)
	at com.sun.org.apache.xerces.internal.impl.XMLScanner.scanAttributeValue(XMLScanner.java:830)
	at com.sun.org.apache.xerces.internal.impl.XMLDocumentFragmentScannerImpl.scanAttribute(XMLDocumentFragmentScannerImpl.java:1548)
	at com.sun.org.apache.xerces.internal.impl.XMLDocumentFragmentScannerImpl.scanStartElement(XMLDocumentFragmentScannerImpl.java:1320)
	at com.sun.org.apache.xerces.internal.impl.XMLDocumentFragmentScannerImpl$FragmentContentDriver.next(XMLDocumentFragmentScannerImpl.java:2787)
	at com.sun.org.apache.xerces.internal.impl.XMLDocumentScannerImpl.next(XMLDocumentScannerImpl.java:606)
	at com.sun.org.apache.xerces.internal.impl.XMLDocumentFragmentScannerImpl.scanDocument(XMLDocumentFragmentScannerImpl.java:510)
	at com.sun.org.apache.xerces.internal.parsers.XML11Configuration.parse(XML11Configuration.java:848)
	at com.sun.org.apache.xerces.internal.parsers.XML11Configuration.parse(XML11Configuration.java:777)
	at com.sun.org.apache.xerces.internal.parsers.XMLParser.parse(XMLParser.java:141)
	at com.sun.org.apache.xerces.internal.parsers.AbstractSAXParser.parse(AbstractSAXParser.java:1213)
	at com.sun.org.apache.xerces.internal.jaxp.SAXParserImpl$JAXPSAXParser.parse(SAXParserImpl.java:642)
	at org.apache.tomcat.util.digester.Digester.parse(Digester.java:1574)
	at org.apache.catalina.users.MemoryUserDatabase.open(MemoryUserDatabase.java:424)
	at org.apache.catalina.users.MemoryUserDatabaseFactory.getObjectInstance(MemoryUserDatabaseFactory.java:102)
	at org.apache.naming.factory.ResourceFactory.getObjectInstance(ResourceFactory.java:141)
	at javax.naming.spi.NamingManager.getObjectInstance(NamingManager.java:321)
	at org.apache.naming.NamingContext.lookup(NamingContext.java:842)
	at org.apache.naming.NamingContext.lookup(NamingContext.java:153)
	at org.apache.naming.NamingContextBindingsEnumeration.nextElementInternal(NamingContextBindingsEnumeration.java:117)
	at org.apache.naming.NamingContextBindingsEnumeration.next(NamingContextBindingsEnumeration.java:71)
	at org.apache.naming.NamingContextBindingsEnumeration.next(NamingContextBindingsEnumeration.java:34)
	at org.apache.catalina.mbeans.GlobalResourcesLifecycleListener.createMBeans(GlobalResourcesLifecycleListener.java:138)
	at org.apache.catalina.mbeans.GlobalResourcesLifecycleListener.createMBeans(GlobalResourcesLifecycleListener.java:110)
	at org.apache.catalina.mbeans.GlobalResourcesLifecycleListener.lifecycleEvent(GlobalResourcesLifecycleListener.java:82)
	at org.apache.catalina.util.LifecycleSupport.fireLifecycleEvent(LifecycleSupport.java:117)
	at org.apache.catalina.util.LifecycleBase.fireLifecycleEvent(LifecycleBase.java:90)
	at org.apache.catalina.util.LifecycleBase.setStateInternal(LifecycleBase.java:402)
	at org.apache.catalina.util.LifecycleBase.setState(LifecycleBase.java:347)
	at org.apache.catalina.core.StandardServer.startInternal(StandardServer.java:732)
	at org.apache.catalina.util.LifecycleBase.start(LifecycleBase.java:150)
	at org.apache.catalina.startup.Catalina.start(Catalina.java:693)
	at sun.reflect.NativeMethodAccessorImpl.invoke0(Native Method)
	at sun.reflect.NativeMethodAccessorImpl.invoke(NativeMethodAccessorImpl.java:57)
	at sun.reflect.DelegatingMethodAccessorImpl.invoke(DelegatingMethodAccessorImpl.java:43)
	at java.lang.reflect.Method.invoke(Method.java:606)
	at org.apache.catalina.startup.Bootstrap.start(Bootstrap.java:294)
	at org.apache.catalina.startup.Bootstrap.main(Bootstrap.java:428)

Jan 21, 2016 1:55:06 AM org.apache.naming.NamingContext lookup
WARNING: Unexpected exception resolving reference
org.xml.sax.SAXParseException; lineNumber: 36; columnNumber: 16; Open quote is expected for attribute "username" associated with an  element type  "user".
	at com.sun.org.apache.xerces.internal.parsers.AbstractSAXParser.parse(AbstractSAXParser.java:1239)
	at com.sun.org.apache.xerces.internal.jaxp.SAXParserImpl$JAXPSAXParser.parse(SAXParserImpl.java:642)
	at org.apache.tomcat.util.digester.Digester.parse(Digester.java:1574)
	at org.apache.catalina.users.MemoryUserDatabase.open(MemoryUserDatabase.java:424)
	at org.apache.catalina.users.MemoryUserDatabaseFactory.getObjectInstance(MemoryUserDatabaseFactory.java:102)
	at org.apache.naming.factory.ResourceFactory.getObjectInstance(ResourceFactory.java:141)
	at javax.naming.spi.NamingManager.getObjectInstance(NamingManager.java:321)
	at org.apache.naming.NamingContext.lookup(NamingContext.java:842)
	at org.apache.naming.NamingContext.lookup(NamingContext.java:153)
	at org.apache.naming.NamingContextBindingsEnumeration.nextElementInternal(NamingContextBindingsEnumeration.java:117)
	at org.apache.naming.NamingContextBindingsEnumeration.next(NamingContextBindingsEnumeration.java:71)
	at org.apache.naming.NamingContextBindingsEnumeration.next(NamingContextBindingsEnumeration.java:34)
	at org.apache.catalina.mbeans.GlobalResourcesLifecycleListener.createMBeans(GlobalResourcesLifecycleListener.java:138)
	at org.apache.catalina.mbeans.GlobalResourcesLifecycleListener.createMBeans(GlobalResourcesLifecycleListener.java:110)
	at org.apache.catalina.mbeans.GlobalResourcesLifecycleListener.lifecycleEvent(GlobalResourcesLifecycleListener.java:82)
	at org.apache.catalina.util.LifecycleSupport.fireLifecycleEvent(LifecycleSupport.java:117)
	at org.apache.catalina.util.LifecycleBase.fireLifecycleEvent(LifecycleBase.java:90)
	at org.apache.catalina.util.LifecycleBase.setStateInternal(LifecycleBase.java:402)
	at org.apache.catalina.util.LifecycleBase.setState(LifecycleBase.java:347)
	at org.apache.catalina.core.StandardServer.startInternal(StandardServer.java:732)
	at org.apache.catalina.util.LifecycleBase.start(LifecycleBase.java:150)
	at org.apache.catalina.startup.Catalina.start(Catalina.java:693)
	at sun.reflect.NativeMethodAccessorImpl.invoke0(Native Method)
	at sun.reflect.NativeMethodAccessorImpl.invoke(NativeMethodAccessorImpl.java:57)
	at sun.reflect.DelegatingMethodAccessorImpl.invoke(DelegatingMethodAccessorImpl.java:43)
	at java.lang.reflect.Method.invoke(Method.java:606)
	at org.apache.catalina.startup.Bootstrap.start(Bootstrap.java:294)
	at org.apache.catalina.startup.Bootstrap.main(Bootstrap.java:428)

Jan 21, 2016 1:55:06 AM org.apache.catalina.mbeans.GlobalResourcesLifecycleListener createMBeans
SEVERE: Exception processing Global JNDI Resources
javax.naming.NamingException: Open quote is expected for attribute "username" associated with an  element type  "user".
	at org.apache.naming.NamingContext.lookup(NamingContext.java:859)
	at org.apache.naming.NamingContext.lookup(NamingContext.java:153)
	at org.apache.naming.NamingContextBindingsEnumeration.nextElementInternal(NamingContextBindingsEnumeration.java:117)
	at org.apache.naming.NamingContextBindingsEnumeration.next(NamingContextBindingsEnumeration.java:71)
	at org.apache.naming.NamingContextBindingsEnumeration.next(NamingContextBindingsEnumeration.java:34)
	at org.apache.catalina.mbeans.GlobalResourcesLifecycleListener.createMBeans(GlobalResourcesLifecycleListener.java:138)
	at org.apache.catalina.mbeans.GlobalResourcesLifecycleListener.createMBeans(GlobalResourcesLifecycleListener.java:110)
	at org.apache.catalina.mbeans.GlobalResourcesLifecycleListener.lifecycleEvent(GlobalResourcesLifecycleListener.java:82)
	at org.apache.catalina.util.LifecycleSupport.fireLifecycleEvent(LifecycleSupport.java:117)
	at org.apache.catalina.util.LifecycleBase.fireLifecycleEvent(LifecycleBase.java:90)
	at org.apache.catalina.util.LifecycleBase.setStateInternal(LifecycleBase.java:402)
	at org.apache.catalina.util.LifecycleBase.setState(LifecycleBase.java:347)
	at org.apache.catalina.core.StandardServer.startInternal(StandardServer.java:732)
	at org.apache.catalina.util.LifecycleBase.start(LifecycleBase.java:150)
	at org.apache.catalina.startup.Catalina.start(Catalina.java:693)
	at sun.reflect.NativeMethodAccessorImpl.invoke0(Native Method)
	at sun.reflect.NativeMethodAccessorImpl.invoke(NativeMethodAccessorImpl.java:57)
	at sun.reflect.DelegatingMethodAccessorImpl.invoke(DelegatingMethodAccessorImpl.java:43)
	at java.lang.reflect.Method.invoke(Method.java:606)
	at org.apache.catalina.startup.Bootstrap.start(Bootstrap.java:294)
	at org.apache.catalina.startup.Bootstrap.main(Bootstrap.java:428)

Jan 21, 2016 1:55:06 AM org.apache.catalina.core.StandardService startInternal
INFO: Starting service Catalina
Jan 21, 2016 1:55:06 AM org.apache.catalina.core.StandardEngine startInternal
INFO: Starting Servlet Engine: Apache Tomcat/7.0.67
Jan 21, 2016 1:55:06 AM org.apache.tomcat.util.digester.Digester fatalError
SEVERE: Parse Fatal Error at line 36 column 16: Open quote is expected for attribute "username" associated with an  element type  "user".
org.xml.sax.SAXParseException; lineNumber: 36; columnNumber: 16; Open quote is expected for attribute "username" associated with an  element type  "user".
	at com.sun.org.apache.xerces.internal.util.ErrorHandlerWrapper.createSAXParseException(ErrorHandlerWrapper.java:198)
	at com.sun.org.apache.xerces.internal.util.ErrorHandlerWrapper.fatalError(ErrorHandlerWrapper.java:177)
	at com.sun.org.apache.xerces.internal.impl.XMLErrorReporter.reportError(XMLErrorReporter.java:400)
	at com.sun.org.apache.xerces.internal.impl.XMLErrorReporter.reportError(XMLErrorReporter.java:327)
	at com.sun.org.apache.xerces.internal.impl.XMLScanner.reportFatalError(XMLScanner.java:1437)
	at com.sun.org.apache.xerces.internal.impl.XMLScanner.scanAttributeValue(XMLScanner.java:830)
	at com.sun.org.apache.xerces.internal.impl.XMLDocumentFragmentScannerImpl.scanAttribute(XMLDocumentFragmentScannerImpl.java:1548)
	at com.sun.org.apache.xerces.internal.impl.XMLDocumentFragmentScannerImpl.scanStartElement(XMLDocumentFragmentScannerImpl.java:1320)
	at com.sun.org.apache.xerces.internal.impl.XMLDocumentFragmentScannerImpl$FragmentContentDriver.next(XMLDocumentFragmentScannerImpl.java:2787)
	at com.sun.org.apache.xerces.internal.impl.XMLDocumentScannerImpl.next(XMLDocumentScannerImpl.java:606)
	at com.sun.org.apache.xerces.internal.impl.XMLDocumentFragmentScannerImpl.scanDocument(XMLDocumentFragmentScannerImpl.java:510)
	at com.sun.org.apache.xerces.internal.parsers.XML11Configuration.parse(XML11Configuration.java:848)
	at com.sun.org.apache.xerces.internal.parsers.XML11Configuration.parse(XML11Configuration.java:777)
	at com.sun.org.apache.xerces.internal.parsers.XMLParser.parse(XMLParser.java:141)
	at com.sun.org.apache.xerces.internal.parsers.AbstractSAXParser.parse(AbstractSAXParser.java:1213)
	at com.sun.org.apache.xerces.internal.jaxp.SAXParserImpl$JAXPSAXParser.parse(SAXParserImpl.java:642)
	at org.apache.tomcat.util.digester.Digester.parse(Digester.java:1574)
	at org.apache.catalina.users.MemoryUserDatabase.open(MemoryUserDatabase.java:424)
	at org.apache.catalina.users.MemoryUserDatabaseFactory.getObjectInstance(MemoryUserDatabaseFactory.java:102)
	at org.apache.naming.factory.ResourceFactory.getObjectInstance(ResourceFactory.java:141)
	at javax.naming.spi.NamingManager.getObjectInstance(NamingManager.java:321)
	at org.apache.naming.NamingContext.lookup(NamingContext.java:842)
	at org.apache.naming.NamingContext.lookup(NamingContext.java:167)
	at org.apache.catalina.realm.UserDatabaseRealm.startInternal(UserDatabaseRealm.java:253)
	at org.apache.catalina.util.LifecycleBase.start(LifecycleBase.java:150)
	at org.apache.catalina.realm.CombinedRealm.startInternal(CombinedRealm.java:236)
	at org.apache.catalina.realm.LockOutRealm.startInternal(LockOutRealm.java:120)
	at org.apache.catalina.util.LifecycleBase.start(LifecycleBase.java:150)
	at org.apache.catalina.core.ContainerBase.startInternal(ContainerBase.java:1108)
	at org.apache.catalina.core.StandardEngine.startInternal(StandardEngine.java:300)
	at org.apache.catalina.util.LifecycleBase.start(LifecycleBase.java:150)
	at org.apache.catalina.core.StandardService.startInternal(StandardService.java:443)
	at org.apache.catalina.util.LifecycleBase.start(LifecycleBase.java:150)
	at org.apache.catalina.core.StandardServer.startInternal(StandardServer.java:739)
	at org.apache.catalina.util.LifecycleBase.start(LifecycleBase.java:150)
	at org.apache.catalina.startup.Catalina.start(Catalina.java:693)
	at sun.reflect.NativeMethodAccessorImpl.invoke0(Native Method)
	at sun.reflect.NativeMethodAccessorImpl.invoke(NativeMethodAccessorImpl.java:57)
	at sun.reflect.DelegatingMethodAccessorImpl.invoke(DelegatingMethodAccessorImpl.java:43)
	at java.lang.reflect.Method.invoke(Method.java:606)
	at org.apache.catalina.startup.Bootstrap.start(Bootstrap.java:294)
	at org.apache.catalina.startup.Bootstrap.main(Bootstrap.java:428)

Jan 21, 2016 1:55:06 AM org.apache.naming.NamingContext lookup
WARNING: Unexpected exception resolving reference
org.xml.sax.SAXParseException; lineNumber: 36; columnNumber: 16; Open quote is expected for attribute "username" associated with an  element type  "user".
	at com.sun.org.apache.xerces.internal.parsers.AbstractSAXParser.parse(AbstractSAXParser.java:1239)
	at com.sun.org.apache.xerces.internal.jaxp.SAXParserImpl$JAXPSAXParser.parse(SAXParserImpl.java:642)
	at org.apache.tomcat.util.digester.Digester.parse(Digester.java:1574)
	at org.apache.catalina.users.MemoryUserDatabase.open(MemoryUserDatabase.java:424)
	at org.apache.catalina.users.MemoryUserDatabaseFactory.getObjectInstance(MemoryUserDatabaseFactory.java:102)
	at org.apache.naming.factory.ResourceFactory.getObjectInstance(ResourceFactory.java:141)
	at javax.naming.spi.NamingManager.getObjectInstance(NamingManager.java:321)
	at org.apache.naming.NamingContext.lookup(NamingContext.java:842)
	at org.apache.naming.NamingContext.lookup(NamingContext.java:167)
	at org.apache.catalina.realm.UserDatabaseRealm.startInternal(UserDatabaseRealm.java:253)
	at org.apache.catalina.util.LifecycleBase.start(LifecycleBase.java:150)
	at org.apache.catalina.realm.CombinedRealm.startInternal(CombinedRealm.java:236)
	at org.apache.catalina.realm.LockOutRealm.startInternal(LockOutRealm.java:120)
	at org.apache.catalina.util.LifecycleBase.start(LifecycleBase.java:150)
	at org.apache.catalina.core.ContainerBase.startInternal(ContainerBase.java:1108)
	at org.apache.catalina.core.StandardEngine.startInternal(StandardEngine.java:300)
	at org.apache.catalina.util.LifecycleBase.start(LifecycleBase.java:150)
	at org.apache.catalina.core.StandardService.startInternal(StandardService.java:443)
	at org.apache.catalina.util.LifecycleBase.start(LifecycleBase.java:150)
	at org.apache.catalina.core.StandardServer.startInternal(StandardServer.java:739)
	at org.apache.catalina.util.LifecycleBase.start(LifecycleBase.java:150)
	at org.apache.catalina.startup.Catalina.start(Catalina.java:693)
	at sun.reflect.NativeMethodAccessorImpl.invoke0(Native Method)
	at sun.reflect.NativeMethodAccessorImpl.invoke(NativeMethodAccessorImpl.java:57)
	at sun.reflect.DelegatingMethodAccessorImpl.invoke(DelegatingMethodAccessorImpl.java:43)
	at java.lang.reflect.Method.invoke(Method.java:606)
	at org.apache.catalina.startup.Bootstrap.start(Bootstrap.java:294)
	at org.apache.catalina.startup.Bootstrap.main(Bootstrap.java:428)

Jan 21, 2016 1:55:06 AM org.apache.catalina.realm.UserDatabaseRealm startInternal
SEVERE: Exception looking up UserDatabase under key UserDatabase
javax.naming.NamingException: Open quote is expected for attribute "username" associated with an  element type  "user".
	at org.apache.naming.NamingContext.lookup(NamingContext.java:859)
	at org.apache.naming.NamingContext.lookup(NamingContext.java:167)
	at org.apache.catalina.realm.UserDatabaseRealm.startInternal(UserDatabaseRealm.java:253)
	at org.apache.catalina.util.LifecycleBase.start(LifecycleBase.java:150)
	at org.apache.catalina.realm.CombinedRealm.startInternal(CombinedRealm.java:236)
	at org.apache.catalina.realm.LockOutRealm.startInternal(LockOutRealm.java:120)
	at org.apache.catalina.util.LifecycleBase.start(LifecycleBase.java:150)
	at org.apache.catalina.core.ContainerBase.startInternal(ContainerBase.java:1108)
	at org.apache.catalina.core.StandardEngine.startInternal(StandardEngine.java:300)
	at org.apache.catalina.util.LifecycleBase.start(LifecycleBase.java:150)
	at org.apache.catalina.core.StandardService.startInternal(StandardService.java:443)
	at org.apache.catalina.util.LifecycleBase.start(LifecycleBase.java:150)
	at org.apache.catalina.core.StandardServer.startInternal(StandardServer.java:739)
	at org.apache.catalina.util.LifecycleBase.start(LifecycleBase.java:150)
	at org.apache.catalina.startup.Catalina.start(Catalina.java:693)
	at sun.reflect.NativeMethodAccessorImpl.invoke0(Native Method)
	at sun.reflect.NativeMethodAccessorImpl.invoke(NativeMethodAccessorImpl.java:57)
	at sun.reflect.DelegatingMethodAccessorImpl.invoke(DelegatingMethodAccessorImpl.java:43)
	at java.lang.reflect.Method.invoke(Method.java:606)
	at org.apache.catalina.startup.Bootstrap.start(Bootstrap.java:294)
	at org.apache.catalina.startup.Bootstrap.main(Bootstrap.java:428)

Jan 21, 2016 1:55:06 AM org.apache.catalina.realm.CombinedRealm startInternal
SEVERE: Failed to start "org.apache.catalina.realm.UserDatabaseRealm/1.0" realm
org.apache.catalina.LifecycleException: Failed to start component [Realm[UserDatabaseRealm]]
	at org.apache.catalina.util.LifecycleBase.start(LifecycleBase.java:154)
	at org.apache.catalina.realm.CombinedRealm.startInternal(CombinedRealm.java:236)
	at org.apache.catalina.realm.LockOutRealm.startInternal(LockOutRealm.java:120)
	at org.apache.catalina.util.LifecycleBase.start(LifecycleBase.java:150)
	at org.apache.catalina.core.ContainerBase.startInternal(ContainerBase.java:1108)
	at org.apache.catalina.core.StandardEngine.startInternal(StandardEngine.java:300)
	at org.apache.catalina.util.LifecycleBase.start(LifecycleBase.java:150)
	at org.apache.catalina.core.StandardService.startInternal(StandardService.java:443)
	at org.apache.catalina.util.LifecycleBase.start(LifecycleBase.java:150)
	at org.apache.catalina.core.StandardServer.startInternal(StandardServer.java:739)
	at org.apache.catalina.util.LifecycleBase.start(LifecycleBase.java:150)
	at org.apache.catalina.startup.Catalina.start(Catalina.java:693)
	at sun.reflect.NativeMethodAccessorImpl.invoke0(Native Method)
	at sun.reflect.NativeMethodAccessorImpl.invoke(NativeMethodAccessorImpl.java:57)
	at sun.reflect.DelegatingMethodAccessorImpl.invoke(DelegatingMethodAccessorImpl.java:43)
	at java.lang.reflect.Method.invoke(Method.java:606)
	at org.apache.catalina.startup.Bootstrap.start(Bootstrap.java:294)
	at org.apache.catalina.startup.Bootstrap.main(Bootstrap.java:428)
Caused by: org.apache.catalina.LifecycleException: No UserDatabase component found under key UserDatabase
	at org.apache.catalina.realm.UserDatabaseRealm.startInternal(UserDatabaseRealm.java:262)
	at org.apache.catalina.util.LifecycleBase.start(LifecycleBase.java:150)
	... 17 more

Jan 21, 2016 1:55:06 AM org.apache.catalina.startup.HostConfig deployDirectory
INFO: Deploying web application directory /var/local/apache-tomcat-7.0.67/webapps/host-manager
Jan 21, 2016 1:55:08 AM org.apache.catalina.startup.HostConfig deployDirectory
INFO: Deployment of web application directory /var/local/apache-tomcat-7.0.67/webapps/host-manager has finished in 1,724 ms
Jan 21, 2016 1:55:08 AM org.apache.catalina.startup.HostConfig deployDirectory
INFO: Deploying web application directory /var/local/apache-tomcat-7.0.67/webapps/examples
Jan 21, 2016 1:55:09 AM org.apache.catalina.startup.HostConfig deployDirectory
INFO: Deployment of web application directory /var/local/apache-tomcat-7.0.67/webapps/examples has finished in 1,146 ms
Jan 21, 2016 1:55:09 AM org.apache.catalina.startup.HostConfig deployDirectory
INFO: Deploying web application directory /var/local/apache-tomcat-7.0.67/webapps/docs
Jan 21, 2016 1:55:09 AM org.apache.catalina.startup.HostConfig deployDirectory
INFO: Deployment of web application directory /var/local/apache-tomcat-7.0.67/webapps/docs has finished in 131 ms
Jan 21, 2016 1:55:09 AM org.apache.catalina.startup.HostConfig deployDirectory
INFO: Deploying web application directory /var/local/apache-tomcat-7.0.67/webapps/manager
Jan 21, 2016 1:55:09 AM org.apache.catalina.startup.HostConfig deployDirectory
INFO: Deployment of web application directory /var/local/apache-tomcat-7.0.67/webapps/manager has finished in 158 ms
Jan 21, 2016 1:55:09 AM org.apache.catalina.startup.HostConfig deployDirectory
INFO: Deploying web application directory /var/local/apache-tomcat-7.0.67/webapps/ROOT
Jan 21, 2016 1:55:09 AM org.apache.catalina.startup.HostConfig deployDirectory
INFO: Deployment of web application directory /var/local/apache-tomcat-7.0.67/webapps/ROOT has finished in 175 ms
Jan 21, 2016 1:55:09 AM org.apache.coyote.AbstractProtocol start
INFO: Starting ProtocolHandler ["http-bio-8080"]
Jan 21, 2016 1:55:09 AM org.apache.coyote.AbstractProtocol start
INFO: Starting ProtocolHandler ["ajp-bio-8009"]
Jan 21, 2016 1:55:09 AM org.apache.catalina.startup.Catalina start
INFO: Server startup in 3610 ms
