May 12, 2016 8:37:55 PM org.apache.catalina.startup.VersionLoggerListener log
INFO: Server version:        Apache Tomcat/7.0.67
May 12, 2016 8:37:55 PM org.apache.catalina.startup.VersionLoggerListener log
INFO: Server built:          Dec 7 2015 13:07:11 UTC
May 12, 2016 8:37:55 PM org.apache.catalina.startup.VersionLoggerListener log
INFO: Server number:         7.0.67.0
May 12, 2016 8:37:55 PM org.apache.catalina.startup.VersionLoggerListener log
INFO: OS Name:               Linux
May 12, 2016 8:37:55 PM org.apache.catalina.startup.VersionLoggerListener log
INFO: OS Version:            2.6.32-573.22.1.el6.x86_64
May 12, 2016 8:37:55 PM org.apache.catalina.startup.VersionLoggerListener log
INFO: Architecture:          amd64
May 12, 2016 8:37:55 PM org.apache.catalina.startup.VersionLoggerListener log
INFO: Java Home:             /usr/lib/jvm/java-1.7.0-openjdk-1.7.0.101.x86_64/jre
May 12, 2016 8:37:55 PM org.apache.catalina.startup.VersionLoggerListener log
INFO: JVM Version:           1.7.0_101-mockbuild_2016_04_21_13_21-b00
May 12, 2016 8:37:55 PM org.apache.catalina.startup.VersionLoggerListener log
INFO: JVM Vendor:            Oracle Corporation
May 12, 2016 8:37:55 PM org.apache.catalina.startup.VersionLoggerListener log
INFO: CATALINA_BASE:         /var/local/apache-tomcat-7.0.67
May 12, 2016 8:37:55 PM org.apache.catalina.startup.VersionLoggerListener log
INFO: CATALINA_HOME:         /var/local/apache-tomcat-7.0.67
May 12, 2016 8:37:55 PM org.apache.catalina.startup.VersionLoggerListener log
INFO: Command line argument: -Djava.util.logging.config.file=/var/local/apache-tomcat-7.0.67/conf/logging.properties
May 12, 2016 8:37:55 PM org.apache.catalina.startup.VersionLoggerListener log
INFO: Command line argument: -Djava.util.logging.manager=org.apache.juli.ClassLoaderLogManager
May 12, 2016 8:37:55 PM org.apache.catalina.startup.VersionLoggerListener log
INFO: Command line argument: -Djava.endorsed.dirs=/var/local/apache-tomcat-7.0.67/endorsed
May 12, 2016 8:37:55 PM org.apache.catalina.startup.VersionLoggerListener log
INFO: Command line argument: -Dcatalina.base=/var/local/apache-tomcat-7.0.67
May 12, 2016 8:37:55 PM org.apache.catalina.startup.VersionLoggerListener log
INFO: Command line argument: -Dcatalina.home=/var/local/apache-tomcat-7.0.67
May 12, 2016 8:37:55 PM org.apache.catalina.startup.VersionLoggerListener log
INFO: Command line argument: -Djava.io.tmpdir=/var/local/apache-tomcat-7.0.67/temp
May 12, 2016 8:37:55 PM org.apache.catalina.core.AprLifecycleListener lifecycleEvent
INFO: The APR based Apache Tomcat Native library which allows optimal performance in production environments was not found on the java.library.path: /usr/java/packages/lib/amd64:/usr/lib64:/lib64:/lib:/usr/lib
May 12, 2016 8:37:56 PM org.apache.coyote.AbstractProtocol init
INFO: Initializing ProtocolHandler ["http-bio-8080"]
May 12, 2016 8:37:56 PM org.apache.coyote.AbstractProtocol init
INFO: Initializing ProtocolHandler ["ajp-bio-8009"]
May 12, 2016 8:37:56 PM org.apache.catalina.startup.Catalina load
INFO: Initialization processed in 2928 ms
May 12, 2016 8:37:56 PM org.apache.catalina.core.StandardService startInternal
INFO: Starting service Catalina
May 12, 2016 8:37:56 PM org.apache.catalina.core.StandardEngine startInternal
INFO: Starting Servlet Engine: Apache Tomcat/7.0.67
May 12, 2016 8:37:56 PM org.apache.catalina.startup.HostConfig deployDirectory
INFO: Deploying web application directory /var/local/apache-tomcat-7.0.67/webapps/host-manager
May 12, 2016 8:37:58 PM org.apache.catalina.startup.HostConfig deployDirectory
INFO: Deployment of web application directory /var/local/apache-tomcat-7.0.67/webapps/host-manager has finished in 1,864 ms
May 12, 2016 8:37:58 PM org.apache.catalina.startup.HostConfig deployDirectory
INFO: Deploying web application directory /var/local/apache-tomcat-7.0.67/webapps/PublicAudit
May 12, 2016 8:37:59 PM org.apache.catalina.startup.TldConfig execute
INFO: At least one JAR was scanned for TLDs yet contained no TLDs. Enable debug logging for this logger for a complete list of JARs that were scanned but no TLDs were found in them. Skipping unneeded JARs during scanning can improve startup time and JSP compilation time.
May 12, 2016 8:37:59 PM org.apache.catalina.startup.HostConfig deployDirectory
INFO: Deployment of web application directory /var/local/apache-tomcat-7.0.67/webapps/PublicAudit has finished in 572 ms
May 12, 2016 8:37:59 PM org.apache.catalina.startup.HostConfig deployDirectory
INFO: Deploying web application directory /var/local/apache-tomcat-7.0.67/webapps/examples
May 12, 2016 8:38:00 PM org.apache.catalina.startup.HostConfig deployDirectory
INFO: Deployment of web application directory /var/local/apache-tomcat-7.0.67/webapps/examples has finished in 1,149 ms
May 12, 2016 8:38:00 PM org.apache.catalina.startup.HostConfig deployDirectory
INFO: Deploying web application directory /var/local/apache-tomcat-7.0.67/webapps/docs
May 12, 2016 8:38:00 PM org.apache.catalina.startup.HostConfig deployDirectory
INFO: Deployment of web application directory /var/local/apache-tomcat-7.0.67/webapps/docs has finished in 174 ms
May 12, 2016 8:38:00 PM org.apache.catalina.startup.HostConfig deployDirectory
INFO: Deploying web application directory /var/local/apache-tomcat-7.0.67/webapps/pranay
May 12, 2016 8:38:00 PM org.apache.catalina.startup.HostConfig deployDirectory
INFO: Deployment of web application directory /var/local/apache-tomcat-7.0.67/webapps/pranay has finished in 229 ms
May 12, 2016 8:38:00 PM org.apache.catalina.startup.HostConfig deployDirectory
INFO: Deploying web application directory /var/local/apache-tomcat-7.0.67/webapps/manager
May 12, 2016 8:38:00 PM org.apache.catalina.startup.HostConfig deployDirectory
INFO: Deployment of web application directory /var/local/apache-tomcat-7.0.67/webapps/manager has finished in 205 ms
May 12, 2016 8:38:00 PM org.apache.catalina.startup.HostConfig deployDirectory
INFO: Deploying web application directory /var/local/apache-tomcat-7.0.67/webapps/samphire-portal - Openshift
May 12, 2016 8:38:01 PM org.apache.catalina.startup.HostConfig deployDirectory
INFO: Deployment of web application directory /var/local/apache-tomcat-7.0.67/webapps/samphire-portal - Openshift has finished in 136 ms
May 12, 2016 8:38:01 PM org.apache.catalina.startup.HostConfig deployDirectory
INFO: Deploying web application directory /var/local/apache-tomcat-7.0.67/webapps/woodlodge-mobile-app
May 12, 2016 8:38:01 PM org.apache.catalina.startup.HostConfig deployDirectory
INFO: Deployment of web application directory /var/local/apache-tomcat-7.0.67/webapps/woodlodge-mobile-app has finished in 65 ms
May 12, 2016 8:38:01 PM org.apache.catalina.startup.HostConfig deployDirectory
INFO: Deploying web application directory /var/local/apache-tomcat-7.0.67/webapps/activiti-rest
May 12, 2016 8:38:08 PM org.apache.catalina.startup.TldConfig execute
INFO: At least one JAR was scanned for TLDs yet contained no TLDs. Enable debug logging for this logger for a complete list of JARs that were scanned but no TLDs were found in them. Skipping unneeded JARs during scanning can improve startup time and JSP compilation time.
May 12, 2016 8:38:26 PM org.apache.catalina.startup.HostConfig deployDirectory
INFO: Deployment of web application directory /var/local/apache-tomcat-7.0.67/webapps/activiti-rest has finished in 25,171 ms
May 12, 2016 8:38:26 PM org.apache.catalina.startup.HostConfig deployDirectory
INFO: Deploying web application directory /var/local/apache-tomcat-7.0.67/webapps/activiti-explorer
May 12, 2016 8:38:37 PM org.apache.catalina.startup.TldConfig execute
INFO: At least one JAR was scanned for TLDs yet contained no TLDs. Enable debug logging for this logger for a complete list of JARs that were scanned but no TLDs were found in them. Skipping unneeded JARs during scanning can improve startup time and JSP compilation time.
May 12, 2016 8:38:53 PM org.apache.catalina.startup.HostConfig deployDirectory
INFO: Deployment of web application directory /var/local/apache-tomcat-7.0.67/webapps/activiti-explorer has finished in 27,130 ms
May 12, 2016 8:38:53 PM org.apache.catalina.startup.HostConfig deployDirectory
INFO: Deploying web application directory /var/local/apache-tomcat-7.0.67/webapps/woodlodge-portal
May 12, 2016 8:38:53 PM org.apache.catalina.startup.HostConfig deployDirectory
INFO: Deployment of web application directory /var/local/apache-tomcat-7.0.67/webapps/woodlodge-portal has finished in 280 ms
May 12, 2016 8:38:53 PM org.apache.catalina.startup.HostConfig deployDirectory
INFO: Deploying web application directory /var/local/apache-tomcat-7.0.67/webapps/ROOT
May 12, 2016 8:38:53 PM org.apache.catalina.startup.HostConfig deployDirectory
INFO: Deployment of web application directory /var/local/apache-tomcat-7.0.67/webapps/ROOT has finished in 284 ms
May 12, 2016 8:38:53 PM org.apache.catalina.startup.HostConfig deployDirectory
INFO: Deploying web application directory /var/local/apache-tomcat-7.0.67/webapps/samphire-portal
May 12, 2016 8:38:54 PM org.apache.catalina.startup.HostConfig deployDirectory
INFO: Deployment of web application directory /var/local/apache-tomcat-7.0.67/webapps/samphire-portal has finished in 316 ms
May 12, 2016 8:38:54 PM org.apache.catalina.startup.HostConfig deployDirectory
INFO: Deploying web application directory /var/local/apache-tomcat-7.0.67/webapps/CRM
May 12, 2016 8:38:55 PM org.apache.catalina.startup.HostConfig deployDirectory
INFO: Deployment of web application directory /var/local/apache-tomcat-7.0.67/webapps/CRM has finished in 736 ms
May 12, 2016 8:38:55 PM org.apache.coyote.AbstractProtocol start
INFO: Starting ProtocolHandler ["http-bio-8080"]
May 12, 2016 8:38:55 PM org.apache.coyote.AbstractProtocol start
INFO: Starting ProtocolHandler ["ajp-bio-8009"]
May 12, 2016 8:38:55 PM org.apache.catalina.startup.Catalina start
INFO: Server startup in 58708 ms
May 12, 2016 9:56:26 PM org.apache.catalina.core.StandardServer await
INFO: A valid shutdown command was received via the shutdown port. Stopping the Server instance.
May 12, 2016 9:56:26 PM org.apache.coyote.AbstractProtocol pause
INFO: Pausing ProtocolHandler ["http-bio-8080"]
May 12, 2016 9:56:26 PM org.apache.coyote.AbstractProtocol pause
INFO: Pausing ProtocolHandler ["ajp-bio-8009"]
May 12, 2016 9:56:26 PM org.apache.catalina.core.StandardService stopInternal
INFO: Stopping service Catalina
May 12, 2016 9:56:27 PM org.apache.catalina.loader.WebappClassLoaderBase clearReferencesJdbc
SEVERE: The web application [/activiti-rest] registered the JDBC driver [org.h2.Driver] but failed to unregister it when the web application was stopped. To prevent a memory leak, the JDBC Driver has been forcibly unregistered.
May 12, 2016 9:56:28 PM org.apache.catalina.loader.WebappClassLoaderBase clearReferencesJdbc
SEVERE: The web application [/activiti-explorer] registered the JDBC driver [org.h2.Driver] but failed to unregister it when the web application was stopped. To prevent a memory leak, the JDBC Driver has been forcibly unregistered.
May 12, 2016 9:56:28 PM org.apache.catalina.loader.WebappClassLoaderBase clearReferencesJdbc
SEVERE: The web application [/PublicAudit] registered the JDBC driver [com.mysql.jdbc.Driver] but failed to unregister it when the web application was stopped. To prevent a memory leak, the JDBC Driver has been forcibly unregistered.
May 12, 2016 9:56:28 PM org.apache.catalina.loader.WebappClassLoaderBase clearReferencesThreads
SEVERE: The web application [/PublicAudit] appears to have started a thread named [MySQL Statement Cancellation Timer] but has failed to stop it. This is very likely to create a memory leak.
May 12, 2016 9:56:28 PM org.apache.coyote.AbstractProtocol stop
INFO: Stopping ProtocolHandler ["http-bio-8080"]
May 12, 2016 9:56:28 PM org.apache.coyote.AbstractProtocol stop
INFO: Stopping ProtocolHandler ["ajp-bio-8009"]
May 12, 2016 9:56:28 PM org.apache.coyote.AbstractProtocol destroy
INFO: Destroying ProtocolHandler ["http-bio-8080"]
May 12, 2016 9:56:28 PM org.apache.coyote.AbstractProtocol destroy
INFO: Destroying ProtocolHandler ["ajp-bio-8009"]
May 12, 2016 9:56:45 PM org.apache.catalina.startup.VersionLoggerListener log
INFO: Server version:        Apache Tomcat/7.0.67
May 12, 2016 9:56:45 PM org.apache.catalina.startup.VersionLoggerListener log
INFO: Server built:          Dec 7 2015 13:07:11 UTC
May 12, 2016 9:56:45 PM org.apache.catalina.startup.VersionLoggerListener log
INFO: Server number:         7.0.67.0
May 12, 2016 9:56:45 PM org.apache.catalina.startup.VersionLoggerListener log
INFO: OS Name:               Linux
May 12, 2016 9:56:45 PM org.apache.catalina.startup.VersionLoggerListener log
INFO: OS Version:            2.6.32-573.22.1.el6.x86_64
May 12, 2016 9:56:45 PM org.apache.catalina.startup.VersionLoggerListener log
INFO: Architecture:          amd64
May 12, 2016 9:56:45 PM org.apache.catalina.startup.VersionLoggerListener log
INFO: Java Home:             /usr/lib/jvm/java-1.7.0-openjdk-1.7.0.101.x86_64/jre
May 12, 2016 9:56:45 PM org.apache.catalina.startup.VersionLoggerListener log
INFO: JVM Version:           1.7.0_101-mockbuild_2016_04_21_13_21-b00
May 12, 2016 9:56:45 PM org.apache.catalina.startup.VersionLoggerListener log
INFO: JVM Vendor:            Oracle Corporation
May 12, 2016 9:56:45 PM org.apache.catalina.startup.VersionLoggerListener log
INFO: CATALINA_BASE:         /var/local/apache-tomcat-7.0.67
May 12, 2016 9:56:45 PM org.apache.catalina.startup.VersionLoggerListener log
INFO: CATALINA_HOME:         /var/local/apache-tomcat-7.0.67
May 12, 2016 9:56:45 PM org.apache.catalina.startup.VersionLoggerListener log
INFO: Command line argument: -Djava.util.logging.config.file=/var/local/apache-tomcat-7.0.67/conf/logging.properties
May 12, 2016 9:56:45 PM org.apache.catalina.startup.VersionLoggerListener log
INFO: Command line argument: -Djava.util.logging.manager=org.apache.juli.ClassLoaderLogManager
May 12, 2016 9:56:45 PM org.apache.catalina.startup.VersionLoggerListener log
INFO: Command line argument: -Djava.endorsed.dirs=/var/local/apache-tomcat-7.0.67/endorsed
May 12, 2016 9:56:45 PM org.apache.catalina.startup.VersionLoggerListener log
INFO: Command line argument: -Dcatalina.base=/var/local/apache-tomcat-7.0.67
May 12, 2016 9:56:45 PM org.apache.catalina.startup.VersionLoggerListener log
INFO: Command line argument: -Dcatalina.home=/var/local/apache-tomcat-7.0.67
May 12, 2016 9:56:45 PM org.apache.catalina.startup.VersionLoggerListener log
INFO: Command line argument: -Djava.io.tmpdir=/var/local/apache-tomcat-7.0.67/temp
May 12, 2016 9:56:45 PM org.apache.catalina.core.AprLifecycleListener lifecycleEvent
INFO: The APR based Apache Tomcat Native library which allows optimal performance in production environments was not found on the java.library.path: /usr/java/packages/lib/amd64:/usr/lib64:/lib64:/lib:/usr/lib
May 12, 2016 9:56:46 PM org.apache.coyote.AbstractProtocol init
INFO: Initializing ProtocolHandler ["http-bio-8080"]
May 12, 2016 9:56:46 PM org.apache.coyote.AbstractProtocol init
INFO: Initializing ProtocolHandler ["ajp-bio-8009"]
May 12, 2016 9:56:46 PM org.apache.catalina.startup.Catalina load
INFO: Initialization processed in 2928 ms
May 12, 2016 9:56:46 PM org.apache.catalina.core.StandardService startInternal
INFO: Starting service Catalina
May 12, 2016 9:56:46 PM org.apache.catalina.core.StandardEngine startInternal
INFO: Starting Servlet Engine: Apache Tomcat/7.0.67
May 12, 2016 9:56:46 PM org.apache.catalina.startup.HostConfig deployDirectory
INFO: Deploying web application directory /var/local/apache-tomcat-7.0.67/webapps/host-manager
May 12, 2016 9:56:48 PM org.apache.catalina.startup.TldConfig execute
INFO: At least one JAR was scanned for TLDs yet contained no TLDs. Enable debug logging for this logger for a complete list of JARs that were scanned but no TLDs were found in them. Skipping unneeded JARs during scanning can improve startup time and JSP compilation time.
May 12, 2016 9:56:49 PM org.apache.catalina.startup.HostConfig deployDirectory
INFO: Deployment of web application directory /var/local/apache-tomcat-7.0.67/webapps/host-manager has finished in 2,354 ms
May 12, 2016 9:56:49 PM org.apache.catalina.startup.HostConfig deployDirectory
INFO: Deploying web application directory /var/local/apache-tomcat-7.0.67/webapps/PublicAudit
May 12, 2016 9:56:49 PM org.apache.catalina.startup.TldConfig execute
INFO: At least one JAR was scanned for TLDs yet contained no TLDs. Enable debug logging for this logger for a complete list of JARs that were scanned but no TLDs were found in them. Skipping unneeded JARs during scanning can improve startup time and JSP compilation time.
May 12, 2016 9:56:49 PM org.apache.catalina.startup.HostConfig deployDirectory
INFO: Deployment of web application directory /var/local/apache-tomcat-7.0.67/webapps/PublicAudit has finished in 749 ms
May 12, 2016 9:56:49 PM org.apache.catalina.startup.HostConfig deployDirectory
INFO: Deploying web application directory /var/local/apache-tomcat-7.0.67/webapps/examples
May 12, 2016 9:56:51 PM org.apache.catalina.startup.TldConfig execute
INFO: At least one JAR was scanned for TLDs yet contained no TLDs. Enable debug logging for this logger for a complete list of JARs that were scanned but no TLDs were found in them. Skipping unneeded JARs during scanning can improve startup time and JSP compilation time.
May 12, 2016 9:56:51 PM org.apache.catalina.startup.HostConfig deployDirectory
INFO: Deployment of web application directory /var/local/apache-tomcat-7.0.67/webapps/examples has finished in 1,362 ms
May 12, 2016 9:56:51 PM org.apache.catalina.startup.HostConfig deployDirectory
INFO: Deploying web application directory /var/local/apache-tomcat-7.0.67/webapps/docs
May 12, 2016 9:56:51 PM org.apache.catalina.startup.TldConfig execute
INFO: At least one JAR was scanned for TLDs yet contained no TLDs. Enable debug logging for this logger for a complete list of JARs that were scanned but no TLDs were found in them. Skipping unneeded JARs during scanning can improve startup time and JSP compilation time.
May 12, 2016 9:56:51 PM org.apache.catalina.startup.HostConfig deployDirectory
INFO: Deployment of web application directory /var/local/apache-tomcat-7.0.67/webapps/docs has finished in 376 ms
May 12, 2016 9:56:51 PM org.apache.catalina.startup.HostConfig deployDirectory
INFO: Deploying web application directory /var/local/apache-tomcat-7.0.67/webapps/pranay
May 12, 2016 9:56:52 PM org.apache.catalina.startup.TldConfig execute
INFO: At least one JAR was scanned for TLDs yet contained no TLDs. Enable debug logging for this logger for a complete list of JARs that were scanned but no TLDs were found in them. Skipping unneeded JARs during scanning can improve startup time and JSP compilation time.
May 12, 2016 9:56:52 PM org.apache.catalina.startup.HostConfig deployDirectory
INFO: Deployment of web application directory /var/local/apache-tomcat-7.0.67/webapps/pranay has finished in 464 ms
May 12, 2016 9:56:52 PM org.apache.catalina.startup.HostConfig deployDirectory
INFO: Deploying web application directory /var/local/apache-tomcat-7.0.67/webapps/manager
May 12, 2016 9:56:52 PM org.apache.catalina.startup.TldConfig execute
INFO: At least one JAR was scanned for TLDs yet contained no TLDs. Enable debug logging for this logger for a complete list of JARs that were scanned but no TLDs were found in them. Skipping unneeded JARs during scanning can improve startup time and JSP compilation time.
May 12, 2016 9:56:52 PM org.apache.catalina.startup.HostConfig deployDirectory
INFO: Deployment of web application directory /var/local/apache-tomcat-7.0.67/webapps/manager has finished in 360 ms
May 12, 2016 9:56:52 PM org.apache.catalina.startup.HostConfig deployDirectory
INFO: Deploying web application directory /var/local/apache-tomcat-7.0.67/webapps/samphire-portal - Openshift
May 12, 2016 9:56:52 PM org.apache.catalina.startup.TldConfig execute
INFO: At least one JAR was scanned for TLDs yet contained no TLDs. Enable debug logging for this logger for a complete list of JARs that were scanned but no TLDs were found in them. Skipping unneeded JARs during scanning can improve startup time and JSP compilation time.
May 12, 2016 9:56:52 PM org.apache.catalina.startup.HostConfig deployDirectory
INFO: Deployment of web application directory /var/local/apache-tomcat-7.0.67/webapps/samphire-portal - Openshift has finished in 277 ms
May 12, 2016 9:56:52 PM org.apache.catalina.startup.HostConfig deployDirectory
INFO: Deploying web application directory /var/local/apache-tomcat-7.0.67/webapps/woodlodge-mobile-app
May 12, 2016 9:56:52 PM org.apache.catalina.startup.TldConfig execute
INFO: At least one JAR was scanned for TLDs yet contained no TLDs. Enable debug logging for this logger for a complete list of JARs that were scanned but no TLDs were found in them. Skipping unneeded JARs during scanning can improve startup time and JSP compilation time.
May 12, 2016 9:56:52 PM org.apache.catalina.startup.HostConfig deployDirectory
INFO: Deployment of web application directory /var/local/apache-tomcat-7.0.67/webapps/woodlodge-mobile-app has finished in 172 ms
May 12, 2016 9:56:52 PM org.apache.catalina.startup.HostConfig deployDirectory
INFO: Deploying web application directory /var/local/apache-tomcat-7.0.67/webapps/activiti-rest
May 12, 2016 9:57:00 PM org.apache.catalina.startup.TldConfig execute
INFO: At least one JAR was scanned for TLDs yet contained no TLDs. Enable debug logging for this logger for a complete list of JARs that were scanned but no TLDs were found in them. Skipping unneeded JARs during scanning can improve startup time and JSP compilation time.
May 12, 2016 9:57:12 PM org.apache.catalina.startup.HostConfig deployDirectory
INFO: Deployment of web application directory /var/local/apache-tomcat-7.0.67/webapps/activiti-rest has finished in 19,703 ms
May 12, 2016 9:57:12 PM org.apache.catalina.startup.HostConfig deployDirectory
INFO: Deploying web application directory /var/local/apache-tomcat-7.0.67/webapps/activiti-explorer
May 12, 2016 9:57:19 PM org.apache.catalina.startup.TldConfig execute
INFO: At least one JAR was scanned for TLDs yet contained no TLDs. Enable debug logging for this logger for a complete list of JARs that were scanned but no TLDs were found in them. Skipping unneeded JARs during scanning can improve startup time and JSP compilation time.
May 12, 2016 9:57:33 PM org.apache.catalina.startup.HostConfig deployDirectory
INFO: Deployment of web application directory /var/local/apache-tomcat-7.0.67/webapps/activiti-explorer has finished in 20,623 ms
May 12, 2016 9:57:33 PM org.apache.catalina.startup.HostConfig deployDirectory
INFO: Deploying web application directory /var/local/apache-tomcat-7.0.67/webapps/woodlodge-portal
May 12, 2016 9:57:33 PM org.apache.catalina.startup.TldConfig execute
INFO: At least one JAR was scanned for TLDs yet contained no TLDs. Enable debug logging for this logger for a complete list of JARs that were scanned but no TLDs were found in them. Skipping unneeded JARs during scanning can improve startup time and JSP compilation time.
May 12, 2016 9:57:33 PM org.apache.catalina.startup.HostConfig deployDirectory
INFO: Deployment of web application directory /var/local/apache-tomcat-7.0.67/webapps/woodlodge-portal has finished in 331 ms
May 12, 2016 9:57:33 PM org.apache.catalina.startup.HostConfig deployDirectory
INFO: Deploying web application directory /var/local/apache-tomcat-7.0.67/webapps/ROOT
May 12, 2016 9:57:34 PM org.apache.catalina.startup.TldConfig execute
INFO: At least one JAR was scanned for TLDs yet contained no TLDs. Enable debug logging for this logger for a complete list of JARs that were scanned but no TLDs were found in them. Skipping unneeded JARs during scanning can improve startup time and JSP compilation time.
May 12, 2016 9:57:34 PM org.apache.catalina.startup.HostConfig deployDirectory
INFO: Deployment of web application directory /var/local/apache-tomcat-7.0.67/webapps/ROOT has finished in 598 ms
May 12, 2016 9:57:34 PM org.apache.catalina.startup.HostConfig deployDirectory
INFO: Deploying web application directory /var/local/apache-tomcat-7.0.67/webapps/samphire-portal
May 12, 2016 9:57:34 PM org.apache.catalina.startup.TldConfig execute
INFO: At least one JAR was scanned for TLDs yet contained no TLDs. Enable debug logging for this logger for a complete list of JARs that were scanned but no TLDs were found in them. Skipping unneeded JARs during scanning can improve startup time and JSP compilation time.
May 12, 2016 9:57:34 PM org.apache.catalina.startup.HostConfig deployDirectory
INFO: Deployment of web application directory /var/local/apache-tomcat-7.0.67/webapps/samphire-portal has finished in 567 ms
May 12, 2016 9:57:34 PM org.apache.catalina.startup.HostConfig deployDirectory
INFO: Deploying web application directory /var/local/apache-tomcat-7.0.67/webapps/CRM
May 12, 2016 9:57:35 PM org.apache.catalina.startup.TldConfig execute
INFO: At least one JAR was scanned for TLDs yet contained no TLDs. Enable debug logging for this logger for a complete list of JARs that were scanned but no TLDs were found in them. Skipping unneeded JARs during scanning can improve startup time and JSP compilation time.
May 12, 2016 9:57:36 PM org.apache.catalina.startup.HostConfig deployDirectory
INFO: Deployment of web application directory /var/local/apache-tomcat-7.0.67/webapps/CRM has finished in 1,257 ms
May 12, 2016 9:57:36 PM org.apache.coyote.AbstractProtocol start
INFO: Starting ProtocolHandler ["http-bio-8080"]
May 12, 2016 9:57:36 PM org.apache.coyote.AbstractProtocol start
INFO: Starting ProtocolHandler ["ajp-bio-8009"]
May 12, 2016 9:57:36 PM org.apache.catalina.startup.Catalina start
INFO: Server startup in 49554 ms
May 12, 2016 10:07:02 PM org.apache.catalina.core.StandardServer await
INFO: A valid shutdown command was received via the shutdown port. Stopping the Server instance.
May 12, 2016 10:07:02 PM org.apache.coyote.AbstractProtocol pause
INFO: Pausing ProtocolHandler ["http-bio-8080"]
May 12, 2016 10:07:02 PM org.apache.coyote.AbstractProtocol pause
INFO: Pausing ProtocolHandler ["ajp-bio-8009"]
May 12, 2016 10:07:02 PM org.apache.catalina.core.StandardService stopInternal
INFO: Stopping service Catalina
May 12, 2016 10:07:02 PM org.apache.catalina.loader.WebappClassLoaderBase clearReferencesThreads
SEVERE: The web application [/pranay] appears to have started a thread named [Abandoned connection cleanup thread] but has failed to stop it. This is very likely to create a memory leak.
May 12, 2016 10:07:02 PM org.apache.catalina.loader.WebappClassLoaderBase clearReferencesJdbc
SEVERE: The web application [/activiti-rest] registered the JDBC driver [org.h2.Driver] but failed to unregister it when the web application was stopped. To prevent a memory leak, the JDBC Driver has been forcibly unregistered.
May 12, 2016 10:07:02 PM org.apache.catalina.loader.WebappClassLoaderBase clearReferencesJdbc
SEVERE: The web application [/activiti-explorer] registered the JDBC driver [org.h2.Driver] but failed to unregister it when the web application was stopped. To prevent a memory leak, the JDBC Driver has been forcibly unregistered.
May 12, 2016 10:07:02 PM org.apache.catalina.loader.WebappClassLoaderBase clearReferencesJdbc
SEVERE: The web application [/PublicAudit] registered the JDBC driver [com.mysql.jdbc.Driver] but failed to unregister it when the web application was stopped. To prevent a memory leak, the JDBC Driver has been forcibly unregistered.
May 12, 2016 10:07:02 PM org.apache.catalina.loader.WebappClassLoaderBase clearReferencesThreads
SEVERE: The web application [/PublicAudit] appears to have started a thread named [MySQL Statement Cancellation Timer] but has failed to stop it. This is very likely to create a memory leak.
May 12, 2016 10:07:02 PM org.apache.coyote.AbstractProtocol stop
INFO: Stopping ProtocolHandler ["http-bio-8080"]
May 12, 2016 10:07:02 PM org.apache.coyote.AbstractProtocol stop
INFO: Stopping ProtocolHandler ["ajp-bio-8009"]
May 12, 2016 10:07:02 PM org.apache.coyote.AbstractProtocol destroy
INFO: Destroying ProtocolHandler ["http-bio-8080"]
May 12, 2016 10:07:02 PM org.apache.coyote.AbstractProtocol destroy
INFO: Destroying ProtocolHandler ["ajp-bio-8009"]
May 12, 2016 10:07:07 PM org.apache.catalina.startup.VersionLoggerListener log
INFO: Server version:        Apache Tomcat/7.0.67
May 12, 2016 10:07:07 PM org.apache.catalina.startup.VersionLoggerListener log
INFO: Server built:          Dec 7 2015 13:07:11 UTC
May 12, 2016 10:07:07 PM org.apache.catalina.startup.VersionLoggerListener log
INFO: Server number:         7.0.67.0
May 12, 2016 10:07:07 PM org.apache.catalina.startup.VersionLoggerListener log
INFO: OS Name:               Linux
May 12, 2016 10:07:07 PM org.apache.catalina.startup.VersionLoggerListener log
INFO: OS Version:            2.6.32-573.22.1.el6.x86_64
May 12, 2016 10:07:07 PM org.apache.catalina.startup.VersionLoggerListener log
INFO: Architecture:          amd64
May 12, 2016 10:07:07 PM org.apache.catalina.startup.VersionLoggerListener log
INFO: Java Home:             /usr/lib/jvm/java-1.7.0-openjdk-1.7.0.101.x86_64/jre
May 12, 2016 10:07:08 PM org.apache.catalina.startup.VersionLoggerListener log
INFO: JVM Version:           1.7.0_101-mockbuild_2016_04_21_13_21-b00
May 12, 2016 10:07:08 PM org.apache.catalina.startup.VersionLoggerListener log
INFO: JVM Vendor:            Oracle Corporation
May 12, 2016 10:07:08 PM org.apache.catalina.startup.VersionLoggerListener log
INFO: CATALINA_BASE:         /var/local/apache-tomcat-7.0.67
May 12, 2016 10:07:08 PM org.apache.catalina.startup.VersionLoggerListener log
INFO: CATALINA_HOME:         /var/local/apache-tomcat-7.0.67
May 12, 2016 10:07:08 PM org.apache.catalina.startup.VersionLoggerListener log
INFO: Command line argument: -Djava.util.logging.config.file=/var/local/apache-tomcat-7.0.67/conf/logging.properties
May 12, 2016 10:07:08 PM org.apache.catalina.startup.VersionLoggerListener log
INFO: Command line argument: -Djava.util.logging.manager=org.apache.juli.ClassLoaderLogManager
May 12, 2016 10:07:08 PM org.apache.catalina.startup.VersionLoggerListener log
INFO: Command line argument: -Djava.endorsed.dirs=/var/local/apache-tomcat-7.0.67/endorsed
May 12, 2016 10:07:08 PM org.apache.catalina.startup.VersionLoggerListener log
INFO: Command line argument: -Dcatalina.base=/var/local/apache-tomcat-7.0.67
May 12, 2016 10:07:08 PM org.apache.catalina.startup.VersionLoggerListener log
INFO: Command line argument: -Dcatalina.home=/var/local/apache-tomcat-7.0.67
May 12, 2016 10:07:08 PM org.apache.catalina.startup.VersionLoggerListener log
INFO: Command line argument: -Djava.io.tmpdir=/var/local/apache-tomcat-7.0.67/temp
May 12, 2016 10:07:08 PM org.apache.catalina.core.AprLifecycleListener lifecycleEvent
INFO: The APR based Apache Tomcat Native library which allows optimal performance in production environments was not found on the java.library.path: /usr/java/packages/lib/amd64:/usr/lib64:/lib64:/lib:/usr/lib
May 12, 2016 10:07:08 PM org.apache.coyote.AbstractProtocol init
INFO: Initializing ProtocolHandler ["http-bio-8080"]
May 12, 2016 10:07:08 PM org.apache.coyote.AbstractProtocol init
INFO: Initializing ProtocolHandler ["ajp-bio-8009"]
May 12, 2016 10:07:08 PM org.apache.catalina.startup.Catalina load
INFO: Initialization processed in 1835 ms
May 12, 2016 10:07:08 PM org.apache.catalina.core.StandardService startInternal
INFO: Starting service Catalina
May 12, 2016 10:07:08 PM org.apache.catalina.core.StandardEngine startInternal
INFO: Starting Servlet Engine: Apache Tomcat/7.0.67
May 12, 2016 10:07:08 PM org.apache.catalina.startup.HostConfig deployDirectory
INFO: Deploying web application directory /var/local/apache-tomcat-7.0.67/webapps/host-manager
May 12, 2016 10:07:10 PM org.apache.catalina.startup.TldConfig execute
INFO: At least one JAR was scanned for TLDs yet contained no TLDs. Enable debug logging for this logger for a complete list of JARs that were scanned but no TLDs were found in them. Skipping unneeded JARs during scanning can improve startup time and JSP compilation time.
May 12, 2016 10:07:10 PM org.apache.catalina.startup.HostConfig deployDirectory
INFO: Deployment of web application directory /var/local/apache-tomcat-7.0.67/webapps/host-manager has finished in 2,323 ms
May 12, 2016 10:07:10 PM org.apache.catalina.startup.HostConfig deployDirectory
INFO: Deploying web application directory /var/local/apache-tomcat-7.0.67/webapps/PublicAudit
May 12, 2016 10:07:11 PM org.apache.catalina.startup.TldConfig execute
INFO: At least one JAR was scanned for TLDs yet contained no TLDs. Enable debug logging for this logger for a complete list of JARs that were scanned but no TLDs were found in them. Skipping unneeded JARs during scanning can improve startup time and JSP compilation time.
May 12, 2016 10:07:11 PM org.apache.catalina.startup.HostConfig deployDirectory
INFO: Deployment of web application directory /var/local/apache-tomcat-7.0.67/webapps/PublicAudit has finished in 909 ms
May 12, 2016 10:07:11 PM org.apache.catalina.startup.HostConfig deployDirectory
INFO: Deploying web application directory /var/local/apache-tomcat-7.0.67/webapps/examples
May 12, 2016 10:07:12 PM org.apache.catalina.startup.TldConfig execute
INFO: At least one JAR was scanned for TLDs yet contained no TLDs. Enable debug logging for this logger for a complete list of JARs that were scanned but no TLDs were found in them. Skipping unneeded JARs during scanning can improve startup time and JSP compilation time.
May 12, 2016 10:07:12 PM org.apache.catalina.startup.HostConfig deployDirectory
INFO: Deployment of web application directory /var/local/apache-tomcat-7.0.67/webapps/examples has finished in 1,190 ms
May 12, 2016 10:07:12 PM org.apache.catalina.startup.HostConfig deployDirectory
INFO: Deploying web application directory /var/local/apache-tomcat-7.0.67/webapps/docs
May 12, 2016 10:07:13 PM org.apache.catalina.startup.TldConfig execute
INFO: At least one JAR was scanned for TLDs yet contained no TLDs. Enable debug logging for this logger for a complete list of JARs that were scanned but no TLDs were found in them. Skipping unneeded JARs during scanning can improve startup time and JSP compilation time.
May 12, 2016 10:07:13 PM org.apache.catalina.startup.HostConfig deployDirectory
INFO: Deployment of web application directory /var/local/apache-tomcat-7.0.67/webapps/docs has finished in 326 ms
May 12, 2016 10:07:13 PM org.apache.catalina.startup.HostConfig deployDirectory
INFO: Deploying web application directory /var/local/apache-tomcat-7.0.67/webapps/pranay
May 12, 2016 10:07:13 PM org.apache.catalina.startup.TldConfig execute
INFO: At least one JAR was scanned for TLDs yet contained no TLDs. Enable debug logging for this logger for a complete list of JARs that were scanned but no TLDs were found in them. Skipping unneeded JARs during scanning can improve startup time and JSP compilation time.
May 12, 2016 10:07:13 PM org.apache.catalina.startup.HostConfig deployDirectory
INFO: Deployment of web application directory /var/local/apache-tomcat-7.0.67/webapps/pranay has finished in 472 ms
May 12, 2016 10:07:13 PM org.apache.catalina.startup.HostConfig deployDirectory
INFO: Deploying web application directory /var/local/apache-tomcat-7.0.67/webapps/manager
May 12, 2016 10:07:13 PM org.apache.catalina.startup.TldConfig execute
INFO: At least one JAR was scanned for TLDs yet contained no TLDs. Enable debug logging for this logger for a complete list of JARs that were scanned but no TLDs were found in them. Skipping unneeded JARs during scanning can improve startup time and JSP compilation time.
May 12, 2016 10:07:13 PM org.apache.catalina.startup.HostConfig deployDirectory
INFO: Deployment of web application directory /var/local/apache-tomcat-7.0.67/webapps/manager has finished in 278 ms
May 12, 2016 10:07:14 PM org.apache.catalina.startup.HostConfig deployDirectory
INFO: Deploying web application directory /var/local/apache-tomcat-7.0.67/webapps/samphire-portal - Openshift
May 12, 2016 10:07:14 PM org.apache.catalina.startup.TldConfig execute
INFO: At least one JAR was scanned for TLDs yet contained no TLDs. Enable debug logging for this logger for a complete list of JARs that were scanned but no TLDs were found in them. Skipping unneeded JARs during scanning can improve startup time and JSP compilation time.
May 12, 2016 10:07:14 PM org.apache.catalina.startup.HostConfig deployDirectory
INFO: Deployment of web application directory /var/local/apache-tomcat-7.0.67/webapps/samphire-portal - Openshift has finished in 257 ms
May 12, 2016 10:07:14 PM org.apache.catalina.startup.HostConfig deployDirectory
INFO: Deploying web application directory /var/local/apache-tomcat-7.0.67/webapps/woodlodge-mobile-app
May 12, 2016 10:07:14 PM org.apache.catalina.startup.TldConfig execute
INFO: At least one JAR was scanned for TLDs yet contained no TLDs. Enable debug logging for this logger for a complete list of JARs that were scanned but no TLDs were found in them. Skipping unneeded JARs during scanning can improve startup time and JSP compilation time.
May 12, 2016 10:07:14 PM org.apache.catalina.startup.HostConfig deployDirectory
INFO: Deployment of web application directory /var/local/apache-tomcat-7.0.67/webapps/woodlodge-mobile-app has finished in 172 ms
May 12, 2016 10:07:14 PM org.apache.catalina.startup.HostConfig deployDirectory
INFO: Deploying web application directory /var/local/apache-tomcat-7.0.67/webapps/activiti-rest
May 12, 2016 10:07:20 PM org.apache.catalina.startup.TldConfig execute
INFO: At least one JAR was scanned for TLDs yet contained no TLDs. Enable debug logging for this logger for a complete list of JARs that were scanned but no TLDs were found in them. Skipping unneeded JARs during scanning can improve startup time and JSP compilation time.
May 12, 2016 10:07:33 PM org.apache.catalina.startup.HostConfig deployDirectory
INFO: Deployment of web application directory /var/local/apache-tomcat-7.0.67/webapps/activiti-rest has finished in 19,512 ms
May 12, 2016 10:07:33 PM org.apache.catalina.startup.HostConfig deployDirectory
INFO: Deploying web application directory /var/local/apache-tomcat-7.0.67/webapps/activiti-explorer
May 12, 2016 10:07:39 PM org.apache.catalina.startup.TldConfig execute
INFO: At least one JAR was scanned for TLDs yet contained no TLDs. Enable debug logging for this logger for a complete list of JARs that were scanned but no TLDs were found in them. Skipping unneeded JARs during scanning can improve startup time and JSP compilation time.
May 12, 2016 10:07:53 PM org.apache.catalina.startup.HostConfig deployDirectory
INFO: Deployment of web application directory /var/local/apache-tomcat-7.0.67/webapps/activiti-explorer has finished in 19,851 ms
May 12, 2016 10:07:53 PM org.apache.catalina.startup.HostConfig deployDirectory
INFO: Deploying web application directory /var/local/apache-tomcat-7.0.67/webapps/woodlodge-portal
May 12, 2016 10:07:54 PM org.apache.catalina.startup.TldConfig execute
INFO: At least one JAR was scanned for TLDs yet contained no TLDs. Enable debug logging for this logger for a complete list of JARs that were scanned but no TLDs were found in them. Skipping unneeded JARs during scanning can improve startup time and JSP compilation time.
May 12, 2016 10:07:54 PM org.apache.catalina.startup.HostConfig deployDirectory
INFO: Deployment of web application directory /var/local/apache-tomcat-7.0.67/webapps/woodlodge-portal has finished in 490 ms
May 12, 2016 10:07:54 PM org.apache.catalina.startup.HostConfig deployDirectory
INFO: Deploying web application directory /var/local/apache-tomcat-7.0.67/webapps/ROOT
May 12, 2016 10:07:54 PM org.apache.catalina.startup.TldConfig execute
INFO: At least one JAR was scanned for TLDs yet contained no TLDs. Enable debug logging for this logger for a complete list of JARs that were scanned but no TLDs were found in them. Skipping unneeded JARs during scanning can improve startup time and JSP compilation time.
May 12, 2016 10:07:54 PM org.apache.catalina.startup.HostConfig deployDirectory
INFO: Deployment of web application directory /var/local/apache-tomcat-7.0.67/webapps/ROOT has finished in 626 ms
May 12, 2016 10:07:54 PM org.apache.catalina.startup.HostConfig deployDirectory
INFO: Deploying web application directory /var/local/apache-tomcat-7.0.67/webapps/samphire-portal
May 12, 2016 10:07:56 PM org.apache.catalina.startup.TldConfig execute
INFO: At least one JAR was scanned for TLDs yet contained no TLDs. Enable debug logging for this logger for a complete list of JARs that were scanned but no TLDs were found in them. Skipping unneeded JARs during scanning can improve startup time and JSP compilation time.
May 12, 2016 10:07:56 PM org.apache.catalina.startup.HostConfig deployDirectory
INFO: Deployment of web application directory /var/local/apache-tomcat-7.0.67/webapps/samphire-portal has finished in 1,214 ms
May 12, 2016 10:07:56 PM org.apache.catalina.startup.HostConfig deployDirectory
INFO: Deploying web application directory /var/local/apache-tomcat-7.0.67/webapps/CRM
May 12, 2016 10:07:56 PM org.apache.catalina.startup.TldConfig execute
INFO: At least one JAR was scanned for TLDs yet contained no TLDs. Enable debug logging for this logger for a complete list of JARs that were scanned but no TLDs were found in them. Skipping unneeded JARs during scanning can improve startup time and JSP compilation time.
May 12, 2016 10:07:56 PM org.apache.catalina.startup.HostConfig deployDirectory
INFO: Deployment of web application directory /var/local/apache-tomcat-7.0.67/webapps/CRM has finished in 795 ms
May 12, 2016 10:07:56 PM org.apache.coyote.AbstractProtocol start
INFO: Starting ProtocolHandler ["http-bio-8080"]
May 12, 2016 10:07:57 PM org.apache.coyote.AbstractProtocol start
INFO: Starting ProtocolHandler ["ajp-bio-8009"]
May 12, 2016 10:07:57 PM org.apache.catalina.startup.Catalina start
INFO: Server startup in 48800 ms
May 12, 2016 10:33:55 PM org.apache.catalina.core.StandardServer await
INFO: A valid shutdown command was received via the shutdown port. Stopping the Server instance.
May 12, 2016 10:33:55 PM org.apache.coyote.AbstractProtocol pause
INFO: Pausing ProtocolHandler ["http-bio-8080"]
May 12, 2016 10:33:55 PM org.apache.coyote.AbstractProtocol pause
INFO: Pausing ProtocolHandler ["ajp-bio-8009"]
May 12, 2016 10:33:55 PM org.apache.catalina.core.StandardService stopInternal
INFO: Stopping service Catalina
May 12, 2016 10:33:55 PM org.apache.catalina.loader.WebappClassLoaderBase clearReferencesThreads
SEVERE: The web application [/pranay] appears to have started a thread named [Abandoned connection cleanup thread] but has failed to stop it. This is very likely to create a memory leak.
May 12, 2016 10:33:55 PM org.apache.catalina.loader.WebappClassLoaderBase clearReferencesJdbc
SEVERE: The web application [/activiti-rest] registered the JDBC driver [org.h2.Driver] but failed to unregister it when the web application was stopped. To prevent a memory leak, the JDBC Driver has been forcibly unregistered.
May 12, 2016 10:33:55 PM org.apache.catalina.loader.WebappClassLoaderBase clearReferencesJdbc
SEVERE: The web application [/activiti-explorer] registered the JDBC driver [org.h2.Driver] but failed to unregister it when the web application was stopped. To prevent a memory leak, the JDBC Driver has been forcibly unregistered.
May 12, 2016 10:33:56 PM org.apache.catalina.loader.WebappClassLoaderBase clearReferencesJdbc
SEVERE: The web application [/PublicAudit] registered the JDBC driver [com.mysql.jdbc.Driver] but failed to unregister it when the web application was stopped. To prevent a memory leak, the JDBC Driver has been forcibly unregistered.
May 12, 2016 10:33:56 PM org.apache.catalina.loader.WebappClassLoaderBase clearReferencesThreads
SEVERE: The web application [/PublicAudit] appears to have started a thread named [Abandoned connection cleanup thread] but has failed to stop it. This is very likely to create a memory leak.
May 12, 2016 10:33:56 PM org.apache.coyote.AbstractProtocol stop
INFO: Stopping ProtocolHandler ["http-bio-8080"]
May 12, 2016 10:33:56 PM org.apache.coyote.AbstractProtocol stop
INFO: Stopping ProtocolHandler ["ajp-bio-8009"]
May 12, 2016 10:33:56 PM org.apache.coyote.AbstractProtocol destroy
INFO: Destroying ProtocolHandler ["http-bio-8080"]
May 12, 2016 10:33:56 PM org.apache.coyote.AbstractProtocol destroy
INFO: Destroying ProtocolHandler ["ajp-bio-8009"]
May 12, 2016 10:33:56 PM org.apache.catalina.loader.WebappClassLoaderBase loadClass
INFO: Illegal access: this web application instance has been stopped already.  Could not load java.lang.ThreadGroup.  The eventual following stack trace is caused by an error thrown for debugging purposes as well as to attempt to terminate the thread which caused the illegal access, and has no functional impact.
java.lang.IllegalStateException
	at org.apache.catalina.loader.WebappClassLoaderBase.loadClass(WebappClassLoaderBase.java:1747)
	at org.apache.catalina.loader.WebappClassLoaderBase.loadClass(WebappClassLoaderBase.java:1705)
	at org.h2.engine.DatabaseCloser.reset(DatabaseCloser.java:43)
	at org.h2.engine.Database.close(Database.java:1155)
	at org.h2.engine.DatabaseCloser.run(DatabaseCloser.java:80)

May 12, 2016 10:34:00 PM org.apache.catalina.startup.VersionLoggerListener log
INFO: Server version:        Apache Tomcat/7.0.67
May 12, 2016 10:34:00 PM org.apache.catalina.startup.VersionLoggerListener log
INFO: Server built:          Dec 7 2015 13:07:11 UTC
May 12, 2016 10:34:00 PM org.apache.catalina.startup.VersionLoggerListener log
INFO: Server number:         7.0.67.0
May 12, 2016 10:34:00 PM org.apache.catalina.startup.VersionLoggerListener log
INFO: OS Name:               Linux
May 12, 2016 10:34:00 PM org.apache.catalina.startup.VersionLoggerListener log
INFO: OS Version:            2.6.32-573.22.1.el6.x86_64
May 12, 2016 10:34:00 PM org.apache.catalina.startup.VersionLoggerListener log
INFO: Architecture:          amd64
May 12, 2016 10:34:00 PM org.apache.catalina.startup.VersionLoggerListener log
INFO: Java Home:             /usr/lib/jvm/java-1.7.0-openjdk-1.7.0.101.x86_64/jre
May 12, 2016 10:34:00 PM org.apache.catalina.startup.VersionLoggerListener log
INFO: JVM Version:           1.7.0_101-mockbuild_2016_04_21_13_21-b00
May 12, 2016 10:34:00 PM org.apache.catalina.startup.VersionLoggerListener log
INFO: JVM Vendor:            Oracle Corporation
May 12, 2016 10:34:00 PM org.apache.catalina.startup.VersionLoggerListener log
INFO: CATALINA_BASE:         /var/local/apache-tomcat-7.0.67
May 12, 2016 10:34:00 PM org.apache.catalina.startup.VersionLoggerListener log
INFO: CATALINA_HOME:         /var/local/apache-tomcat-7.0.67
May 12, 2016 10:34:00 PM org.apache.catalina.startup.VersionLoggerListener log
INFO: Command line argument: -Djava.util.logging.config.file=/var/local/apache-tomcat-7.0.67/conf/logging.properties
May 12, 2016 10:34:00 PM org.apache.catalina.startup.VersionLoggerListener log
INFO: Command line argument: -Djava.util.logging.manager=org.apache.juli.ClassLoaderLogManager
May 12, 2016 10:34:00 PM org.apache.catalina.startup.VersionLoggerListener log
INFO: Command line argument: -Djava.endorsed.dirs=/var/local/apache-tomcat-7.0.67/endorsed
May 12, 2016 10:34:00 PM org.apache.catalina.startup.VersionLoggerListener log
INFO: Command line argument: -Dcatalina.base=/var/local/apache-tomcat-7.0.67
May 12, 2016 10:34:00 PM org.apache.catalina.startup.VersionLoggerListener log
INFO: Command line argument: -Dcatalina.home=/var/local/apache-tomcat-7.0.67
May 12, 2016 10:34:00 PM org.apache.catalina.startup.VersionLoggerListener log
INFO: Command line argument: -Djava.io.tmpdir=/var/local/apache-tomcat-7.0.67/temp
May 12, 2016 10:34:00 PM org.apache.catalina.core.AprLifecycleListener lifecycleEvent
INFO: The APR based Apache Tomcat Native library which allows optimal performance in production environments was not found on the java.library.path: /usr/java/packages/lib/amd64:/usr/lib64:/lib64:/lib:/usr/lib
May 12, 2016 10:34:00 PM org.apache.coyote.AbstractProtocol init
INFO: Initializing ProtocolHandler ["http-bio-8080"]
May 12, 2016 10:34:00 PM org.apache.coyote.AbstractProtocol init
INFO: Initializing ProtocolHandler ["ajp-bio-8009"]
May 12, 2016 10:34:00 PM org.apache.catalina.startup.Catalina load
INFO: Initialization processed in 1932 ms
May 12, 2016 10:34:01 PM org.apache.catalina.core.StandardService startInternal
INFO: Starting service Catalina
May 12, 2016 10:34:01 PM org.apache.catalina.core.StandardEngine startInternal
INFO: Starting Servlet Engine: Apache Tomcat/7.0.67
May 12, 2016 10:34:01 PM org.apache.catalina.startup.HostConfig deployDirectory
INFO: Deploying web application directory /var/local/apache-tomcat-7.0.67/webapps/host-manager
May 12, 2016 10:34:03 PM org.apache.catalina.startup.TldConfig execute
INFO: At least one JAR was scanned for TLDs yet contained no TLDs. Enable debug logging for this logger for a complete list of JARs that were scanned but no TLDs were found in them. Skipping unneeded JARs during scanning can improve startup time and JSP compilation time.
May 12, 2016 10:34:03 PM org.apache.catalina.startup.HostConfig deployDirectory
INFO: Deployment of web application directory /var/local/apache-tomcat-7.0.67/webapps/host-manager has finished in 2,304 ms
May 12, 2016 10:34:03 PM org.apache.catalina.startup.HostConfig deployDirectory
INFO: Deploying web application directory /var/local/apache-tomcat-7.0.67/webapps/PublicAudit
May 12, 2016 10:34:04 PM org.apache.catalina.startup.TldConfig execute
INFO: At least one JAR was scanned for TLDs yet contained no TLDs. Enable debug logging for this logger for a complete list of JARs that were scanned but no TLDs were found in them. Skipping unneeded JARs during scanning can improve startup time and JSP compilation time.
May 12, 2016 10:34:04 PM org.apache.catalina.startup.HostConfig deployDirectory
INFO: Deployment of web application directory /var/local/apache-tomcat-7.0.67/webapps/PublicAudit has finished in 707 ms
May 12, 2016 10:34:04 PM org.apache.catalina.startup.HostConfig deployDirectory
INFO: Deploying web application directory /var/local/apache-tomcat-7.0.67/webapps/examples
May 12, 2016 10:34:05 PM org.apache.catalina.startup.TldConfig execute
INFO: At least one JAR was scanned for TLDs yet contained no TLDs. Enable debug logging for this logger for a complete list of JARs that were scanned but no TLDs were found in them. Skipping unneeded JARs during scanning can improve startup time and JSP compilation time.
May 12, 2016 10:34:05 PM org.apache.catalina.startup.HostConfig deployDirectory
INFO: Deployment of web application directory /var/local/apache-tomcat-7.0.67/webapps/examples has finished in 1,244 ms
May 12, 2016 10:34:05 PM org.apache.catalina.startup.HostConfig deployDirectory
INFO: Deploying web application directory /var/local/apache-tomcat-7.0.67/webapps/docs
May 12, 2016 10:34:05 PM org.apache.catalina.startup.TldConfig execute
INFO: At least one JAR was scanned for TLDs yet contained no TLDs. Enable debug logging for this logger for a complete list of JARs that were scanned but no TLDs were found in them. Skipping unneeded JARs during scanning can improve startup time and JSP compilation time.
May 12, 2016 10:34:05 PM org.apache.catalina.startup.HostConfig deployDirectory
INFO: Deployment of web application directory /var/local/apache-tomcat-7.0.67/webapps/docs has finished in 391 ms
May 12, 2016 10:34:05 PM org.apache.catalina.startup.HostConfig deployDirectory
INFO: Deploying web application directory /var/local/apache-tomcat-7.0.67/webapps/pranay
May 12, 2016 10:34:06 PM org.apache.catalina.startup.TldConfig execute
INFO: At least one JAR was scanned for TLDs yet contained no TLDs. Enable debug logging for this logger for a complete list of JARs that were scanned but no TLDs were found in them. Skipping unneeded JARs during scanning can improve startup time and JSP compilation time.
May 12, 2016 10:34:06 PM org.apache.catalina.startup.HostConfig deployDirectory
INFO: Deployment of web application directory /var/local/apache-tomcat-7.0.67/webapps/pranay has finished in 489 ms
May 12, 2016 10:34:06 PM org.apache.catalina.startup.HostConfig deployDirectory
INFO: Deploying web application directory /var/local/apache-tomcat-7.0.67/webapps/manager
May 12, 2016 10:34:06 PM org.apache.catalina.startup.TldConfig execute
INFO: At least one JAR was scanned for TLDs yet contained no TLDs. Enable debug logging for this logger for a complete list of JARs that were scanned but no TLDs were found in them. Skipping unneeded JARs during scanning can improve startup time and JSP compilation time.
May 12, 2016 10:34:06 PM org.apache.catalina.startup.HostConfig deployDirectory
INFO: Deployment of web application directory /var/local/apache-tomcat-7.0.67/webapps/manager has finished in 360 ms
May 12, 2016 10:34:06 PM org.apache.catalina.startup.HostConfig deployDirectory
INFO: Deploying web application directory /var/local/apache-tomcat-7.0.67/webapps/samphire-portal - Openshift
May 12, 2016 10:34:06 PM org.apache.catalina.startup.TldConfig execute
INFO: At least one JAR was scanned for TLDs yet contained no TLDs. Enable debug logging for this logger for a complete list of JARs that were scanned but no TLDs were found in them. Skipping unneeded JARs during scanning can improve startup time and JSP compilation time.
May 12, 2016 10:34:07 PM org.apache.catalina.startup.HostConfig deployDirectory
INFO: Deployment of web application directory /var/local/apache-tomcat-7.0.67/webapps/samphire-portal - Openshift has finished in 348 ms
May 12, 2016 10:34:07 PM org.apache.catalina.startup.HostConfig deployDirectory
INFO: Deploying web application directory /var/local/apache-tomcat-7.0.67/webapps/woodlodge-mobile-app
May 12, 2016 10:34:07 PM org.apache.catalina.startup.TldConfig execute
INFO: At least one JAR was scanned for TLDs yet contained no TLDs. Enable debug logging for this logger for a complete list of JARs that were scanned but no TLDs were found in them. Skipping unneeded JARs during scanning can improve startup time and JSP compilation time.
May 12, 2016 10:34:07 PM org.apache.catalina.startup.HostConfig deployDirectory
INFO: Deployment of web application directory /var/local/apache-tomcat-7.0.67/webapps/woodlodge-mobile-app has finished in 261 ms
May 12, 2016 10:34:07 PM org.apache.catalina.startup.HostConfig deployDirectory
INFO: Deploying web application directory /var/local/apache-tomcat-7.0.67/webapps/activiti-rest
May 12, 2016 10:34:14 PM org.apache.catalina.startup.TldConfig execute
INFO: At least one JAR was scanned for TLDs yet contained no TLDs. Enable debug logging for this logger for a complete list of JARs that were scanned but no TLDs were found in them. Skipping unneeded JARs during scanning can improve startup time and JSP compilation time.
May 12, 2016 10:34:27 PM org.apache.catalina.startup.HostConfig deployDirectory
INFO: Deployment of web application directory /var/local/apache-tomcat-7.0.67/webapps/activiti-rest has finished in 19,971 ms
May 12, 2016 10:34:27 PM org.apache.catalina.startup.HostConfig deployDirectory
INFO: Deploying web application directory /var/local/apache-tomcat-7.0.67/webapps/activiti-explorer
May 12, 2016 10:34:32 PM org.apache.catalina.startup.TldConfig execute
INFO: At least one JAR was scanned for TLDs yet contained no TLDs. Enable debug logging for this logger for a complete list of JARs that were scanned but no TLDs were found in them. Skipping unneeded JARs during scanning can improve startup time and JSP compilation time.
May 12, 2016 10:34:46 PM org.apache.catalina.startup.HostConfig deployDirectory
INFO: Deployment of web application directory /var/local/apache-tomcat-7.0.67/webapps/activiti-explorer has finished in 18,825 ms
May 12, 2016 10:34:46 PM org.apache.catalina.startup.HostConfig deployDirectory
INFO: Deploying web application directory /var/local/apache-tomcat-7.0.67/webapps/woodlodge-portal
May 12, 2016 10:34:46 PM org.apache.catalina.startup.TldConfig execute
INFO: At least one JAR was scanned for TLDs yet contained no TLDs. Enable debug logging for this logger for a complete list of JARs that were scanned but no TLDs were found in them. Skipping unneeded JARs during scanning can improve startup time and JSP compilation time.
May 12, 2016 10:34:46 PM org.apache.catalina.startup.HostConfig deployDirectory
INFO: Deployment of web application directory /var/local/apache-tomcat-7.0.67/webapps/woodlodge-portal has finished in 315 ms
May 12, 2016 10:34:46 PM org.apache.catalina.startup.HostConfig deployDirectory
INFO: Deploying web application directory /var/local/apache-tomcat-7.0.67/webapps/ROOT
May 12, 2016 10:34:46 PM org.apache.catalina.startup.TldConfig execute
INFO: At least one JAR was scanned for TLDs yet contained no TLDs. Enable debug logging for this logger for a complete list of JARs that were scanned but no TLDs were found in them. Skipping unneeded JARs during scanning can improve startup time and JSP compilation time.
May 12, 2016 10:34:46 PM org.apache.catalina.startup.HostConfig deployDirectory
INFO: Deployment of web application directory /var/local/apache-tomcat-7.0.67/webapps/ROOT has finished in 547 ms
May 12, 2016 10:34:46 PM org.apache.catalina.startup.HostConfig deployDirectory
INFO: Deploying web application directory /var/local/apache-tomcat-7.0.67/webapps/samphire-portal
May 12, 2016 10:34:47 PM org.apache.catalina.startup.TldConfig execute
INFO: At least one JAR was scanned for TLDs yet contained no TLDs. Enable debug logging for this logger for a complete list of JARs that were scanned but no TLDs were found in them. Skipping unneeded JARs during scanning can improve startup time and JSP compilation time.
May 12, 2016 10:34:47 PM org.apache.catalina.startup.HostConfig deployDirectory
INFO: Deployment of web application directory /var/local/apache-tomcat-7.0.67/webapps/samphire-portal has finished in 551 ms
May 12, 2016 10:34:47 PM org.apache.catalina.startup.HostConfig deployDirectory
INFO: Deploying web application directory /var/local/apache-tomcat-7.0.67/webapps/CRM
May 12, 2016 10:34:48 PM org.apache.catalina.startup.TldConfig execute
INFO: At least one JAR was scanned for TLDs yet contained no TLDs. Enable debug logging for this logger for a complete list of JARs that were scanned but no TLDs were found in them. Skipping unneeded JARs during scanning can improve startup time and JSP compilation time.
May 12, 2016 10:34:48 PM org.apache.catalina.startup.HostConfig deployDirectory
INFO: Deployment of web application directory /var/local/apache-tomcat-7.0.67/webapps/CRM has finished in 1,259 ms
May 12, 2016 10:34:48 PM org.apache.coyote.AbstractProtocol start
INFO: Starting ProtocolHandler ["http-bio-8080"]
May 12, 2016 10:34:48 PM org.apache.coyote.AbstractProtocol start
INFO: Starting ProtocolHandler ["ajp-bio-8009"]
May 12, 2016 10:34:48 PM org.apache.catalina.startup.Catalina start
INFO: Server startup in 47899 ms
May 12, 2016 10:53:03 PM org.apache.coyote.AbstractProtocol pause
INFO: Pausing ProtocolHandler ["http-bio-8080"]
May 12, 2016 10:53:03 PM org.apache.coyote.AbstractProtocol pause
INFO: Pausing ProtocolHandler ["ajp-bio-8009"]
May 12, 2016 10:53:03 PM org.apache.catalina.core.StandardService stopInternal
INFO: Stopping service Catalina
May 12, 2016 10:53:03 PM org.apache.catalina.loader.WebappClassLoaderBase clearReferencesThreads
SEVERE: The web application [/pranay] appears to have started a thread named [Abandoned connection cleanup thread] but has failed to stop it. This is very likely to create a memory leak.
May 12, 2016 10:53:03 PM org.apache.catalina.loader.WebappClassLoaderBase clearReferencesJdbc
SEVERE: The web application [/activiti-rest] registered the JDBC driver [org.h2.Driver] but failed to unregister it when the web application was stopped. To prevent a memory leak, the JDBC Driver has been forcibly unregistered.
May 12, 2016 10:53:04 PM org.apache.catalina.loader.WebappClassLoaderBase clearReferencesJdbc
SEVERE: The web application [/activiti-explorer] registered the JDBC driver [org.h2.Driver] but failed to unregister it when the web application was stopped. To prevent a memory leak, the JDBC Driver has been forcibly unregistered.
May 12, 2016 10:53:04 PM org.apache.catalina.loader.WebappClassLoaderBase clearReferencesThreads
SEVERE: The web application [/activiti-explorer] appears to have started a thread named [H2 Close Delay ACTIVITI] but has failed to stop it. This is very likely to create a memory leak.
May 12, 2016 10:53:04 PM org.apache.catalina.loader.WebappClassLoaderBase clearReferencesJdbc
SEVERE: The web application [/PublicAudit] registered the JDBC driver [com.mysql.jdbc.Driver] but failed to unregister it when the web application was stopped. To prevent a memory leak, the JDBC Driver has been forcibly unregistered.
May 12, 2016 10:53:04 PM org.apache.catalina.loader.WebappClassLoaderBase clearReferencesThreads
SEVERE: The web application [/PublicAudit] appears to have started a thread named [Abandoned connection cleanup thread] but has failed to stop it. This is very likely to create a memory leak.
May 12, 2016 10:53:04 PM org.apache.coyote.AbstractProtocol stop
INFO: Stopping ProtocolHandler ["http-bio-8080"]
May 12, 2016 10:53:04 PM org.apache.coyote.AbstractProtocol stop
INFO: Stopping ProtocolHandler ["ajp-bio-8009"]
May 12, 2016 10:53:04 PM org.apache.coyote.AbstractProtocol destroy
INFO: Destroying ProtocolHandler ["http-bio-8080"]
May 12, 2016 10:53:04 PM org.apache.coyote.AbstractProtocol destroy
INFO: Destroying ProtocolHandler ["ajp-bio-8009"]
