May 12, 2016 8:38:00 PM org.apache.catalina.core.ApplicationContext log
INFO: ContextListener: contextInitialized()
May 12, 2016 8:38:00 PM org.apache.catalina.core.ApplicationContext log
INFO: SessionListener: contextInitialized()
May 12, 2016 8:38:00 PM org.apache.catalina.core.ApplicationContext log
INFO: ContextListener: attributeAdded('org.apache.jasper.compiler.TldLocationsCache', 'org.apache.jasper.compiler.TldLocationsCache@3a67ba87')
May 12, 2016 8:38:37 PM org.apache.catalina.core.ApplicationContext log
INFO: No Spring WebApplicationInitializer types detected on classpath
May 12, 2016 8:38:38 PM org.apache.catalina.core.ApplicationContext log
INFO: Initializing Spring root WebApplicationContext
May 12, 2016 8:38:55 PM org.apache.catalina.core.ApplicationContext log
SEVERE: StandardWrapper.Throwable
java.lang.StringIndexOutOfBoundsException: String index out of range: -1
	at java.lang.String.substring(String.java:1911)
	at com.dts.core.util.LoggerManager.getLogger(LoggerManager.java:29)
	at com.dts.core.util.InitServlet.init(InitServlet.java:37)
	at org.apache.catalina.core.StandardWrapper.initServlet(StandardWrapper.java:1284)
	at org.apache.catalina.core.StandardWrapper.loadServlet(StandardWrapper.java:1197)
	at org.apache.catalina.core.StandardWrapper.load(StandardWrapper.java:1087)
	at org.apache.catalina.core.StandardContext.loadOnStartup(StandardContext.java:5327)
	at org.apache.catalina.core.StandardContext.startInternal(StandardContext.java:5617)
	at org.apache.catalina.util.LifecycleBase.start(LifecycleBase.java:150)
	at org.apache.catalina.core.ContainerBase.addChildInternal(ContainerBase.java:901)
	at org.apache.catalina.core.ContainerBase.addChild(ContainerBase.java:877)
	at org.apache.catalina.core.StandardHost.addChild(StandardHost.java:652)
	at org.apache.catalina.startup.HostConfig.deployDirectory(HostConfig.java:1263)
	at org.apache.catalina.startup.HostConfig$DeployDirectory.run(HostConfig.java:1975)
	at java.util.concurrent.Executors$RunnableAdapter.call(Executors.java:471)
	at java.util.concurrent.FutureTask.run(FutureTask.java:262)
	at java.util.concurrent.ThreadPoolExecutor.runWorker(ThreadPoolExecutor.java:1145)
	at java.util.concurrent.ThreadPoolExecutor$Worker.run(ThreadPoolExecutor.java:615)
	at java.lang.Thread.run(Thread.java:745)

May 12, 2016 8:38:55 PM org.apache.catalina.core.StandardContext loadOnStartup
SEVERE: Servlet [InitServlet] in web application [/CRM] threw load() exception
java.lang.StringIndexOutOfBoundsException: String index out of range: -1
	at java.lang.String.substring(String.java:1911)
	at com.dts.core.util.LoggerManager.getLogger(LoggerManager.java:29)
	at com.dts.core.util.InitServlet.init(InitServlet.java:37)
	at org.apache.catalina.core.StandardWrapper.initServlet(StandardWrapper.java:1284)
	at org.apache.catalina.core.StandardWrapper.loadServlet(StandardWrapper.java:1197)
	at org.apache.catalina.core.StandardWrapper.load(StandardWrapper.java:1087)
	at org.apache.catalina.core.StandardContext.loadOnStartup(StandardContext.java:5327)
	at org.apache.catalina.core.StandardContext.startInternal(StandardContext.java:5617)
	at org.apache.catalina.util.LifecycleBase.start(LifecycleBase.java:150)
	at org.apache.catalina.core.ContainerBase.addChildInternal(ContainerBase.java:901)
	at org.apache.catalina.core.ContainerBase.addChild(ContainerBase.java:877)
	at org.apache.catalina.core.StandardHost.addChild(StandardHost.java:652)
	at org.apache.catalina.startup.HostConfig.deployDirectory(HostConfig.java:1263)
	at org.apache.catalina.startup.HostConfig$DeployDirectory.run(HostConfig.java:1975)
	at java.util.concurrent.Executors$RunnableAdapter.call(Executors.java:471)
	at java.util.concurrent.FutureTask.run(FutureTask.java:262)
	at java.util.concurrent.ThreadPoolExecutor.runWorker(ThreadPoolExecutor.java:1145)
	at java.util.concurrent.ThreadPoolExecutor$Worker.run(ThreadPoolExecutor.java:615)
	at java.lang.Thread.run(Thread.java:745)

May 12, 2016 9:56:27 PM org.apache.catalina.core.ApplicationContext log
INFO: Closing Spring root WebApplicationContext
May 12, 2016 9:56:28 PM org.apache.catalina.core.ApplicationContext log
INFO: SessionListener: contextDestroyed()
May 12, 2016 9:56:28 PM org.apache.catalina.core.ApplicationContext log
INFO: ContextListener: contextDestroyed()
May 12, 2016 9:56:51 PM org.apache.catalina.core.ApplicationContext log
INFO: ContextListener: contextInitialized()
May 12, 2016 9:56:51 PM org.apache.catalina.core.ApplicationContext log
INFO: SessionListener: contextInitialized()
May 12, 2016 9:56:51 PM org.apache.catalina.core.ApplicationContext log
INFO: ContextListener: attributeAdded('org.apache.jasper.compiler.TldLocationsCache', 'org.apache.jasper.compiler.TldLocationsCache@28d2e4ce')
May 12, 2016 9:57:19 PM org.apache.catalina.core.ApplicationContext log
INFO: No Spring WebApplicationInitializer types detected on classpath
May 12, 2016 9:57:20 PM org.apache.catalina.core.ApplicationContext log
INFO: Initializing Spring root WebApplicationContext
May 12, 2016 9:57:36 PM org.apache.catalina.core.ApplicationContext log
SEVERE: StandardWrapper.Throwable
java.lang.StringIndexOutOfBoundsException: String index out of range: -1
	at java.lang.String.substring(String.java:1911)
	at com.dts.core.util.LoggerManager.getLogger(LoggerManager.java:29)
	at com.dts.core.util.InitServlet.init(InitServlet.java:37)
	at org.apache.catalina.core.StandardWrapper.initServlet(StandardWrapper.java:1284)
	at org.apache.catalina.core.StandardWrapper.loadServlet(StandardWrapper.java:1197)
	at org.apache.catalina.core.StandardWrapper.load(StandardWrapper.java:1087)
	at org.apache.catalina.core.StandardContext.loadOnStartup(StandardContext.java:5327)
	at org.apache.catalina.core.StandardContext.startInternal(StandardContext.java:5617)
	at org.apache.catalina.util.LifecycleBase.start(LifecycleBase.java:150)
	at org.apache.catalina.core.ContainerBase.addChildInternal(ContainerBase.java:901)
	at org.apache.catalina.core.ContainerBase.addChild(ContainerBase.java:877)
	at org.apache.catalina.core.StandardHost.addChild(StandardHost.java:652)
	at org.apache.catalina.startup.HostConfig.deployDirectory(HostConfig.java:1263)
	at org.apache.catalina.startup.HostConfig$DeployDirectory.run(HostConfig.java:1975)
	at java.util.concurrent.Executors$RunnableAdapter.call(Executors.java:471)
	at java.util.concurrent.FutureTask.run(FutureTask.java:262)
	at java.util.concurrent.ThreadPoolExecutor.runWorker(ThreadPoolExecutor.java:1145)
	at java.util.concurrent.ThreadPoolExecutor$Worker.run(ThreadPoolExecutor.java:615)
	at java.lang.Thread.run(Thread.java:745)

May 12, 2016 9:57:36 PM org.apache.catalina.core.StandardContext loadOnStartup
SEVERE: Servlet [InitServlet] in web application [/CRM] threw load() exception
java.lang.StringIndexOutOfBoundsException: String index out of range: -1
	at java.lang.String.substring(String.java:1911)
	at com.dts.core.util.LoggerManager.getLogger(LoggerManager.java:29)
	at com.dts.core.util.InitServlet.init(InitServlet.java:37)
	at org.apache.catalina.core.StandardWrapper.initServlet(StandardWrapper.java:1284)
	at org.apache.catalina.core.StandardWrapper.loadServlet(StandardWrapper.java:1197)
	at org.apache.catalina.core.StandardWrapper.load(StandardWrapper.java:1087)
	at org.apache.catalina.core.StandardContext.loadOnStartup(StandardContext.java:5327)
	at org.apache.catalina.core.StandardContext.startInternal(StandardContext.java:5617)
	at org.apache.catalina.util.LifecycleBase.start(LifecycleBase.java:150)
	at org.apache.catalina.core.ContainerBase.addChildInternal(ContainerBase.java:901)
	at org.apache.catalina.core.ContainerBase.addChild(ContainerBase.java:877)
	at org.apache.catalina.core.StandardHost.addChild(StandardHost.java:652)
	at org.apache.catalina.startup.HostConfig.deployDirectory(HostConfig.java:1263)
	at org.apache.catalina.startup.HostConfig$DeployDirectory.run(HostConfig.java:1975)
	at java.util.concurrent.Executors$RunnableAdapter.call(Executors.java:471)
	at java.util.concurrent.FutureTask.run(FutureTask.java:262)
	at java.util.concurrent.ThreadPoolExecutor.runWorker(ThreadPoolExecutor.java:1145)
	at java.util.concurrent.ThreadPoolExecutor$Worker.run(ThreadPoolExecutor.java:615)
	at java.lang.Thread.run(Thread.java:745)

May 12, 2016 10:07:02 PM org.apache.catalina.core.ApplicationContext log
INFO: Closing Spring root WebApplicationContext
May 12, 2016 10:07:02 PM org.apache.catalina.core.ApplicationContext log
INFO: SessionListener: contextDestroyed()
May 12, 2016 10:07:02 PM org.apache.catalina.core.ApplicationContext log
INFO: ContextListener: contextDestroyed()
May 12, 2016 10:07:12 PM org.apache.catalina.core.ApplicationContext log
INFO: ContextListener: contextInitialized()
May 12, 2016 10:07:12 PM org.apache.catalina.core.ApplicationContext log
INFO: SessionListener: contextInitialized()
May 12, 2016 10:07:12 PM org.apache.catalina.core.ApplicationContext log
INFO: ContextListener: attributeAdded('org.apache.jasper.compiler.TldLocationsCache', 'org.apache.jasper.compiler.TldLocationsCache@be4481b')
May 12, 2016 10:07:39 PM org.apache.catalina.core.ApplicationContext log
INFO: No Spring WebApplicationInitializer types detected on classpath
May 12, 2016 10:07:39 PM org.apache.catalina.core.ApplicationContext log
INFO: Initializing Spring root WebApplicationContext
May 12, 2016 10:07:56 PM org.apache.catalina.core.ApplicationContext log
SEVERE: StandardWrapper.Throwable
java.lang.StringIndexOutOfBoundsException: String index out of range: -1
	at java.lang.String.substring(String.java:1911)
	at com.dts.core.util.LoggerManager.getLogger(LoggerManager.java:29)
	at com.dts.core.util.InitServlet.init(InitServlet.java:37)
	at org.apache.catalina.core.StandardWrapper.initServlet(StandardWrapper.java:1284)
	at org.apache.catalina.core.StandardWrapper.loadServlet(StandardWrapper.java:1197)
	at org.apache.catalina.core.StandardWrapper.load(StandardWrapper.java:1087)
	at org.apache.catalina.core.StandardContext.loadOnStartup(StandardContext.java:5327)
	at org.apache.catalina.core.StandardContext.startInternal(StandardContext.java:5617)
	at org.apache.catalina.util.LifecycleBase.start(LifecycleBase.java:150)
	at org.apache.catalina.core.ContainerBase.addChildInternal(ContainerBase.java:901)
	at org.apache.catalina.core.ContainerBase.addChild(ContainerBase.java:877)
	at org.apache.catalina.core.StandardHost.addChild(StandardHost.java:652)
	at org.apache.catalina.startup.HostConfig.deployDirectory(HostConfig.java:1263)
	at org.apache.catalina.startup.HostConfig$DeployDirectory.run(HostConfig.java:1975)
	at java.util.concurrent.Executors$RunnableAdapter.call(Executors.java:471)
	at java.util.concurrent.FutureTask.run(FutureTask.java:262)
	at java.util.concurrent.ThreadPoolExecutor.runWorker(ThreadPoolExecutor.java:1145)
	at java.util.concurrent.ThreadPoolExecutor$Worker.run(ThreadPoolExecutor.java:615)
	at java.lang.Thread.run(Thread.java:745)

May 12, 2016 10:07:56 PM org.apache.catalina.core.StandardContext loadOnStartup
SEVERE: Servlet [InitServlet] in web application [/CRM] threw load() exception
java.lang.StringIndexOutOfBoundsException: String index out of range: -1
	at java.lang.String.substring(String.java:1911)
	at com.dts.core.util.LoggerManager.getLogger(LoggerManager.java:29)
	at com.dts.core.util.InitServlet.init(InitServlet.java:37)
	at org.apache.catalina.core.StandardWrapper.initServlet(StandardWrapper.java:1284)
	at org.apache.catalina.core.StandardWrapper.loadServlet(StandardWrapper.java:1197)
	at org.apache.catalina.core.StandardWrapper.load(StandardWrapper.java:1087)
	at org.apache.catalina.core.StandardContext.loadOnStartup(StandardContext.java:5327)
	at org.apache.catalina.core.StandardContext.startInternal(StandardContext.java:5617)
	at org.apache.catalina.util.LifecycleBase.start(LifecycleBase.java:150)
	at org.apache.catalina.core.ContainerBase.addChildInternal(ContainerBase.java:901)
	at org.apache.catalina.core.ContainerBase.addChild(ContainerBase.java:877)
	at org.apache.catalina.core.StandardHost.addChild(StandardHost.java:652)
	at org.apache.catalina.startup.HostConfig.deployDirectory(HostConfig.java:1263)
	at org.apache.catalina.startup.HostConfig$DeployDirectory.run(HostConfig.java:1975)
	at java.util.concurrent.Executors$RunnableAdapter.call(Executors.java:471)
	at java.util.concurrent.FutureTask.run(FutureTask.java:262)
	at java.util.concurrent.ThreadPoolExecutor.runWorker(ThreadPoolExecutor.java:1145)
	at java.util.concurrent.ThreadPoolExecutor$Worker.run(ThreadPoolExecutor.java:615)
	at java.lang.Thread.run(Thread.java:745)

May 12, 2016 10:33:55 PM org.apache.catalina.core.ApplicationContext log
INFO: Closing Spring root WebApplicationContext
May 12, 2016 10:33:56 PM org.apache.catalina.core.ApplicationContext log
INFO: SessionListener: contextDestroyed()
May 12, 2016 10:33:56 PM org.apache.catalina.core.ApplicationContext log
INFO: ContextListener: contextDestroyed()
May 12, 2016 10:34:05 PM org.apache.catalina.core.ApplicationContext log
INFO: ContextListener: contextInitialized()
May 12, 2016 10:34:05 PM org.apache.catalina.core.ApplicationContext log
INFO: SessionListener: contextInitialized()
May 12, 2016 10:34:05 PM org.apache.catalina.core.ApplicationContext log
INFO: ContextListener: attributeAdded('org.apache.jasper.compiler.TldLocationsCache', 'org.apache.jasper.compiler.TldLocationsCache@3847398b')
May 12, 2016 10:34:32 PM org.apache.catalina.core.ApplicationContext log
INFO: No Spring WebApplicationInitializer types detected on classpath
May 12, 2016 10:34:32 PM org.apache.catalina.core.ApplicationContext log
INFO: Initializing Spring root WebApplicationContext
May 12, 2016 10:34:48 PM org.apache.catalina.core.ApplicationContext log
SEVERE: StandardWrapper.Throwable
java.lang.StringIndexOutOfBoundsException: String index out of range: -1
	at java.lang.String.substring(String.java:1911)
	at com.dts.core.util.LoggerManager.getLogger(LoggerManager.java:29)
	at com.dts.core.util.InitServlet.init(InitServlet.java:37)
	at org.apache.catalina.core.StandardWrapper.initServlet(StandardWrapper.java:1284)
	at org.apache.catalina.core.StandardWrapper.loadServlet(StandardWrapper.java:1197)
	at org.apache.catalina.core.StandardWrapper.load(StandardWrapper.java:1087)
	at org.apache.catalina.core.StandardContext.loadOnStartup(StandardContext.java:5327)
	at org.apache.catalina.core.StandardContext.startInternal(StandardContext.java:5617)
	at org.apache.catalina.util.LifecycleBase.start(LifecycleBase.java:150)
	at org.apache.catalina.core.ContainerBase.addChildInternal(ContainerBase.java:901)
	at org.apache.catalina.core.ContainerBase.addChild(ContainerBase.java:877)
	at org.apache.catalina.core.StandardHost.addChild(StandardHost.java:652)
	at org.apache.catalina.startup.HostConfig.deployDirectory(HostConfig.java:1263)
	at org.apache.catalina.startup.HostConfig$DeployDirectory.run(HostConfig.java:1975)
	at java.util.concurrent.Executors$RunnableAdapter.call(Executors.java:471)
	at java.util.concurrent.FutureTask.run(FutureTask.java:262)
	at java.util.concurrent.ThreadPoolExecutor.runWorker(ThreadPoolExecutor.java:1145)
	at java.util.concurrent.ThreadPoolExecutor$Worker.run(ThreadPoolExecutor.java:615)
	at java.lang.Thread.run(Thread.java:745)

May 12, 2016 10:34:48 PM org.apache.catalina.core.StandardContext loadOnStartup
SEVERE: Servlet [InitServlet] in web application [/CRM] threw load() exception
java.lang.StringIndexOutOfBoundsException: String index out of range: -1
	at java.lang.String.substring(String.java:1911)
	at com.dts.core.util.LoggerManager.getLogger(LoggerManager.java:29)
	at com.dts.core.util.InitServlet.init(InitServlet.java:37)
	at org.apache.catalina.core.StandardWrapper.initServlet(StandardWrapper.java:1284)
	at org.apache.catalina.core.StandardWrapper.loadServlet(StandardWrapper.java:1197)
	at org.apache.catalina.core.StandardWrapper.load(StandardWrapper.java:1087)
	at org.apache.catalina.core.StandardContext.loadOnStartup(StandardContext.java:5327)
	at org.apache.catalina.core.StandardContext.startInternal(StandardContext.java:5617)
	at org.apache.catalina.util.LifecycleBase.start(LifecycleBase.java:150)
	at org.apache.catalina.core.ContainerBase.addChildInternal(ContainerBase.java:901)
	at org.apache.catalina.core.ContainerBase.addChild(ContainerBase.java:877)
	at org.apache.catalina.core.StandardHost.addChild(StandardHost.java:652)
	at org.apache.catalina.startup.HostConfig.deployDirectory(HostConfig.java:1263)
	at org.apache.catalina.startup.HostConfig$DeployDirectory.run(HostConfig.java:1975)
	at java.util.concurrent.Executors$RunnableAdapter.call(Executors.java:471)
	at java.util.concurrent.FutureTask.run(FutureTask.java:262)
	at java.util.concurrent.ThreadPoolExecutor.runWorker(ThreadPoolExecutor.java:1145)
	at java.util.concurrent.ThreadPoolExecutor$Worker.run(ThreadPoolExecutor.java:615)
	at java.lang.Thread.run(Thread.java:745)

May 12, 2016 10:53:03 PM org.apache.catalina.core.ApplicationContext log
INFO: Closing Spring root WebApplicationContext
May 12, 2016 10:53:04 PM org.apache.catalina.core.ApplicationContext log
INFO: SessionListener: contextDestroyed()
May 12, 2016 10:53:04 PM org.apache.catalina.core.ApplicationContext log
INFO: ContextListener: contextDestroyed()
