May 03, 2016 7:26:41 PM org.apache.catalina.core.ApplicationContext log
INFO: HTMLManager: init: Associated with Deployer 'Catalina:type=Deployer,host=localhost'
May 03, 2016 7:26:41 PM org.apache.catalina.core.ApplicationContext log
INFO: HTMLManager: init: Global resources are available
May 03, 2016 7:26:41 PM org.apache.catalina.core.ApplicationContext log
INFO: HTMLManager: list: Listing contexts for virtual host 'localhost'
May 03, 2016 7:27:13 PM org.apache.catalina.core.ApplicationContext log
INFO: HTMLManager: stop: Stopping web application '/CRM'
May 03, 2016 7:27:13 PM org.apache.catalina.core.ApplicationContext log
INFO: HTMLManager: list: Listing contexts for virtual host 'localhost'
May 03, 2016 7:27:31 PM org.apache.catalina.core.ApplicationContext log
INFO: HTMLManager: start: Starting web application '/CRM'
May 03, 2016 7:27:31 PM org.apache.catalina.core.ApplicationContext log
INFO: HTMLManager: list: Listing contexts for virtual host 'localhost'
May 03, 2016 7:38:06 PM org.apache.catalina.core.ApplicationContext log
INFO: HTMLManager: list: Listing contexts for virtual host 'localhost'
May 03, 2016 7:57:14 PM org.apache.catalina.core.ApplicationContext log
INFO: HTMLManager: list: Listing contexts for virtual host 'localhost'
May 03, 2016 7:57:24 PM org.apache.catalina.core.ApplicationContext log
INFO: HTMLManager: restart: Reloading web application '/beer_new'
May 03, 2016 7:57:24 PM org.apache.catalina.core.ApplicationContext log
INFO: HTMLManager: list: Listing contexts for virtual host 'localhost'
May 03, 2016 7:57:30 PM org.apache.catalina.core.ApplicationContext log
INFO: HTMLManager: restart: Reloading web application '/hello'
May 03, 2016 7:57:31 PM org.apache.catalina.core.ApplicationContext log
INFO: HTMLManager: list: Listing contexts for virtual host 'localhost'
May 03, 2016 8:00:40 PM org.apache.catalina.core.ApplicationContext log
INFO: HTMLManager: undeploy: Undeploying web application at '/beer_new'
May 03, 2016 8:00:40 PM org.apache.catalina.core.ApplicationContext log
INFO: HTMLManager: list: Listing contexts for virtual host 'localhost'
May 03, 2016 8:00:49 PM org.apache.catalina.core.ApplicationContext log
INFO: HTMLManager: undeploy: Undeploying web application at '/hello'
May 03, 2016 8:00:49 PM org.apache.catalina.core.ApplicationContext log
INFO: HTMLManager: list: Listing contexts for virtual host 'localhost'
May 03, 2016 8:29:12 PM org.apache.catalina.core.ApplicationContext log
INFO: HTMLManager: undeploy: Undeploying web application at '/hello'
May 03, 2016 8:29:12 PM org.apache.catalina.core.ApplicationContext log
INFO: HTMLManager: list: Listing contexts for virtual host 'localhost'
May 03, 2016 8:29:47 PM org.apache.catalina.core.ApplicationContext log
INFO: HTMLManager: undeploy: Undeploying web application at '/hello'
May 03, 2016 8:29:47 PM org.apache.catalina.core.ApplicationContext log
INFO: HTMLManager: list: Listing contexts for virtual host 'localhost'
